0 verbose cli C:\Program Files\nodejs\node.exe C:\Users\denni\AppData\Roaming\npm\node_modules\npm\bin\npm-cli.js
1 info using npm@11.2.0
2 info using node@v22.14.0
3 silly config load:file:C:\Users\denni\AppData\Roaming\npm\node_modules\npm\npmrc
4 silly config load:file:E:\lb-news\.npmrc
5 silly config load:file:C:\Users\denni\.npmrc
6 silly config load:file:C:\Users\denni\AppData\Roaming\npm\etc\npmrc
7 verbose title npm i
8 verbose argv "i"
9 verbose logfile logs-max:10 dir:E:\lb-news\npm-cache\_logs\2025-04-06T06_49_19_374Z-
10 verbose logfile E:\lb-news\npm-cache\_logs\2025-04-06T06_49_19_374Z-debug-0.log
11 silly logfile start cleaning logs, removing 1 files
12 silly packumentCache heap:2197815296 maxSize:549453824 maxEntrySize:274726912
13 silly logfile done cleaning log files
14 silly idealTree buildDeps
15 silly reify moves {}
16 silly audit bulk request {
16 silly audit   '@alloc/quick-lru': [ '5.2.0' ],
16 silly audit   '@ampproject/remapping': [ '2.3.0' ],
16 silly audit   '@babel/code-frame': [ '7.26.2' ],
16 silly audit   '@babel/compat-data': [ '7.26.8' ],
16 silly audit   '@babel/core': [ '7.26.10' ],
16 silly audit   semver: [ '6.3.1', '7.7.1' ],
16 silly audit   '@babel/generator': [ '7.27.0' ],
16 silly audit   '@babel/helper-annotate-as-pure': [ '7.25.9' ],
16 silly audit   '@babel/helper-compilation-targets': [ '7.27.0' ],
16 silly audit   '@babel/helper-create-class-features-plugin': [ '7.27.0' ],
16 silly audit   '@babel/helper-create-regexp-features-plugin': [ '7.27.0' ],
16 silly audit   '@babel/helper-define-polyfill-provider': [ '0.6.4' ],
16 silly audit   '@babel/helper-member-expression-to-functions': [ '7.25.9' ],
16 silly audit   '@babel/helper-module-imports': [ '7.25.9' ],
16 silly audit   '@babel/helper-module-transforms': [ '7.26.0' ],
16 silly audit   '@babel/helper-optimise-call-expression': [ '7.25.9' ],
16 silly audit   '@babel/helper-plugin-utils': [ '7.26.5' ],
16 silly audit   '@babel/helper-remap-async-to-generator': [ '7.25.9' ],
16 silly audit   '@babel/helper-replace-supers': [ '7.26.5' ],
16 silly audit   '@babel/helper-skip-transparent-expression-wrappers': [ '7.25.9' ],
16 silly audit   '@babel/helper-string-parser': [ '7.25.9' ],
16 silly audit   '@babel/helper-validator-identifier': [ '7.25.9' ],
16 silly audit   '@babel/helper-validator-option': [ '7.25.9' ],
16 silly audit   '@babel/helper-wrap-function': [ '7.25.9' ],
16 silly audit   '@babel/helpers': [ '7.27.0' ],
16 silly audit   '@babel/parser': [ '7.27.0' ],
16 silly audit   '@babel/plugin-bugfix-firefox-class-in-computed-class-key': [ '7.25.9' ],
16 silly audit   '@babel/plugin-bugfix-safari-class-field-initializer-scope': [ '7.25.9' ],
16 silly audit   '@babel/plugin-bugfix-safari-id-destructuring-collision-in-function-expression': [ '7.25.9' ],
16 silly audit   '@babel/plugin-bugfix-v8-spread-parameters-in-optional-chaining': [ '7.25.9' ],
16 silly audit   '@babel/plugin-bugfix-v8-static-class-fields-redefine-readonly': [ '7.25.9' ],
16 silly audit   '@babel/plugin-proposal-private-property-in-object': [ '7.21.0-placeholder-for-preset-env.2' ],
16 silly audit   '@babel/plugin-syntax-import-assertions': [ '7.26.0' ],
16 silly audit   '@babel/plugin-syntax-import-attributes': [ '7.26.0' ],
16 silly audit   '@babel/plugin-syntax-jsx': [ '7.25.9' ],
16 silly audit   '@babel/plugin-syntax-typescript': [ '7.25.9' ],
16 silly audit   '@babel/plugin-syntax-unicode-sets-regex': [ '7.18.6' ],
16 silly audit   '@babel/plugin-transform-arrow-functions': [ '7.25.9' ],
16 silly audit   '@babel/plugin-transform-async-generator-functions': [ '7.26.8' ],
16 silly audit   '@babel/plugin-transform-async-to-generator': [ '7.25.9' ],
16 silly audit   '@babel/plugin-transform-block-scoped-functions': [ '7.26.5' ],
16 silly audit   '@babel/plugin-transform-block-scoping': [ '7.27.0' ],
16 silly audit   '@babel/plugin-transform-class-properties': [ '7.25.9' ],
16 silly audit   '@babel/plugin-transform-class-static-block': [ '7.26.0' ],
16 silly audit   '@babel/plugin-transform-classes': [ '7.25.9' ],
16 silly audit   '@babel/plugin-transform-computed-properties': [ '7.25.9' ],
16 silly audit   '@babel/plugin-transform-destructuring': [ '7.25.9' ],
16 silly audit   '@babel/plugin-transform-dotall-regex': [ '7.25.9' ],
16 silly audit   '@babel/plugin-transform-duplicate-keys': [ '7.25.9' ],
16 silly audit   '@babel/plugin-transform-duplicate-named-capturing-groups-regex': [ '7.25.9' ],
16 silly audit   '@babel/plugin-transform-dynamic-import': [ '7.25.9' ],
16 silly audit   '@babel/plugin-transform-exponentiation-operator': [ '7.26.3' ],
16 silly audit   '@babel/plugin-transform-export-namespace-from': [ '7.25.9' ],
16 silly audit   '@babel/plugin-transform-for-of': [ '7.26.9' ],
16 silly audit   '@babel/plugin-transform-function-name': [ '7.25.9' ],
16 silly audit   '@babel/plugin-transform-json-strings': [ '7.25.9' ],
16 silly audit   '@babel/plugin-transform-literals': [ '7.25.9' ],
16 silly audit   '@babel/plugin-transform-logical-assignment-operators': [ '7.25.9' ],
16 silly audit   '@babel/plugin-transform-member-expression-literals': [ '7.25.9' ],
16 silly audit   '@babel/plugin-transform-modules-amd': [ '7.25.9' ],
16 silly audit   '@babel/plugin-transform-modules-commonjs': [ '7.26.3' ],
16 silly audit   '@babel/plugin-transform-modules-systemjs': [ '7.25.9' ],
16 silly audit   '@babel/plugin-transform-modules-umd': [ '7.25.9' ],
16 silly audit   '@babel/plugin-transform-named-capturing-groups-regex': [ '7.25.9' ],
16 silly audit   '@babel/plugin-transform-new-target': [ '7.25.9' ],
16 silly audit   '@babel/plugin-transform-nullish-coalescing-operator': [ '7.26.6' ],
16 silly audit   '@babel/plugin-transform-numeric-separator': [ '7.25.9' ],
16 silly audit   '@babel/plugin-transform-object-rest-spread': [ '7.25.9' ],
16 silly audit   '@babel/plugin-transform-object-super': [ '7.25.9' ],
16 silly audit   '@babel/plugin-transform-optional-catch-binding': [ '7.25.9' ],
16 silly audit   '@babel/plugin-transform-optional-chaining': [ '7.25.9' ],
16 silly audit   '@babel/plugin-transform-parameters': [ '7.25.9' ],
16 silly audit   '@babel/plugin-transform-private-methods': [ '7.25.9' ],
16 silly audit   '@babel/plugin-transform-private-property-in-object': [ '7.25.9' ],
16 silly audit   '@babel/plugin-transform-property-literals': [ '7.25.9' ],
16 silly audit   '@babel/plugin-transform-react-constant-elements': [ '7.25.9' ],
16 silly audit   '@babel/plugin-transform-react-display-name': [ '7.25.9' ],
16 silly audit   '@babel/plugin-transform-react-jsx': [ '7.25.9' ],
16 silly audit   '@babel/plugin-transform-react-jsx-development': [ '7.25.9' ],
16 silly audit   '@babel/plugin-transform-react-pure-annotations': [ '7.25.9' ],
16 silly audit   '@babel/plugin-transform-regenerator': [ '7.27.0' ],
16 silly audit   '@babel/plugin-transform-regexp-modifiers': [ '7.26.0' ],
16 silly audit   '@babel/plugin-transform-reserved-words': [ '7.25.9' ],
16 silly audit   '@babel/plugin-transform-shorthand-properties': [ '7.25.9' ],
16 silly audit   '@babel/plugin-transform-spread': [ '7.25.9' ],
16 silly audit   '@babel/plugin-transform-sticky-regex': [ '7.25.9' ],
16 silly audit   '@babel/plugin-transform-template-literals': [ '7.26.8' ],
16 silly audit   '@babel/plugin-transform-typeof-symbol': [ '7.27.0' ],
16 silly audit   '@babel/plugin-transform-typescript': [ '7.27.0' ],
16 silly audit   '@babel/plugin-transform-unicode-escapes': [ '7.25.9' ],
16 silly audit   '@babel/plugin-transform-unicode-property-regex': [ '7.25.9' ],
16 silly audit   '@babel/plugin-transform-unicode-regex': [ '7.25.9' ],
16 silly audit   '@babel/plugin-transform-unicode-sets-regex': [ '7.25.9' ],
16 silly audit   '@babel/preset-env': [ '7.26.9' ],
16 silly audit   '@babel/preset-modules': [ '0.1.6-no-external-plugins' ],
16 silly audit   '@babel/preset-react': [ '7.26.3' ],
16 silly audit   '@babel/preset-typescript': [ '7.27.0' ],
16 silly audit   '@babel/runtime': [ '7.27.0' ],
16 silly audit   '@babel/template': [ '7.27.0' ],
16 silly audit   '@babel/traverse': [ '7.27.0' ],
16 silly audit   '@babel/types': [ '7.27.0' ],
16 silly audit   '@emnapi/runtime': [ '1.4.0' ],
16 silly audit   '@formatjs/intl-localematcher': [ '0.6.1' ],
16 silly audit   '@img/sharp-darwin-arm64': [ '0.33.5' ],
16 silly audit   '@img/sharp-darwin-x64': [ '0.33.5' ],
16 silly audit   '@img/sharp-libvips-darwin-arm64': [ '1.0.4' ],
16 silly audit   '@img/sharp-libvips-darwin-x64': [ '1.0.4' ],
16 silly audit   '@img/sharp-libvips-linux-arm': [ '1.0.5' ],
16 silly audit   '@img/sharp-libvips-linux-arm64': [ '1.0.4' ],
16 silly audit   '@img/sharp-libvips-linux-s390x': [ '1.0.4' ],
16 silly audit   '@img/sharp-libvips-linux-x64': [ '1.0.4' ],
16 silly audit   '@img/sharp-libvips-linuxmusl-arm64': [ '1.0.4' ],
16 silly audit   '@img/sharp-libvips-linuxmusl-x64': [ '1.0.4' ],
16 silly audit   '@img/sharp-linux-arm': [ '0.33.5' ],
16 silly audit   '@img/sharp-linux-arm64': [ '0.33.5' ],
16 silly audit   '@img/sharp-linux-s390x': [ '0.33.5' ],
16 silly audit   '@img/sharp-linux-x64': [ '0.33.5' ],
16 silly audit   '@img/sharp-linuxmusl-arm64': [ '0.33.5' ],
16 silly audit   '@img/sharp-linuxmusl-x64': [ '0.33.5' ],
16 silly audit   '@img/sharp-wasm32': [ '0.33.5' ],
16 silly audit   '@img/sharp-win32-ia32': [ '0.33.5' ],
16 silly audit   '@img/sharp-win32-x64': [ '0.33.5' ],
16 silly audit   '@isaacs/cliui': [ '8.0.2' ],
16 silly audit   '@jridgewell/gen-mapping': [ '0.3.8' ],
16 silly audit   '@jridgewell/resolve-uri': [ '3.1.2' ],
16 silly audit   '@jridgewell/set-array': [ '1.2.1' ],
16 silly audit   '@jridgewell/sourcemap-codec': [ '1.5.0' ],
16 silly audit   '@jridgewell/trace-mapping': [ '0.3.25' ],
16 silly audit   '@next/env': [ '15.2.4' ],
16 silly audit   '@next/swc-darwin-arm64': [ '15.2.4' ],
16 silly audit   '@next/swc-darwin-x64': [ '15.2.4' ],
16 silly audit   '@next/swc-linux-arm64-gnu': [ '15.2.4' ],
16 silly audit   '@next/swc-linux-arm64-musl': [ '15.2.4' ],
16 silly audit   '@next/swc-linux-x64-gnu': [ '15.2.4' ],
16 silly audit   '@next/swc-linux-x64-musl': [ '15.2.4' ],
16 silly audit   '@next/swc-win32-arm64-msvc': [ '15.2.4' ],
16 silly audit   '@next/swc-win32-x64-msvc': [ '15.2.4' ],
16 silly audit   '@nodelib/fs.scandir': [ '2.1.5' ],
16 silly audit   '@nodelib/fs.stat': [ '2.0.5' ],
16 silly audit   '@nodelib/fs.walk': [ '1.2.8' ],
16 silly audit   '@pkgjs/parseargs': [ '0.11.0' ],
16 silly audit   '@svgr/babel-plugin-add-jsx-attribute': [ '8.0.0' ],
16 silly audit   '@svgr/babel-plugin-remove-jsx-attribute': [ '8.0.0' ],
16 silly audit   '@svgr/babel-plugin-remove-jsx-empty-expression': [ '8.0.0' ],
16 silly audit   '@svgr/babel-plugin-replace-jsx-attribute-value': [ '8.0.0' ],
16 silly audit   '@svgr/babel-plugin-svg-dynamic-title': [ '8.0.0' ],
16 silly audit   '@svgr/babel-plugin-svg-em-dimensions': [ '8.0.0' ],
16 silly audit   '@svgr/babel-plugin-transform-react-native-svg': [ '8.1.0' ],
16 silly audit   '@svgr/babel-plugin-transform-svg-component': [ '8.0.0' ],
16 silly audit   '@svgr/babel-preset': [ '8.1.0' ],
16 silly audit   '@svgr/core': [ '8.1.0' ],
16 silly audit   '@svgr/hast-util-to-babel-ast': [ '8.0.0' ],
16 silly audit   '@svgr/plugin-jsx': [ '8.1.0' ],
16 silly audit   '@svgr/plugin-svgo': [ '8.1.0' ],
16 silly audit   '@svgr/webpack': [ '8.1.0' ],
16 silly audit   '@swc/counter': [ '0.1.3' ],
16 silly audit   '@swc/helpers': [ '0.5.15' ],
16 silly audit   '@tailwindcss/node': [ '4.1.3' ],
16 silly audit   tailwindcss: [ '4.1.3', '3.4.17' ],
16 silly audit   '@tailwindcss/oxide': [ '4.1.3' ],
16 silly audit   '@tailwindcss/oxide-android-arm64': [ '4.1.3' ],
16 silly audit   '@tailwindcss/oxide-darwin-arm64': [ '4.1.3' ],
16 silly audit   '@tailwindcss/oxide-darwin-x64': [ '4.1.3' ],
16 silly audit   '@tailwindcss/oxide-freebsd-x64': [ '4.1.3' ],
16 silly audit   '@tailwindcss/oxide-linux-arm-gnueabihf': [ '4.1.3' ],
16 silly audit   '@tailwindcss/oxide-linux-arm64-gnu': [ '4.1.3' ],
16 silly audit   '@tailwindcss/oxide-linux-arm64-musl': [ '4.1.3' ],
16 silly audit   '@tailwindcss/oxide-linux-x64-gnu': [ '4.1.3' ],
16 silly audit   '@tailwindcss/oxide-linux-x64-musl': [ '4.1.3' ],
16 silly audit   '@tailwindcss/oxide-win32-arm64-msvc': [ '4.1.3' ],
16 silly audit   '@tailwindcss/oxide-win32-x64-msvc': [ '4.1.3' ],
16 silly audit   '@tailwindcss/postcss': [ '4.1.3' ],
16 silly audit   '@trysound/sax': [ '0.2.0' ],
16 silly audit   '@types/node': [ '20.17.30' ],
16 silly audit   '@types/react': [ '19.1.0' ],
16 silly audit   '@types/react-dom': [ '19.1.1' ],
16 silly audit   'ansi-regex': [ '6.1.0', '5.0.1' ],
16 silly audit   'ansi-styles': [ '6.2.1', '4.3.0' ],
16 silly audit   'any-promise': [ '1.3.0' ],
16 silly audit   anymatch: [ '3.1.3' ],
16 silly audit   arg: [ '5.0.2' ],
16 silly audit   argparse: [ '2.0.1' ],
16 silly audit   autoprefixer: [ '10.4.21' ],
16 silly audit   'babel-plugin-polyfill-corejs2': [ '0.4.13' ],
16 silly audit   'babel-plugin-polyfill-corejs3': [ '0.11.1' ],
16 silly audit   'babel-plugin-polyfill-regenerator': [ '0.6.4' ],
16 silly audit   'balanced-match': [ '1.0.2' ],
16 silly audit   'binary-extensions': [ '2.3.0' ],
16 silly audit   boolbase: [ '1.0.0' ],
16 silly audit   'brace-expansion': [ '2.0.1' ],
16 silly audit   braces: [ '3.0.3' ],
16 silly audit   browserslist: [ '4.24.4' ],
16 silly audit   busboy: [ '1.6.0' ],
16 silly audit   callsites: [ '3.1.0' ],
16 silly audit   camelcase: [ '6.3.0' ],
16 silly audit   'camelcase-css': [ '2.0.1' ],
16 silly audit   'caniuse-lite': [ '1.0.30001711' ],
16 silly audit   chokidar: [ '3.6.0' ],
16 silly audit   'glob-parent': [ '5.1.2', '6.0.2' ],
16 silly audit   classnames: [ '2.5.1' ],
16 silly audit   'client-only': [ '0.0.1' ],
16 silly audit   color: [ '4.2.3' ],
16 silly audit   'color-convert': [ '2.0.1' ],
16 silly audit   'color-name': [ '1.1.4' ],
16 silly audit   'color-string': [ '1.9.1' ],
16 silly audit   commander: [ '7.2.0', '4.1.1' ],
16 silly audit   'convert-source-map': [ '2.0.0' ],
16 silly audit   'core-js-compat': [ '3.41.0' ],
16 silly audit   cosmiconfig: [ '8.3.6' ],
16 silly audit   'cross-spawn': [ '7.0.6' ],
16 silly audit   'css-select': [ '5.1.0' ],
16 silly audit   'css-tree': [ '2.3.1', '2.2.1' ],
16 silly audit   'css-what': [ '6.1.0' ],
16 silly audit   cssesc: [ '3.0.0' ],
16 silly audit   csso: [ '5.0.5' ],
16 silly audit   'mdn-data': [ '2.0.28', '2.0.30' ],
16 silly audit   csstype: [ '3.1.3' ],
16 silly audit   debug: [ '4.4.0' ],
16 silly audit   deepmerge: [ '4.3.1' ],
16 silly audit   'detect-libc': [ '2.0.3' ],
16 silly audit   didyoumean: [ '1.2.2' ],
16 silly audit   dlv: [ '1.1.3' ],
16 silly audit   'dom-helpers': [ '5.2.1' ],
16 silly audit   'dom-serializer': [ '2.0.0' ],
16 silly audit   domelementtype: [ '2.3.0' ],
16 silly audit   domhandler: [ '5.0.3' ],
16 silly audit   domutils: [ '3.2.2' ],
16 silly audit   'dot-case': [ '3.0.4' ],
16 silly audit   eastasianwidth: [ '0.2.0' ],
16 silly audit   'electron-to-chromium': [ '1.5.132' ],
16 silly audit   'emoji-regex': [ '9.2.2', '8.0.0' ],
16 silly audit   'enhanced-resolve': [ '5.18.1' ],
16 silly audit   entities: [ '4.5.0' ],
16 silly audit   'error-ex': [ '1.3.2' ],
16 silly audit   'is-arrayish': [ '0.2.1', '0.3.2' ],
16 silly audit   escalade: [ '3.2.0' ],
16 silly audit   esutils: [ '2.0.3' ],
16 silly audit   'fast-glob': [ '3.3.3' ],
16 silly audit   fastq: [ '1.19.1' ],
16 silly audit   'fill-range': [ '7.1.1' ],
16 silly audit   'foreground-child': [ '3.3.1' ],
16 silly audit   'fraction.js': [ '4.3.7' ],
16 silly audit   fsevents: [ '2.3.3' ],
16 silly audit   'function-bind': [ '1.1.2' ],
16 silly audit   gensync: [ '1.0.0-beta.2' ],
16 silly audit   glob: [ '10.4.5' ],
16 silly audit   globals: [ '11.12.0' ],
16 silly audit   'graceful-fs': [ '4.2.11' ],
16 silly audit   hasown: [ '2.0.2' ],
16 silly audit   'import-fresh': [ '3.3.1' ],
16 silly audit   'is-binary-path': [ '2.1.0' ],
16 silly audit   'is-core-module': [ '2.16.1' ],
16 silly audit   'is-extglob': [ '2.1.1' ],
16 silly audit   'is-fullwidth-code-point': [ '3.0.0' ],
16 silly audit   'is-glob': [ '4.0.3' ],
16 silly audit   'is-number': [ '7.0.0' ],
16 silly audit   isexe: [ '2.0.0' ],
16 silly audit   jackspeak: [ '3.4.3' ],
16 silly audit   jiti: [ '2.4.2', '1.21.7' ],
16 silly audit   'js-tokens': [ '4.0.0' ],
16 silly audit   'js-yaml': [ '4.1.0' ],
16 silly audit   jsesc: [ '3.1.0', '3.0.2' ],
16 silly audit   'json-parse-even-better-errors': [ '2.3.1' ],
16 silly audit   json5: [ '2.2.3' ],
16 silly audit   lightningcss: [ '1.29.2' ],
16 silly audit   'lightningcss-darwin-arm64': [ '1.29.2' ],
16 silly audit   'lightningcss-darwin-x64': [ '1.29.2' ],
16 silly audit   'lightningcss-freebsd-x64': [ '1.29.2' ],
16 silly audit   'lightningcss-linux-arm-gnueabihf': [ '1.29.2' ],
16 silly audit   'lightningcss-linux-arm64-gnu': [ '1.29.2' ],
16 silly audit   'lightningcss-linux-arm64-musl': [ '1.29.2' ],
16 silly audit   'lightningcss-linux-x64-gnu': [ '1.29.2' ],
16 silly audit   'lightningcss-linux-x64-musl': [ '1.29.2' ],
16 silly audit   'lightningcss-win32-arm64-msvc': [ '1.29.2' ],
16 silly audit   'lightningcss-win32-x64-msvc': [ '1.29.2' ],
16 silly audit   lilconfig: [ '3.1.3' ],
16 silly audit   'lines-and-columns': [ '1.2.4' ],
16 silly audit   'lodash.debounce': [ '4.0.8' ],
16 silly audit   'loose-envify': [ '1.4.0' ],
16 silly audit   'lower-case': [ '2.0.2' ],
16 silly audit   'lru-cache': [ '5.1.1', '10.4.3' ],
16 silly audit   merge2: [ '1.4.1' ],
16 silly audit   micromatch: [ '4.0.8' ],
16 silly audit   minimatch: [ '9.0.5' ],
16 silly audit   minipass: [ '7.1.2' ],
16 silly audit   ms: [ '2.1.3' ],
16 silly audit   mz: [ '2.7.0' ],
16 silly audit   nanoid: [ '3.3.11' ],
16 silly audit   next: [ '15.2.4' ],
16 silly audit   postcss: [ '8.4.31', '8.5.3' ],
16 silly audit   'no-case': [ '3.0.4' ],
16 silly audit   'node-releases': [ '2.0.19' ],
16 silly audit   'normalize-path': [ '3.0.0' ],
16 silly audit   'normalize-range': [ '0.1.2' ],
16 silly audit   'nth-check': [ '2.1.1' ],
16 silly audit   'object-assign': [ '4.1.1' ],
16 silly audit   'object-hash': [ '3.0.0' ],
16 silly audit   'package-json-from-dist': [ '1.0.1' ],
16 silly audit   'parent-module': [ '1.0.1' ],
16 silly audit   'parse-json': [ '5.2.0' ],
16 silly audit   'path-key': [ '3.1.1' ],
16 silly audit   'path-parse': [ '1.0.7' ],
16 silly audit   'path-scurry': [ '1.11.1' ],
16 silly audit   'path-type': [ '4.0.0' ],
16 silly audit   picocolors: [ '1.1.1' ],
16 silly audit   picomatch: [ '2.3.1' ],
16 silly audit   pify: [ '2.3.0' ],
16 silly audit   pirates: [ '4.0.7' ],
16 silly audit   'postcss-import': [ '15.1.0' ],
16 silly audit   'postcss-js': [ '4.0.1' ],
16 silly audit   'postcss-load-config': [ '4.0.2' ],
16 silly audit   'postcss-nested': [ '6.2.0' ],
16 silly audit   'postcss-selector-parser': [ '6.1.2' ],
16 silly audit   'postcss-value-parser': [ '4.2.0' ],
16 silly audit   prettier: [ '3.5.3' ],
16 silly audit   'prettier-plugin-tailwindcss': [ '0.5.14' ],
16 silly audit   'prop-types': [ '15.8.1' ],
16 silly audit   'queue-microtask': [ '1.2.3' ],
16 silly audit   react: [ '19.1.0' ],
16 silly audit   'react-dom': [ '19.1.0' ],
16 silly audit   'react-is': [ '16.13.1' ],
16 silly audit   'react-transition-group': [ '4.4.5' ],
16 silly audit   'read-cache': [ '1.0.0' ],
16 silly audit   readdirp: [ '3.6.0' ],
16 silly audit   regenerate: [ '1.4.2' ],
16 silly audit   'regenerate-unicode-properties': [ '10.2.0' ],
16 silly audit   'regenerator-runtime': [ '0.14.1' ],
16 silly audit   'regenerator-transform': [ '0.15.2' ],
16 silly audit   'regexpu-core': [ '6.2.0' ],
16 silly audit   regjsgen: [ '0.8.0' ],
16 silly audit   regjsparser: [ '0.12.0' ],
16 silly audit   resolve: [ '1.22.10' ],
16 silly audit   'resolve-from': [ '4.0.0' ],
16 silly audit   reusify: [ '1.1.0' ],
16 silly audit   'run-parallel': [ '1.2.0' ],
16 silly audit   scheduler: [ '0.26.0' ],
16 silly audit   sharp: [ '0.33.5' ],
16 silly audit   'shebang-command': [ '2.0.0' ],
16 silly audit   'shebang-regex': [ '3.0.0' ],
16 silly audit   'signal-exit': [ '4.1.0' ],
16 silly audit   'simple-swizzle': [ '0.2.2' ],
16 silly audit   'snake-case': [ '3.0.4' ],
16 silly audit   'source-map-js': [ '1.2.1' ],
16 silly audit   streamsearch: [ '1.1.0' ],
16 silly audit   'string-width': [ '5.1.2', '4.2.3' ],
16 silly audit   'strip-ansi': [ '6.0.1', '7.1.0' ],
16 silly audit   'styled-jsx': [ '5.1.6' ],
16 silly audit   sucrase: [ '3.35.0' ],
16 silly audit   'supports-preserve-symlinks-flag': [ '1.0.0' ],
16 silly audit   'svg-parser': [ '2.0.4' ],
16 silly audit   svgo: [ '3.3.2' ],
16 silly audit   tapable: [ '2.2.1' ],
16 silly audit   thenify: [ '3.3.1' ],
16 silly audit   'thenify-all': [ '1.6.0' ],
16 silly audit   'to-regex-range': [ '5.0.1' ],
16 silly audit   'ts-interface-checker': [ '0.1.13' ],
16 silly audit   tslib: [ '2.8.1' ],
16 silly audit   typescript: [ '5.8.3' ],
16 silly audit   'undici-types': [ '6.19.8' ],
16 silly audit   'unicode-canonical-property-names-ecmascript': [ '2.0.1' ],
16 silly audit   'unicode-match-property-ecmascript': [ '2.0.0' ],
16 silly audit   'unicode-match-property-value-ecmascript': [ '2.2.0' ],
16 silly audit   'unicode-property-aliases-ecmascript': [ '2.1.0' ],
16 silly audit   'update-browserslist-db': [ '1.1.3' ],
16 silly audit   'util-deprecate': [ '1.0.2' ],
16 silly audit   which: [ '2.0.2' ],
16 silly audit   'wrap-ansi': [ '8.1.0', '7.0.0' ],
16 silly audit   yallist: [ '3.1.1' ],
16 silly audit   yaml: [ '2.7.1' ]
16 silly audit }
17 verbose reify failed optional dependency E:\lb-news\node_modules\lightningcss-win32-arm64-msvc
18 silly reify mark deleted [ 'E:\\lb-news\\node_modules\\lightningcss-win32-arm64-msvc' ]
19 verbose reify failed optional dependency E:\lb-news\node_modules\lightningcss-linux-x64-musl
20 silly reify mark deleted [ 'E:\\lb-news\\node_modules\\lightningcss-linux-x64-musl' ]
21 verbose reify failed optional dependency E:\lb-news\node_modules\lightningcss-linux-x64-gnu
22 silly reify mark deleted [ 'E:\\lb-news\\node_modules\\lightningcss-linux-x64-gnu' ]
23 verbose reify failed optional dependency E:\lb-news\node_modules\lightningcss-linux-arm64-musl
24 silly reify mark deleted [ 'E:\\lb-news\\node_modules\\lightningcss-linux-arm64-musl' ]
25 verbose reify failed optional dependency E:\lb-news\node_modules\lightningcss-linux-arm64-gnu
26 silly reify mark deleted [ 'E:\\lb-news\\node_modules\\lightningcss-linux-arm64-gnu' ]
27 verbose reify failed optional dependency E:\lb-news\node_modules\lightningcss-linux-arm-gnueabihf
28 silly reify mark deleted [ 'E:\\lb-news\\node_modules\\lightningcss-linux-arm-gnueabihf' ]
29 verbose reify failed optional dependency E:\lb-news\node_modules\lightningcss-freebsd-x64
30 silly reify mark deleted [ 'E:\\lb-news\\node_modules\\lightningcss-freebsd-x64' ]
31 verbose reify failed optional dependency E:\lb-news\node_modules\lightningcss-darwin-x64
32 silly reify mark deleted [ 'E:\\lb-news\\node_modules\\lightningcss-darwin-x64' ]
33 verbose reify failed optional dependency E:\lb-news\node_modules\lightningcss-darwin-arm64
34 silly reify mark deleted [ 'E:\\lb-news\\node_modules\\lightningcss-darwin-arm64' ]
35 verbose reify failed optional dependency E:\lb-news\node_modules\fsevents
36 silly reify mark deleted [ 'E:\\lb-news\\node_modules\\fsevents' ]
37 verbose reify failed optional dependency E:\lb-news\node_modules\@tailwindcss\oxide-win32-arm64-msvc
38 silly reify mark deleted [ 'E:\\lb-news\\node_modules\\@tailwindcss\\oxide-win32-arm64-msvc' ]
39 verbose reify failed optional dependency E:\lb-news\node_modules\@tailwindcss\oxide-linux-x64-musl
40 silly reify mark deleted [ 'E:\\lb-news\\node_modules\\@tailwindcss\\oxide-linux-x64-musl' ]
41 verbose reify failed optional dependency E:\lb-news\node_modules\@tailwindcss\oxide-linux-x64-gnu
42 silly reify mark deleted [ 'E:\\lb-news\\node_modules\\@tailwindcss\\oxide-linux-x64-gnu' ]
43 verbose reify failed optional dependency E:\lb-news\node_modules\@tailwindcss\oxide-linux-arm64-musl
44 silly reify mark deleted [ 'E:\\lb-news\\node_modules\\@tailwindcss\\oxide-linux-arm64-musl' ]
45 verbose reify failed optional dependency E:\lb-news\node_modules\@tailwindcss\oxide-linux-arm64-gnu
46 silly reify mark deleted [ 'E:\\lb-news\\node_modules\\@tailwindcss\\oxide-linux-arm64-gnu' ]
47 verbose reify failed optional dependency E:\lb-news\node_modules\@tailwindcss\oxide-linux-arm-gnueabihf
48 silly reify mark deleted [
48 silly reify   'E:\\lb-news\\node_modules\\@tailwindcss\\oxide-linux-arm-gnueabihf'
48 silly reify ]
49 verbose reify failed optional dependency E:\lb-news\node_modules\@tailwindcss\oxide-freebsd-x64
50 silly reify mark deleted [ 'E:\\lb-news\\node_modules\\@tailwindcss\\oxide-freebsd-x64' ]
51 verbose reify failed optional dependency E:\lb-news\node_modules\@tailwindcss\oxide-darwin-x64
52 silly reify mark deleted [ 'E:\\lb-news\\node_modules\\@tailwindcss\\oxide-darwin-x64' ]
53 verbose reify failed optional dependency E:\lb-news\node_modules\@tailwindcss\oxide-darwin-arm64
54 silly reify mark deleted [ 'E:\\lb-news\\node_modules\\@tailwindcss\\oxide-darwin-arm64' ]
55 verbose reify failed optional dependency E:\lb-news\node_modules\@tailwindcss\oxide-android-arm64
56 silly reify mark deleted [ 'E:\\lb-news\\node_modules\\@tailwindcss\\oxide-android-arm64' ]
57 verbose reify failed optional dependency E:\lb-news\node_modules\@next\swc-win32-arm64-msvc
58 silly reify mark deleted [ 'E:\\lb-news\\node_modules\\@next\\swc-win32-arm64-msvc' ]
59 verbose reify failed optional dependency E:\lb-news\node_modules\@next\swc-linux-x64-musl
60 silly reify mark deleted [ 'E:\\lb-news\\node_modules\\@next\\swc-linux-x64-musl' ]
61 verbose reify failed optional dependency E:\lb-news\node_modules\@next\swc-linux-x64-gnu
62 silly reify mark deleted [ 'E:\\lb-news\\node_modules\\@next\\swc-linux-x64-gnu' ]
63 verbose reify failed optional dependency E:\lb-news\node_modules\@next\swc-linux-arm64-musl
64 silly reify mark deleted [ 'E:\\lb-news\\node_modules\\@next\\swc-linux-arm64-musl' ]
65 verbose reify failed optional dependency E:\lb-news\node_modules\@next\swc-linux-arm64-gnu
66 silly reify mark deleted [ 'E:\\lb-news\\node_modules\\@next\\swc-linux-arm64-gnu' ]
67 verbose reify failed optional dependency E:\lb-news\node_modules\@next\swc-darwin-x64
68 silly reify mark deleted [ 'E:\\lb-news\\node_modules\\@next\\swc-darwin-x64' ]
69 verbose reify failed optional dependency E:\lb-news\node_modules\@next\swc-darwin-arm64
70 silly reify mark deleted [ 'E:\\lb-news\\node_modules\\@next\\swc-darwin-arm64' ]
71 verbose reify failed optional dependency E:\lb-news\node_modules\@img\sharp-win32-ia32
72 silly reify mark deleted [ 'E:\\lb-news\\node_modules\\@img\\sharp-win32-ia32' ]
73 verbose reify failed optional dependency E:\lb-news\node_modules\@img\sharp-wasm32
74 silly reify mark deleted [ 'E:\\lb-news\\node_modules\\@img\\sharp-wasm32' ]
75 verbose reify failed optional dependency E:\lb-news\node_modules\@emnapi\runtime
76 silly reify mark deleted [ 'E:\\lb-news\\node_modules\\@emnapi\\runtime' ]
77 verbose reify failed optional dependency E:\lb-news\node_modules\@img\sharp-linuxmusl-x64
78 silly reify mark deleted [ 'E:\\lb-news\\node_modules\\@img\\sharp-linuxmusl-x64' ]
79 verbose reify failed optional dependency E:\lb-news\node_modules\@img\sharp-linuxmusl-arm64
80 silly reify mark deleted [ 'E:\\lb-news\\node_modules\\@img\\sharp-linuxmusl-arm64' ]
81 verbose reify failed optional dependency E:\lb-news\node_modules\@img\sharp-linux-x64
82 silly reify mark deleted [ 'E:\\lb-news\\node_modules\\@img\\sharp-linux-x64' ]
83 verbose reify failed optional dependency E:\lb-news\node_modules\@img\sharp-linux-s390x
84 silly reify mark deleted [ 'E:\\lb-news\\node_modules\\@img\\sharp-linux-s390x' ]
85 verbose reify failed optional dependency E:\lb-news\node_modules\@img\sharp-linux-arm64
86 silly reify mark deleted [ 'E:\\lb-news\\node_modules\\@img\\sharp-linux-arm64' ]
87 verbose reify failed optional dependency E:\lb-news\node_modules\@img\sharp-linux-arm
88 silly reify mark deleted [ 'E:\\lb-news\\node_modules\\@img\\sharp-linux-arm' ]
89 verbose reify failed optional dependency E:\lb-news\node_modules\@img\sharp-libvips-linuxmusl-x64
90 silly reify mark deleted [ 'E:\\lb-news\\node_modules\\@img\\sharp-libvips-linuxmusl-x64' ]
91 verbose reify failed optional dependency E:\lb-news\node_modules\@img\sharp-libvips-linuxmusl-arm64
92 silly reify mark deleted [ 'E:\\lb-news\\node_modules\\@img\\sharp-libvips-linuxmusl-arm64' ]
93 verbose reify failed optional dependency E:\lb-news\node_modules\@img\sharp-libvips-linux-x64
94 silly reify mark deleted [ 'E:\\lb-news\\node_modules\\@img\\sharp-libvips-linux-x64' ]
95 verbose reify failed optional dependency E:\lb-news\node_modules\@img\sharp-libvips-linux-s390x
96 silly reify mark deleted [ 'E:\\lb-news\\node_modules\\@img\\sharp-libvips-linux-s390x' ]
97 verbose reify failed optional dependency E:\lb-news\node_modules\@img\sharp-libvips-linux-arm64
98 silly reify mark deleted [ 'E:\\lb-news\\node_modules\\@img\\sharp-libvips-linux-arm64' ]
99 verbose reify failed optional dependency E:\lb-news\node_modules\@img\sharp-libvips-linux-arm
100 silly reify mark deleted [ 'E:\\lb-news\\node_modules\\@img\\sharp-libvips-linux-arm' ]
101 verbose reify failed optional dependency E:\lb-news\node_modules\@img\sharp-libvips-darwin-x64
102 silly reify mark deleted [ 'E:\\lb-news\\node_modules\\@img\\sharp-libvips-darwin-x64' ]
103 verbose reify failed optional dependency E:\lb-news\node_modules\@img\sharp-libvips-darwin-arm64
104 silly reify mark deleted [ 'E:\\lb-news\\node_modules\\@img\\sharp-libvips-darwin-arm64' ]
105 verbose reify failed optional dependency E:\lb-news\node_modules\@img\sharp-darwin-x64
106 silly reify mark deleted [ 'E:\\lb-news\\node_modules\\@img\\sharp-darwin-x64' ]
107 verbose reify failed optional dependency E:\lb-news\node_modules\@img\sharp-darwin-arm64
108 silly reify mark deleted [ 'E:\\lb-news\\node_modules\\@img\\sharp-darwin-arm64' ]
109 http cache wrap-ansi-cjs@https://registry.npmjs.org/wrap-ansi/-/wrap-ansi-7.0.0.tgz 1ms (cache hit)
110 http cache yaml@https://registry.npmjs.org/yaml/-/yaml-2.7.1.tgz 1ms (cache hit)
111 http cache yallist@https://registry.npmjs.org/yallist/-/yallist-3.1.1.tgz 0ms (cache hit)
112 http cache which@https://registry.npmjs.org/which/-/which-2.0.2.tgz 0ms (cache hit)
113 http cache wrap-ansi@https://registry.npmjs.org/wrap-ansi/-/wrap-ansi-8.1.0.tgz 0ms (cache hit)
114 http cache util-deprecate@https://registry.npmjs.org/util-deprecate/-/util-deprecate-1.0.2.tgz 0ms (cache hit)
115 http cache update-browserslist-db@https://registry.npmjs.org/update-browserslist-db/-/update-browserslist-db-1.1.3.tgz 0ms (cache hit)
116 http cache unicode-property-aliases-ecmascript@https://registry.npmjs.org/unicode-property-aliases-ecmascript/-/unicode-property-aliases-ecmascript-2.1.0.tgz 0ms (cache hit)
117 http cache unicode-match-property-value-ecmascript@https://registry.npmjs.org/unicode-match-property-value-ecmascript/-/unicode-match-property-value-ecmascript-2.2.0.tgz 0ms (cache hit)
118 http cache unicode-match-property-ecmascript@https://registry.npmjs.org/unicode-match-property-ecmascript/-/unicode-match-property-ecmascript-2.0.0.tgz 0ms (cache hit)
119 http cache unicode-canonical-property-names-ecmascript@https://registry.npmjs.org/unicode-canonical-property-names-ecmascript/-/unicode-canonical-property-names-ecmascript-2.0.1.tgz 0ms (cache hit)
120 http cache undici-types@https://registry.npmjs.org/undici-types/-/undici-types-6.19.8.tgz 0ms (cache hit)
121 http cache typescript@https://registry.npmjs.org/typescript/-/typescript-5.8.3.tgz 0ms (cache hit)
122 http cache tslib@https://registry.npmjs.org/tslib/-/tslib-2.8.1.tgz 0ms (cache hit)
123 http cache ts-interface-checker@https://registry.npmjs.org/ts-interface-checker/-/ts-interface-checker-0.1.13.tgz 0ms (cache hit)
124 http cache to-regex-range@https://registry.npmjs.org/to-regex-range/-/to-regex-range-5.0.1.tgz 0ms (cache hit)
125 http cache thenify-all@https://registry.npmjs.org/thenify-all/-/thenify-all-1.6.0.tgz 0ms (cache hit)
126 http cache thenify@https://registry.npmjs.org/thenify/-/thenify-3.3.1.tgz 0ms (cache hit)
127 http cache tailwindcss@https://registry.npmjs.org/tailwindcss/-/tailwindcss-3.4.17.tgz 0ms (cache hit)
128 http cache tapable@https://registry.npmjs.org/tapable/-/tapable-2.2.1.tgz 1ms (cache hit)
129 http cache svgo@https://registry.npmjs.org/svgo/-/svgo-3.3.2.tgz 0ms (cache hit)
130 http cache svg-parser@https://registry.npmjs.org/svg-parser/-/svg-parser-2.0.4.tgz 0ms (cache hit)
131 http cache sucrase@https://registry.npmjs.org/sucrase/-/sucrase-3.35.0.tgz 0ms (cache hit)
132 http cache supports-preserve-symlinks-flag@https://registry.npmjs.org/supports-preserve-symlinks-flag/-/supports-preserve-symlinks-flag-1.0.0.tgz 0ms (cache hit)
133 http cache styled-jsx@https://registry.npmjs.org/styled-jsx/-/styled-jsx-5.1.6.tgz 0ms (cache hit)
134 http cache strip-ansi@https://registry.npmjs.org/strip-ansi/-/strip-ansi-7.1.0.tgz 0ms (cache hit)
135 http cache strip-ansi-cjs@https://registry.npmjs.org/strip-ansi/-/strip-ansi-6.0.1.tgz 0ms (cache hit)
136 http cache string-width-cjs@https://registry.npmjs.org/string-width/-/string-width-4.2.3.tgz 0ms (cache hit)
137 http cache streamsearch@https://registry.npmjs.org/streamsearch/-/streamsearch-1.1.0.tgz 0ms (cache hit)
138 http cache string-width@https://registry.npmjs.org/string-width/-/string-width-5.1.2.tgz 0ms (cache hit)
139 http cache source-map-js@https://registry.npmjs.org/source-map-js/-/source-map-js-1.2.1.tgz 0ms (cache hit)
140 http cache simple-swizzle@https://registry.npmjs.org/simple-swizzle/-/simple-swizzle-0.2.2.tgz 0ms (cache hit)
141 http cache snake-case@https://registry.npmjs.org/snake-case/-/snake-case-3.0.4.tgz 0ms (cache hit)
142 http cache signal-exit@https://registry.npmjs.org/signal-exit/-/signal-exit-4.1.0.tgz 0ms (cache hit)
143 http cache shebang-command@https://registry.npmjs.org/shebang-command/-/shebang-command-2.0.0.tgz 1ms (cache hit)
144 http cache shebang-regex@https://registry.npmjs.org/shebang-regex/-/shebang-regex-3.0.0.tgz 0ms (cache hit)
145 http cache sharp@https://registry.npmjs.org/sharp/-/sharp-0.33.5.tgz 0ms (cache hit)
146 http cache semver@https://registry.npmjs.org/semver/-/semver-7.7.1.tgz 0ms (cache hit)
147 http cache scheduler@https://registry.npmjs.org/scheduler/-/scheduler-0.26.0.tgz 0ms (cache hit)
148 http cache run-parallel@https://registry.npmjs.org/run-parallel/-/run-parallel-1.2.0.tgz 0ms (cache hit)
149 http cache reusify@https://registry.npmjs.org/reusify/-/reusify-1.1.0.tgz 0ms (cache hit)
150 http cache resolve-from@https://registry.npmjs.org/resolve-from/-/resolve-from-4.0.0.tgz 0ms (cache hit)
151 http cache resolve@https://registry.npmjs.org/resolve/-/resolve-1.22.10.tgz 0ms (cache hit)
152 http cache regjsparser@https://registry.npmjs.org/regjsparser/-/regjsparser-0.12.0.tgz 0ms (cache hit)
153 http cache regexpu-core@https://registry.npmjs.org/regexpu-core/-/regexpu-core-6.2.0.tgz 0ms (cache hit)
154 http cache regjsgen@https://registry.npmjs.org/regjsgen/-/regjsgen-0.8.0.tgz 0ms (cache hit)
155 http cache regenerator-transform@https://registry.npmjs.org/regenerator-transform/-/regenerator-transform-0.15.2.tgz 0ms (cache hit)
156 http cache regenerate-unicode-properties@https://registry.npmjs.org/regenerate-unicode-properties/-/regenerate-unicode-properties-10.2.0.tgz 0ms (cache hit)
157 http cache regenerator-runtime@https://registry.npmjs.org/regenerator-runtime/-/regenerator-runtime-0.14.1.tgz 0ms (cache hit)
158 http cache regenerate@https://registry.npmjs.org/regenerate/-/regenerate-1.4.2.tgz 0ms (cache hit)
159 http cache readdirp@https://registry.npmjs.org/readdirp/-/readdirp-3.6.0.tgz 0ms (cache hit)
160 http cache read-cache@https://registry.npmjs.org/read-cache/-/read-cache-1.0.0.tgz 0ms (cache hit)
161 http cache react-transition-group@https://registry.npmjs.org/react-transition-group/-/react-transition-group-4.4.5.tgz 0ms (cache hit)
162 http cache react-is@https://registry.npmjs.org/react-is/-/react-is-16.13.1.tgz 0ms (cache hit)
163 http cache react-dom@https://registry.npmjs.org/react-dom/-/react-dom-19.1.0.tgz 0ms (cache hit)
164 http cache react@https://registry.npmjs.org/react/-/react-19.1.0.tgz 0ms (cache hit)
165 http cache queue-microtask@https://registry.npmjs.org/queue-microtask/-/queue-microtask-1.2.3.tgz 0ms (cache hit)
166 http cache prop-types@https://registry.npmjs.org/prop-types/-/prop-types-15.8.1.tgz 1ms (cache hit)
167 http cache prettier-plugin-tailwindcss@https://registry.npmjs.org/prettier-plugin-tailwindcss/-/prettier-plugin-tailwindcss-0.5.14.tgz 0ms (cache hit)
168 http cache prettier@https://registry.npmjs.org/prettier/-/prettier-3.5.3.tgz 0ms (cache hit)
169 http cache postcss-value-parser@https://registry.npmjs.org/postcss-value-parser/-/postcss-value-parser-4.2.0.tgz 1ms (cache hit)
170 http cache postcss-selector-parser@https://registry.npmjs.org/postcss-selector-parser/-/postcss-selector-parser-6.1.2.tgz 0ms (cache hit)
171 http cache postcss-nested@https://registry.npmjs.org/postcss-nested/-/postcss-nested-6.2.0.tgz 0ms (cache hit)
172 http cache postcss-js@https://registry.npmjs.org/postcss-js/-/postcss-js-4.0.1.tgz 0ms (cache hit)
173 http cache postcss-load-config@https://registry.npmjs.org/postcss-load-config/-/postcss-load-config-4.0.2.tgz 0ms (cache hit)
174 http cache postcss-import@https://registry.npmjs.org/postcss-import/-/postcss-import-15.1.0.tgz 0ms (cache hit)
175 http cache postcss@https://registry.npmjs.org/postcss/-/postcss-8.5.3.tgz 0ms (cache hit)
176 http cache pirates@https://registry.npmjs.org/pirates/-/pirates-4.0.7.tgz 0ms (cache hit)
177 http cache pify@https://registry.npmjs.org/pify/-/pify-2.3.0.tgz 0ms (cache hit)
178 http cache picomatch@https://registry.npmjs.org/picomatch/-/picomatch-2.3.1.tgz 0ms (cache hit)
179 http cache picocolors@https://registry.npmjs.org/picocolors/-/picocolors-1.1.1.tgz 0ms (cache hit)
180 http cache path-scurry@https://registry.npmjs.org/path-scurry/-/path-scurry-1.11.1.tgz 0ms (cache hit)
181 http cache path-type@https://registry.npmjs.org/path-type/-/path-type-4.0.0.tgz 0ms (cache hit)
182 http cache path-parse@https://registry.npmjs.org/path-parse/-/path-parse-1.0.7.tgz 0ms (cache hit)
183 http cache path-key@https://registry.npmjs.org/path-key/-/path-key-3.1.1.tgz 0ms (cache hit)
184 http cache parse-json@https://registry.npmjs.org/parse-json/-/parse-json-5.2.0.tgz 0ms (cache hit)
185 http cache package-json-from-dist@https://registry.npmjs.org/package-json-from-dist/-/package-json-from-dist-1.0.1.tgz 0ms (cache hit)
186 http cache parent-module@https://registry.npmjs.org/parent-module/-/parent-module-1.0.1.tgz 0ms (cache hit)
187 http cache object-hash@https://registry.npmjs.org/object-hash/-/object-hash-3.0.0.tgz 0ms (cache hit)
188 http cache object-assign@https://registry.npmjs.org/object-assign/-/object-assign-4.1.1.tgz 0ms (cache hit)
189 http cache nth-check@https://registry.npmjs.org/nth-check/-/nth-check-2.1.1.tgz 0ms (cache hit)
190 http cache normalize-range@https://registry.npmjs.org/normalize-range/-/normalize-range-0.1.2.tgz 0ms (cache hit)
191 http cache normalize-path@https://registry.npmjs.org/normalize-path/-/normalize-path-3.0.0.tgz 0ms (cache hit)
192 http cache node-releases@https://registry.npmjs.org/node-releases/-/node-releases-2.0.19.tgz 0ms (cache hit)
193 http cache no-case@https://registry.npmjs.org/no-case/-/no-case-3.0.4.tgz 0ms (cache hit)
194 http cache next@https://registry.npmjs.org/next/-/next-15.2.4.tgz 0ms (cache hit)
195 http cache nanoid@https://registry.npmjs.org/nanoid/-/nanoid-3.3.11.tgz 0ms (cache hit)
196 http cache mz@https://registry.npmjs.org/mz/-/mz-2.7.0.tgz 0ms (cache hit)
197 http cache ms@https://registry.npmjs.org/ms/-/ms-2.1.3.tgz 1ms (cache hit)
198 http cache minipass@https://registry.npmjs.org/minipass/-/minipass-7.1.2.tgz 0ms (cache hit)
199 http cache minimatch@https://registry.npmjs.org/minimatch/-/minimatch-9.0.5.tgz 0ms (cache hit)
200 http cache micromatch@https://registry.npmjs.org/micromatch/-/micromatch-4.0.8.tgz 0ms (cache hit)
201 http cache merge2@https://registry.npmjs.org/merge2/-/merge2-1.4.1.tgz 1ms (cache hit)
202 http cache mdn-data@https://registry.npmjs.org/mdn-data/-/mdn-data-2.0.30.tgz 0ms (cache hit)
203 http cache lru-cache@https://registry.npmjs.org/lru-cache/-/lru-cache-5.1.1.tgz 0ms (cache hit)
204 http cache lower-case@https://registry.npmjs.org/lower-case/-/lower-case-2.0.2.tgz 0ms (cache hit)
205 http cache loose-envify@https://registry.npmjs.org/loose-envify/-/loose-envify-1.4.0.tgz 0ms (cache hit)
206 http cache lodash.debounce@https://registry.npmjs.org/lodash.debounce/-/lodash.debounce-4.0.8.tgz 0ms (cache hit)
207 http cache lines-and-columns@https://registry.npmjs.org/lines-and-columns/-/lines-and-columns-1.2.4.tgz 0ms (cache hit)
208 http cache lilconfig@https://registry.npmjs.org/lilconfig/-/lilconfig-3.1.3.tgz 0ms (cache hit)
209 http cache lightningcss-win32-x64-msvc@https://registry.npmjs.org/lightningcss-win32-x64-msvc/-/lightningcss-win32-x64-msvc-1.29.2.tgz 0ms (cache hit)
210 http cache lightningcss@https://registry.npmjs.org/lightningcss/-/lightningcss-1.29.2.tgz 0ms (cache hit)
211 http cache json5@https://registry.npmjs.org/json5/-/json5-2.2.3.tgz 0ms (cache hit)
212 http cache json-parse-even-better-errors@https://registry.npmjs.org/json-parse-even-better-errors/-/json-parse-even-better-errors-2.3.1.tgz 0ms (cache hit)
213 http cache jsesc@https://registry.npmjs.org/jsesc/-/jsesc-3.1.0.tgz 0ms (cache hit)
214 http cache js-yaml@https://registry.npmjs.org/js-yaml/-/js-yaml-4.1.0.tgz 0ms (cache hit)
215 http cache jiti@https://registry.npmjs.org/jiti/-/jiti-2.4.2.tgz 0ms (cache hit)
216 http cache js-tokens@https://registry.npmjs.org/js-tokens/-/js-tokens-4.0.0.tgz 0ms (cache hit)
217 http cache jackspeak@https://registry.npmjs.org/jackspeak/-/jackspeak-3.4.3.tgz 0ms (cache hit)
218 http cache isexe@https://registry.npmjs.org/isexe/-/isexe-2.0.0.tgz 0ms (cache hit)
219 http cache is-number@https://registry.npmjs.org/is-number/-/is-number-7.0.0.tgz 0ms (cache hit)
220 http cache is-glob@https://registry.npmjs.org/is-glob/-/is-glob-4.0.3.tgz 0ms (cache hit)
221 http cache is-fullwidth-code-point@https://registry.npmjs.org/is-fullwidth-code-point/-/is-fullwidth-code-point-3.0.0.tgz 0ms (cache hit)
222 http cache is-extglob@https://registry.npmjs.org/is-extglob/-/is-extglob-2.1.1.tgz 0ms (cache hit)
223 http cache is-core-module@https://registry.npmjs.org/is-core-module/-/is-core-module-2.16.1.tgz 0ms (cache hit)
224 http cache is-arrayish@https://registry.npmjs.org/is-arrayish/-/is-arrayish-0.3.2.tgz 0ms (cache hit)
225 http cache is-binary-path@https://registry.npmjs.org/is-binary-path/-/is-binary-path-2.1.0.tgz 0ms (cache hit)
226 http cache import-fresh@https://registry.npmjs.org/import-fresh/-/import-fresh-3.3.1.tgz 0ms (cache hit)
227 http cache hasown@https://registry.npmjs.org/hasown/-/hasown-2.0.2.tgz 0ms (cache hit)
228 http cache graceful-fs@https://registry.npmjs.org/graceful-fs/-/graceful-fs-4.2.11.tgz 0ms (cache hit)
229 http cache globals@https://registry.npmjs.org/globals/-/globals-11.12.0.tgz 0ms (cache hit)
230 http cache glob-parent@https://registry.npmjs.org/glob-parent/-/glob-parent-6.0.2.tgz 0ms (cache hit)
231 http cache glob@https://registry.npmjs.org/glob/-/glob-10.4.5.tgz 0ms (cache hit)
232 http cache function-bind@https://registry.npmjs.org/function-bind/-/function-bind-1.1.2.tgz 0ms (cache hit)
233 http cache gensync@https://registry.npmjs.org/gensync/-/gensync-1.0.0-beta.2.tgz 0ms (cache hit)
234 http cache fraction.js@https://registry.npmjs.org/fraction.js/-/fraction.js-4.3.7.tgz 0ms (cache hit)
235 http cache fill-range@https://registry.npmjs.org/fill-range/-/fill-range-7.1.1.tgz 0ms (cache hit)
236 http cache foreground-child@https://registry.npmjs.org/foreground-child/-/foreground-child-3.3.1.tgz 0ms (cache hit)
237 http cache fastq@https://registry.npmjs.org/fastq/-/fastq-1.19.1.tgz 0ms (cache hit)
238 http cache fast-glob@https://registry.npmjs.org/fast-glob/-/fast-glob-3.3.3.tgz 0ms (cache hit)
239 http cache error-ex@https://registry.npmjs.org/error-ex/-/error-ex-1.3.2.tgz 0ms (cache hit)
240 http cache esutils@https://registry.npmjs.org/esutils/-/esutils-2.0.3.tgz 0ms (cache hit)
241 http cache escalade@https://registry.npmjs.org/escalade/-/escalade-3.2.0.tgz 0ms (cache hit)
242 http cache entities@https://registry.npmjs.org/entities/-/entities-4.5.0.tgz 0ms (cache hit)
243 http cache enhanced-resolve@https://registry.npmjs.org/enhanced-resolve/-/enhanced-resolve-5.18.1.tgz 0ms (cache hit)
244 http cache emoji-regex@https://registry.npmjs.org/emoji-regex/-/emoji-regex-9.2.2.tgz 0ms (cache hit)
245 http cache electron-to-chromium@https://registry.npmjs.org/electron-to-chromium/-/electron-to-chromium-1.5.132.tgz 0ms (cache hit)
246 http cache eastasianwidth@https://registry.npmjs.org/eastasianwidth/-/eastasianwidth-0.2.0.tgz 0ms (cache hit)
247 http cache dot-case@https://registry.npmjs.org/dot-case/-/dot-case-3.0.4.tgz 0ms (cache hit)
248 http cache domhandler@https://registry.npmjs.org/domhandler/-/domhandler-5.0.3.tgz 0ms (cache hit)
249 http cache domutils@https://registry.npmjs.org/domutils/-/domutils-3.2.2.tgz 0ms (cache hit)
250 http cache domelementtype@https://registry.npmjs.org/domelementtype/-/domelementtype-2.3.0.tgz 0ms (cache hit)
251 http cache dom-serializer@https://registry.npmjs.org/dom-serializer/-/dom-serializer-2.0.0.tgz 0ms (cache hit)
252 http cache dom-helpers@https://registry.npmjs.org/dom-helpers/-/dom-helpers-5.2.1.tgz 0ms (cache hit)
253 http cache dlv@https://registry.npmjs.org/dlv/-/dlv-1.1.3.tgz 0ms (cache hit)
254 http cache didyoumean@https://registry.npmjs.org/didyoumean/-/didyoumean-1.2.2.tgz 0ms (cache hit)
255 http cache deepmerge@https://registry.npmjs.org/deepmerge/-/deepmerge-4.3.1.tgz 0ms (cache hit)
256 http cache detect-libc@https://registry.npmjs.org/detect-libc/-/detect-libc-2.0.3.tgz 0ms (cache hit)
257 http cache debug@https://registry.npmjs.org/debug/-/debug-4.4.0.tgz 1ms (cache hit)
258 http cache csstype@https://registry.npmjs.org/csstype/-/csstype-3.1.3.tgz 0ms (cache hit)
259 http cache csso@https://registry.npmjs.org/csso/-/csso-5.0.5.tgz 0ms (cache hit)
260 http cache css-what@https://registry.npmjs.org/css-what/-/css-what-6.1.0.tgz 0ms (cache hit)
261 http cache css-tree@https://registry.npmjs.org/css-tree/-/css-tree-2.3.1.tgz 0ms (cache hit)
262 http cache css-select@https://registry.npmjs.org/css-select/-/css-select-5.1.0.tgz 0ms (cache hit)
263 http cache cross-spawn@https://registry.npmjs.org/cross-spawn/-/cross-spawn-7.0.6.tgz 0ms (cache hit)
264 http cache cosmiconfig@https://registry.npmjs.org/cosmiconfig/-/cosmiconfig-8.3.6.tgz 0ms (cache hit)
265 http cache core-js-compat@https://registry.npmjs.org/core-js-compat/-/core-js-compat-3.41.0.tgz 0ms (cache hit)
266 http cache convert-source-map@https://registry.npmjs.org/convert-source-map/-/convert-source-map-2.0.0.tgz 0ms (cache hit)
267 http cache commander@https://registry.npmjs.org/commander/-/commander-7.2.0.tgz 0ms (cache hit)
268 http cache color-string@https://registry.npmjs.org/color-string/-/color-string-1.9.1.tgz 0ms (cache hit)
269 http cache color-name@https://registry.npmjs.org/color-name/-/color-name-1.1.4.tgz 0ms (cache hit)
270 http cache color-convert@https://registry.npmjs.org/color-convert/-/color-convert-2.0.1.tgz 0ms (cache hit)
271 http cache color@https://registry.npmjs.org/color/-/color-4.2.3.tgz 0ms (cache hit)
272 http cache classnames@https://registry.npmjs.org/classnames/-/classnames-2.5.1.tgz 0ms (cache hit)
273 http cache cssesc@https://registry.npmjs.org/cssesc/-/cssesc-3.0.0.tgz 0ms (cache hit)
274 http cache client-only@https://registry.npmjs.org/client-only/-/client-only-0.0.1.tgz 0ms (cache hit)
275 http cache chokidar@https://registry.npmjs.org/chokidar/-/chokidar-3.6.0.tgz 0ms (cache hit)
276 http cache caniuse-lite@https://registry.npmjs.org/caniuse-lite/-/caniuse-lite-1.0.30001711.tgz 0ms (cache hit)
277 http cache camelcase-css@https://registry.npmjs.org/camelcase-css/-/camelcase-css-2.0.1.tgz 0ms (cache hit)
278 http cache camelcase@https://registry.npmjs.org/camelcase/-/camelcase-6.3.0.tgz 0ms (cache hit)
279 http cache callsites@https://registry.npmjs.org/callsites/-/callsites-3.1.0.tgz 0ms (cache hit)
280 http cache browserslist@https://registry.npmjs.org/browserslist/-/browserslist-4.24.4.tgz 1ms (cache hit)
281 http cache busboy@https://registry.npmjs.org/busboy/-/busboy-1.6.0.tgz 0ms (cache hit)
282 http cache brace-expansion@https://registry.npmjs.org/brace-expansion/-/brace-expansion-2.0.1.tgz 0ms (cache hit)
283 http cache braces@https://registry.npmjs.org/braces/-/braces-3.0.3.tgz 0ms (cache hit)
284 http cache boolbase@https://registry.npmjs.org/boolbase/-/boolbase-1.0.0.tgz 0ms (cache hit)
285 http cache binary-extensions@https://registry.npmjs.org/binary-extensions/-/binary-extensions-2.3.0.tgz 0ms (cache hit)
286 http cache balanced-match@https://registry.npmjs.org/balanced-match/-/balanced-match-1.0.2.tgz 0ms (cache hit)
287 http cache babel-plugin-polyfill-regenerator@https://registry.npmjs.org/babel-plugin-polyfill-regenerator/-/babel-plugin-polyfill-regenerator-0.6.4.tgz 0ms (cache hit)
288 http cache babel-plugin-polyfill-corejs2@https://registry.npmjs.org/babel-plugin-polyfill-corejs2/-/babel-plugin-polyfill-corejs2-0.4.13.tgz 0ms (cache hit)
289 http cache argparse@https://registry.npmjs.org/argparse/-/argparse-2.0.1.tgz 0ms (cache hit)
290 http cache autoprefixer@https://registry.npmjs.org/autoprefixer/-/autoprefixer-10.4.21.tgz 0ms (cache hit)
291 http cache arg@https://registry.npmjs.org/arg/-/arg-5.0.2.tgz 0ms (cache hit)
292 http cache anymatch@https://registry.npmjs.org/anymatch/-/anymatch-3.1.3.tgz 0ms (cache hit)
293 http cache any-promise@https://registry.npmjs.org/any-promise/-/any-promise-1.3.0.tgz 0ms (cache hit)
294 http cache ansi-styles@https://registry.npmjs.org/ansi-styles/-/ansi-styles-6.2.1.tgz 0ms (cache hit)
295 http cache ansi-regex@https://registry.npmjs.org/ansi-regex/-/ansi-regex-6.1.0.tgz 0ms (cache hit)
296 http cache @types/react-dom@https://registry.npmjs.org/@types/react-dom/-/react-dom-19.1.1.tgz 0ms (cache hit)
297 http cache @types/react@https://registry.npmjs.org/@types/react/-/react-19.1.0.tgz 0ms (cache hit)
298 http cache @types/node@https://registry.npmjs.org/@types/node/-/node-20.17.30.tgz 0ms (cache hit)
299 http cache @trysound/sax@https://registry.npmjs.org/@trysound/sax/-/sax-0.2.0.tgz 0ms (cache hit)
300 http cache @tailwindcss/postcss@https://registry.npmjs.org/@tailwindcss/postcss/-/postcss-4.1.3.tgz 0ms (cache hit)
301 http cache @tailwindcss/oxide@https://registry.npmjs.org/@tailwindcss/oxide/-/oxide-4.1.3.tgz 0ms (cache hit)
302 http cache @tailwindcss/oxide-win32-x64-msvc@https://registry.npmjs.org/@tailwindcss/oxide-win32-x64-msvc/-/oxide-win32-x64-msvc-4.1.3.tgz 0ms (cache hit)
303 http cache @tailwindcss/node@https://registry.npmjs.org/@tailwindcss/node/-/node-4.1.3.tgz 0ms (cache hit)
304 http cache @swc/helpers@https://registry.npmjs.org/@swc/helpers/-/helpers-0.5.15.tgz 0ms (cache hit)
305 http cache @swc/counter@https://registry.npmjs.org/@swc/counter/-/counter-0.1.3.tgz 0ms (cache hit)
306 http cache @svgr/webpack@https://registry.npmjs.org/@svgr/webpack/-/webpack-8.1.0.tgz 1ms (cache hit)
307 http cache @svgr/plugin-svgo@https://registry.npmjs.org/@svgr/plugin-svgo/-/plugin-svgo-8.1.0.tgz 0ms (cache hit)
308 http cache @svgr/plugin-jsx@https://registry.npmjs.org/@svgr/plugin-jsx/-/plugin-jsx-8.1.0.tgz 0ms (cache hit)
309 http cache @svgr/hast-util-to-babel-ast@https://registry.npmjs.org/@svgr/hast-util-to-babel-ast/-/hast-util-to-babel-ast-8.0.0.tgz 0ms (cache hit)
310 http cache @svgr/core@https://registry.npmjs.org/@svgr/core/-/core-8.1.0.tgz 0ms (cache hit)
311 http cache @svgr/babel-preset@https://registry.npmjs.org/@svgr/babel-preset/-/babel-preset-8.1.0.tgz 0ms (cache hit)
312 http cache @svgr/babel-plugin-transform-react-native-svg@https://registry.npmjs.org/@svgr/babel-plugin-transform-react-native-svg/-/babel-plugin-transform-react-native-svg-8.1.0.tgz 0ms (cache hit)
313 http cache @svgr/babel-plugin-transform-svg-component@https://registry.npmjs.org/@svgr/babel-plugin-transform-svg-component/-/babel-plugin-transform-svg-component-8.0.0.tgz 0ms (cache hit)
314 http cache @svgr/babel-plugin-svg-em-dimensions@https://registry.npmjs.org/@svgr/babel-plugin-svg-em-dimensions/-/babel-plugin-svg-em-dimensions-8.0.0.tgz 0ms (cache hit)
315 http cache @svgr/babel-plugin-svg-dynamic-title@https://registry.npmjs.org/@svgr/babel-plugin-svg-dynamic-title/-/babel-plugin-svg-dynamic-title-8.0.0.tgz 0ms (cache hit)
316 http cache @svgr/babel-plugin-replace-jsx-attribute-value@https://registry.npmjs.org/@svgr/babel-plugin-replace-jsx-attribute-value/-/babel-plugin-replace-jsx-attribute-value-8.0.0.tgz 0ms (cache hit)
317 http cache @svgr/babel-plugin-remove-jsx-empty-expression@https://registry.npmjs.org/@svgr/babel-plugin-remove-jsx-empty-expression/-/babel-plugin-remove-jsx-empty-expression-8.0.0.tgz 0ms (cache hit)
318 http cache @svgr/babel-plugin-remove-jsx-attribute@https://registry.npmjs.org/@svgr/babel-plugin-remove-jsx-attribute/-/babel-plugin-remove-jsx-attribute-8.0.0.tgz 0ms (cache hit)
319 http cache @svgr/babel-plugin-add-jsx-attribute@https://registry.npmjs.org/@svgr/babel-plugin-add-jsx-attribute/-/babel-plugin-add-jsx-attribute-8.0.0.tgz 0ms (cache hit)
320 http cache @pkgjs/parseargs@https://registry.npmjs.org/@pkgjs/parseargs/-/parseargs-0.11.0.tgz 0ms (cache hit)
321 http cache @nodelib/fs.walk@https://registry.npmjs.org/@nodelib/fs.walk/-/fs.walk-1.2.8.tgz 0ms (cache hit)
322 http cache @nodelib/fs.stat@https://registry.npmjs.org/@nodelib/fs.stat/-/fs.stat-2.0.5.tgz 0ms (cache hit)
323 http cache @nodelib/fs.scandir@https://registry.npmjs.org/@nodelib/fs.scandir/-/fs.scandir-2.1.5.tgz 0ms (cache hit)
324 http cache @next/swc-win32-x64-msvc@https://registry.npmjs.org/@next/swc-win32-x64-msvc/-/swc-win32-x64-msvc-15.2.4.tgz 0ms (cache hit)
325 http cache @next/env@https://registry.npmjs.org/@next/env/-/env-15.2.4.tgz 0ms (cache hit)
326 http cache @jridgewell/trace-mapping@https://registry.npmjs.org/@jridgewell/trace-mapping/-/trace-mapping-0.3.25.tgz 0ms (cache hit)
327 http cache @jridgewell/sourcemap-codec@https://registry.npmjs.org/@jridgewell/sourcemap-codec/-/sourcemap-codec-1.5.0.tgz 0ms (cache hit)
328 http cache @jridgewell/set-array@https://registry.npmjs.org/@jridgewell/set-array/-/set-array-1.2.1.tgz 0ms (cache hit)
329 http cache @jridgewell/resolve-uri@https://registry.npmjs.org/@jridgewell/resolve-uri/-/resolve-uri-3.1.2.tgz 0ms (cache hit)
330 http cache @isaacs/cliui@https://registry.npmjs.org/@isaacs/cliui/-/cliui-8.0.2.tgz 0ms (cache hit)
331 http cache @jridgewell/gen-mapping@https://registry.npmjs.org/@jridgewell/gen-mapping/-/gen-mapping-0.3.8.tgz 0ms (cache hit)
332 http cache @img/sharp-win32-x64@https://registry.npmjs.org/@img/sharp-win32-x64/-/sharp-win32-x64-0.33.5.tgz 0ms (cache hit)
333 http cache @emnapi/runtime@https://registry.npmjs.org/@emnapi/runtime/-/runtime-1.4.0.tgz 0ms (cache hit)
334 http cache @formatjs/intl-localematcher@https://registry.npmjs.org/@formatjs/intl-localematcher/-/intl-localematcher-0.6.1.tgz 0ms (cache hit)
335 http cache @babel/types@https://registry.npmjs.org/@babel/types/-/types-7.27.0.tgz 0ms (cache hit)
336 http cache @babel/traverse@https://registry.npmjs.org/@babel/traverse/-/traverse-7.27.0.tgz 0ms (cache hit)
337 http cache @babel/template@https://registry.npmjs.org/@babel/template/-/template-7.27.0.tgz 0ms (cache hit)
338 http cache @babel/runtime@https://registry.npmjs.org/@babel/runtime/-/runtime-7.27.0.tgz 0ms (cache hit)
339 http cache babel-plugin-polyfill-corejs3@https://registry.npmjs.org/babel-plugin-polyfill-corejs3/-/babel-plugin-polyfill-corejs3-0.11.1.tgz 0ms (cache hit)
340 http cache @babel/preset-react@https://registry.npmjs.org/@babel/preset-react/-/preset-react-7.26.3.tgz 0ms (cache hit)
341 http cache @babel/preset-typescript@https://registry.npmjs.org/@babel/preset-typescript/-/preset-typescript-7.27.0.tgz 0ms (cache hit)
342 http cache @babel/preset-modules@https://registry.npmjs.org/@babel/preset-modules/-/preset-modules-0.1.6-no-external-plugins.tgz 0ms (cache hit)
343 http cache @babel/preset-env@https://registry.npmjs.org/@babel/preset-env/-/preset-env-7.26.9.tgz 0ms (cache hit)
344 http cache @babel/plugin-transform-unicode-sets-regex@https://registry.npmjs.org/@babel/plugin-transform-unicode-sets-regex/-/plugin-transform-unicode-sets-regex-7.25.9.tgz 0ms (cache hit)
345 http cache @babel/plugin-transform-unicode-regex@https://registry.npmjs.org/@babel/plugin-transform-unicode-regex/-/plugin-transform-unicode-regex-7.25.9.tgz 0ms (cache hit)
346 http cache @babel/plugin-transform-unicode-property-regex@https://registry.npmjs.org/@babel/plugin-transform-unicode-property-regex/-/plugin-transform-unicode-property-regex-7.25.9.tgz 0ms (cache hit)
347 http cache @babel/plugin-transform-typescript@https://registry.npmjs.org/@babel/plugin-transform-typescript/-/plugin-transform-typescript-7.27.0.tgz 0ms (cache hit)
348 http cache @babel/plugin-transform-unicode-escapes@https://registry.npmjs.org/@babel/plugin-transform-unicode-escapes/-/plugin-transform-unicode-escapes-7.25.9.tgz 0ms (cache hit)
349 http cache @babel/plugin-transform-typeof-symbol@https://registry.npmjs.org/@babel/plugin-transform-typeof-symbol/-/plugin-transform-typeof-symbol-7.27.0.tgz 0ms (cache hit)
350 http cache @babel/plugin-transform-template-literals@https://registry.npmjs.org/@babel/plugin-transform-template-literals/-/plugin-transform-template-literals-7.26.8.tgz 0ms (cache hit)
351 http cache @babel/plugin-transform-sticky-regex@https://registry.npmjs.org/@babel/plugin-transform-sticky-regex/-/plugin-transform-sticky-regex-7.25.9.tgz 0ms (cache hit)
352 http cache @babel/plugin-transform-spread@https://registry.npmjs.org/@babel/plugin-transform-spread/-/plugin-transform-spread-7.25.9.tgz 0ms (cache hit)
353 http cache @babel/plugin-transform-shorthand-properties@https://registry.npmjs.org/@babel/plugin-transform-shorthand-properties/-/plugin-transform-shorthand-properties-7.25.9.tgz 0ms (cache hit)
354 http cache @babel/plugin-transform-reserved-words@https://registry.npmjs.org/@babel/plugin-transform-reserved-words/-/plugin-transform-reserved-words-7.25.9.tgz 0ms (cache hit)
355 http cache @babel/plugin-transform-regenerator@https://registry.npmjs.org/@babel/plugin-transform-regenerator/-/plugin-transform-regenerator-7.27.0.tgz 0ms (cache hit)
356 http cache @babel/plugin-transform-regexp-modifiers@https://registry.npmjs.org/@babel/plugin-transform-regexp-modifiers/-/plugin-transform-regexp-modifiers-7.26.0.tgz 0ms (cache hit)
357 http cache @babel/plugin-transform-react-jsx-development@https://registry.npmjs.org/@babel/plugin-transform-react-jsx-development/-/plugin-transform-react-jsx-development-7.25.9.tgz 0ms (cache hit)
358 http cache @babel/plugin-transform-react-pure-annotations@https://registry.npmjs.org/@babel/plugin-transform-react-pure-annotations/-/plugin-transform-react-pure-annotations-7.25.9.tgz 0ms (cache hit)
359 http cache @babel/plugin-transform-react-display-name@https://registry.npmjs.org/@babel/plugin-transform-react-display-name/-/plugin-transform-react-display-name-7.25.9.tgz 0ms (cache hit)
360 http cache @babel/plugin-transform-react-jsx@https://registry.npmjs.org/@babel/plugin-transform-react-jsx/-/plugin-transform-react-jsx-7.25.9.tgz 0ms (cache hit)
361 http cache @babel/plugin-transform-property-literals@https://registry.npmjs.org/@babel/plugin-transform-property-literals/-/plugin-transform-property-literals-7.25.9.tgz 0ms (cache hit)
362 http cache @babel/plugin-transform-react-constant-elements@https://registry.npmjs.org/@babel/plugin-transform-react-constant-elements/-/plugin-transform-react-constant-elements-7.25.9.tgz 0ms (cache hit)
363 http cache @babel/plugin-transform-private-methods@https://registry.npmjs.org/@babel/plugin-transform-private-methods/-/plugin-transform-private-methods-7.25.9.tgz 0ms (cache hit)
364 http cache @babel/plugin-transform-private-property-in-object@https://registry.npmjs.org/@babel/plugin-transform-private-property-in-object/-/plugin-transform-private-property-in-object-7.25.9.tgz 0ms (cache hit)
365 http cache @babel/plugin-transform-optional-chaining@https://registry.npmjs.org/@babel/plugin-transform-optional-chaining/-/plugin-transform-optional-chaining-7.25.9.tgz 0ms (cache hit)
366 http cache @babel/plugin-transform-parameters@https://registry.npmjs.org/@babel/plugin-transform-parameters/-/plugin-transform-parameters-7.25.9.tgz 0ms (cache hit)
367 http cache @babel/plugin-transform-object-super@https://registry.npmjs.org/@babel/plugin-transform-object-super/-/plugin-transform-object-super-7.25.9.tgz 0ms (cache hit)
368 http cache @babel/plugin-transform-object-rest-spread@https://registry.npmjs.org/@babel/plugin-transform-object-rest-spread/-/plugin-transform-object-rest-spread-7.25.9.tgz 0ms (cache hit)
369 http cache @babel/plugin-transform-numeric-separator@https://registry.npmjs.org/@babel/plugin-transform-numeric-separator/-/plugin-transform-numeric-separator-7.25.9.tgz 0ms (cache hit)
370 http cache @babel/plugin-transform-nullish-coalescing-operator@https://registry.npmjs.org/@babel/plugin-transform-nullish-coalescing-operator/-/plugin-transform-nullish-coalescing-operator-7.26.6.tgz 0ms (cache hit)
371 http cache @babel/plugin-transform-new-target@https://registry.npmjs.org/@babel/plugin-transform-new-target/-/plugin-transform-new-target-7.25.9.tgz 0ms (cache hit)
372 http cache @babel/plugin-transform-named-capturing-groups-regex@https://registry.npmjs.org/@babel/plugin-transform-named-capturing-groups-regex/-/plugin-transform-named-capturing-groups-regex-7.25.9.tgz 0ms (cache hit)
373 http cache @babel/plugin-transform-modules-umd@https://registry.npmjs.org/@babel/plugin-transform-modules-umd/-/plugin-transform-modules-umd-7.25.9.tgz 0ms (cache hit)
374 http cache @babel/plugin-transform-modules-systemjs@https://registry.npmjs.org/@babel/plugin-transform-modules-systemjs/-/plugin-transform-modules-systemjs-7.25.9.tgz 0ms (cache hit)
375 http cache @babel/plugin-transform-modules-commonjs@https://registry.npmjs.org/@babel/plugin-transform-modules-commonjs/-/plugin-transform-modules-commonjs-7.26.3.tgz 0ms (cache hit)
376 http cache @babel/plugin-transform-modules-amd@https://registry.npmjs.org/@babel/plugin-transform-modules-amd/-/plugin-transform-modules-amd-7.25.9.tgz 0ms (cache hit)
377 http cache @babel/plugin-transform-member-expression-literals@https://registry.npmjs.org/@babel/plugin-transform-member-expression-literals/-/plugin-transform-member-expression-literals-7.25.9.tgz 0ms (cache hit)
378 http cache @babel/plugin-transform-logical-assignment-operators@https://registry.npmjs.org/@babel/plugin-transform-logical-assignment-operators/-/plugin-transform-logical-assignment-operators-7.25.9.tgz 0ms (cache hit)
379 http cache @babel/plugin-transform-literals@https://registry.npmjs.org/@babel/plugin-transform-literals/-/plugin-transform-literals-7.25.9.tgz 0ms (cache hit)
380 http cache @babel/plugin-transform-json-strings@https://registry.npmjs.org/@babel/plugin-transform-json-strings/-/plugin-transform-json-strings-7.25.9.tgz 0ms (cache hit)
381 http cache @babel/plugin-transform-function-name@https://registry.npmjs.org/@babel/plugin-transform-function-name/-/plugin-transform-function-name-7.25.9.tgz 0ms (cache hit)
382 http cache @babel/plugin-transform-for-of@https://registry.npmjs.org/@babel/plugin-transform-for-of/-/plugin-transform-for-of-7.26.9.tgz 0ms (cache hit)
383 http cache @babel/plugin-transform-export-namespace-from@https://registry.npmjs.org/@babel/plugin-transform-export-namespace-from/-/plugin-transform-export-namespace-from-7.25.9.tgz 0ms (cache hit)
384 http cache @babel/plugin-transform-exponentiation-operator@https://registry.npmjs.org/@babel/plugin-transform-exponentiation-operator/-/plugin-transform-exponentiation-operator-7.26.3.tgz 0ms (cache hit)
385 http cache @babel/plugin-transform-dynamic-import@https://registry.npmjs.org/@babel/plugin-transform-dynamic-import/-/plugin-transform-dynamic-import-7.25.9.tgz 0ms (cache hit)
386 http cache @babel/plugin-transform-duplicate-named-capturing-groups-regex@https://registry.npmjs.org/@babel/plugin-transform-duplicate-named-capturing-groups-regex/-/plugin-transform-duplicate-named-capturing-groups-regex-7.25.9.tgz 0ms (cache hit)
387 http cache @babel/plugin-transform-duplicate-keys@https://registry.npmjs.org/@babel/plugin-transform-duplicate-keys/-/plugin-transform-duplicate-keys-7.25.9.tgz 0ms (cache hit)
388 http cache @babel/plugin-transform-dotall-regex@https://registry.npmjs.org/@babel/plugin-transform-dotall-regex/-/plugin-transform-dotall-regex-7.25.9.tgz 0ms (cache hit)
389 http cache @babel/plugin-transform-destructuring@https://registry.npmjs.org/@babel/plugin-transform-destructuring/-/plugin-transform-destructuring-7.25.9.tgz 0ms (cache hit)
390 http cache @babel/plugin-transform-classes@https://registry.npmjs.org/@babel/plugin-transform-classes/-/plugin-transform-classes-7.25.9.tgz 0ms (cache hit)
391 http cache @babel/plugin-transform-computed-properties@https://registry.npmjs.org/@babel/plugin-transform-computed-properties/-/plugin-transform-computed-properties-7.25.9.tgz 0ms (cache hit)
392 http cache @babel/plugin-transform-class-static-block@https://registry.npmjs.org/@babel/plugin-transform-class-static-block/-/plugin-transform-class-static-block-7.26.0.tgz 0ms (cache hit)
393 http cache @babel/plugin-transform-class-properties@https://registry.npmjs.org/@babel/plugin-transform-class-properties/-/plugin-transform-class-properties-7.25.9.tgz 0ms (cache hit)
394 http cache @babel/plugin-transform-block-scoping@https://registry.npmjs.org/@babel/plugin-transform-block-scoping/-/plugin-transform-block-scoping-7.27.0.tgz 0ms (cache hit)
395 http cache @babel/plugin-transform-block-scoped-functions@https://registry.npmjs.org/@babel/plugin-transform-block-scoped-functions/-/plugin-transform-block-scoped-functions-7.26.5.tgz 0ms (cache hit)
396 http cache @babel/plugin-transform-async-to-generator@https://registry.npmjs.org/@babel/plugin-transform-async-to-generator/-/plugin-transform-async-to-generator-7.25.9.tgz 0ms (cache hit)
397 http cache @babel/plugin-transform-optional-catch-binding@https://registry.npmjs.org/@babel/plugin-transform-optional-catch-binding/-/plugin-transform-optional-catch-binding-7.25.9.tgz 0ms (cache hit)
398 http cache @babel/plugin-transform-async-generator-functions@https://registry.npmjs.org/@babel/plugin-transform-async-generator-functions/-/plugin-transform-async-generator-functions-7.26.8.tgz 0ms (cache hit)
399 http cache @babel/plugin-transform-arrow-functions@https://registry.npmjs.org/@babel/plugin-transform-arrow-functions/-/plugin-transform-arrow-functions-7.25.9.tgz 0ms (cache hit)
400 http cache @babel/plugin-syntax-unicode-sets-regex@https://registry.npmjs.org/@babel/plugin-syntax-unicode-sets-regex/-/plugin-syntax-unicode-sets-regex-7.18.6.tgz 0ms (cache hit)
401 http cache @babel/plugin-syntax-jsx@https://registry.npmjs.org/@babel/plugin-syntax-jsx/-/plugin-syntax-jsx-7.25.9.tgz 0ms (cache hit)
402 http cache @babel/plugin-syntax-typescript@https://registry.npmjs.org/@babel/plugin-syntax-typescript/-/plugin-syntax-typescript-7.25.9.tgz 0ms (cache hit)
403 http cache @babel/plugin-syntax-import-attributes@https://registry.npmjs.org/@babel/plugin-syntax-import-attributes/-/plugin-syntax-import-attributes-7.26.0.tgz 0ms (cache hit)
404 http cache @babel/plugin-syntax-import-assertions@https://registry.npmjs.org/@babel/plugin-syntax-import-assertions/-/plugin-syntax-import-assertions-7.26.0.tgz 0ms (cache hit)
405 http cache @babel/plugin-proposal-private-property-in-object@https://registry.npmjs.org/@babel/plugin-proposal-private-property-in-object/-/plugin-proposal-private-property-in-object-7.21.0-placeholder-for-preset-env.2.tgz 0ms (cache hit)
406 http cache @babel/plugin-bugfix-v8-spread-parameters-in-optional-chaining@https://registry.npmjs.org/@babel/plugin-bugfix-v8-spread-parameters-in-optional-chaining/-/plugin-bugfix-v8-spread-parameters-in-optional-chaining-7.25.9.tgz 0ms (cache hit)
407 http cache @babel/plugin-bugfix-safari-id-destructuring-collision-in-function-expression@https://registry.npmjs.org/@babel/plugin-bugfix-safari-id-destructuring-collision-in-function-expression/-/plugin-bugfix-safari-id-destructuring-collision-in-function-expression-7.25.9.tgz 0ms (cache hit)
408 http cache @babel/plugin-bugfix-v8-static-class-fields-redefine-readonly@https://registry.npmjs.org/@babel/plugin-bugfix-v8-static-class-fields-redefine-readonly/-/plugin-bugfix-v8-static-class-fields-redefine-readonly-7.25.9.tgz 0ms (cache hit)
409 http cache @babel/plugin-bugfix-safari-class-field-initializer-scope@https://registry.npmjs.org/@babel/plugin-bugfix-safari-class-field-initializer-scope/-/plugin-bugfix-safari-class-field-initializer-scope-7.25.9.tgz 0ms (cache hit)
410 http cache @babel/helpers@https://registry.npmjs.org/@babel/helpers/-/helpers-7.27.0.tgz 0ms (cache hit)
411 http cache @babel/plugin-bugfix-firefox-class-in-computed-class-key@https://registry.npmjs.org/@babel/plugin-bugfix-firefox-class-in-computed-class-key/-/plugin-bugfix-firefox-class-in-computed-class-key-7.25.9.tgz 0ms (cache hit)
412 http cache @babel/parser@https://registry.npmjs.org/@babel/parser/-/parser-7.27.0.tgz 0ms (cache hit)
413 http cache @babel/helper-wrap-function@https://registry.npmjs.org/@babel/helper-wrap-function/-/helper-wrap-function-7.25.9.tgz 0ms (cache hit)
414 http cache @babel/helper-validator-option@https://registry.npmjs.org/@babel/helper-validator-option/-/helper-validator-option-7.25.9.tgz 0ms (cache hit)
415 http cache @babel/helper-validator-identifier@https://registry.npmjs.org/@babel/helper-validator-identifier/-/helper-validator-identifier-7.25.9.tgz 0ms (cache hit)
416 http cache @babel/helper-string-parser@https://registry.npmjs.org/@babel/helper-string-parser/-/helper-string-parser-7.25.9.tgz 0ms (cache hit)
417 http cache @babel/helper-skip-transparent-expression-wrappers@https://registry.npmjs.org/@babel/helper-skip-transparent-expression-wrappers/-/helper-skip-transparent-expression-wrappers-7.25.9.tgz 0ms (cache hit)
418 http cache @babel/helper-replace-supers@https://registry.npmjs.org/@babel/helper-replace-supers/-/helper-replace-supers-7.26.5.tgz 0ms (cache hit)
419 http cache @babel/helper-remap-async-to-generator@https://registry.npmjs.org/@babel/helper-remap-async-to-generator/-/helper-remap-async-to-generator-7.25.9.tgz 0ms (cache hit)
420 http cache @babel/helper-plugin-utils@https://registry.npmjs.org/@babel/helper-plugin-utils/-/helper-plugin-utils-7.26.5.tgz 0ms (cache hit)
421 http cache @babel/helper-optimise-call-expression@https://registry.npmjs.org/@babel/helper-optimise-call-expression/-/helper-optimise-call-expression-7.25.9.tgz 0ms (cache hit)
422 http cache @babel/helper-module-transforms@https://registry.npmjs.org/@babel/helper-module-transforms/-/helper-module-transforms-7.26.0.tgz 0ms (cache hit)
423 http cache @babel/helper-module-imports@https://registry.npmjs.org/@babel/helper-module-imports/-/helper-module-imports-7.25.9.tgz 0ms (cache hit)
424 http cache @babel/helper-member-expression-to-functions@https://registry.npmjs.org/@babel/helper-member-expression-to-functions/-/helper-member-expression-to-functions-7.25.9.tgz 0ms (cache hit)
425 http cache @babel/helper-define-polyfill-provider@https://registry.npmjs.org/@babel/helper-define-polyfill-provider/-/helper-define-polyfill-provider-0.6.4.tgz 0ms (cache hit)
426 http cache @babel/helper-create-regexp-features-plugin@https://registry.npmjs.org/@babel/helper-create-regexp-features-plugin/-/helper-create-regexp-features-plugin-7.27.0.tgz 0ms (cache hit)
427 http cache @babel/helper-create-class-features-plugin@https://registry.npmjs.org/@babel/helper-create-class-features-plugin/-/helper-create-class-features-plugin-7.27.0.tgz 0ms (cache hit)
428 http cache @babel/helper-compilation-targets@https://registry.npmjs.org/@babel/helper-compilation-targets/-/helper-compilation-targets-7.27.0.tgz 0ms (cache hit)
429 http cache @babel/helper-annotate-as-pure@https://registry.npmjs.org/@babel/helper-annotate-as-pure/-/helper-annotate-as-pure-7.25.9.tgz 0ms (cache hit)
430 http cache @babel/generator@https://registry.npmjs.org/@babel/generator/-/generator-7.27.0.tgz 0ms (cache hit)
431 http cache @babel/core@https://registry.npmjs.org/@babel/core/-/core-7.26.10.tgz 0ms (cache hit)
432 http cache @babel/compat-data@https://registry.npmjs.org/@babel/compat-data/-/compat-data-7.26.8.tgz 0ms (cache hit)
433 http cache @babel/code-frame@https://registry.npmjs.org/@babel/code-frame/-/code-frame-7.26.2.tgz 0ms (cache hit)
434 http cache @ampproject/remapping@https://registry.npmjs.org/@ampproject/remapping/-/remapping-2.3.0.tgz 0ms (cache hit)
435 http cache @alloc/quick-lru@https://registry.npmjs.org/@alloc/quick-lru/-/quick-lru-5.2.0.tgz 0ms (cache hit)
436 http cache strip-ansi@https://registry.npmjs.org/strip-ansi/-/strip-ansi-6.0.1.tgz 0ms (cache hit)
437 http cache string-width@https://registry.npmjs.org/string-width/-/string-width-4.2.3.tgz 0ms (cache hit)
438 http cache emoji-regex@https://registry.npmjs.org/emoji-regex/-/emoji-regex-8.0.0.tgz 0ms (cache hit)
439 http cache ansi-styles@https://registry.npmjs.org/ansi-styles/-/ansi-styles-4.3.0.tgz 0ms (cache hit)
440 http cache ansi-regex@https://registry.npmjs.org/ansi-regex/-/ansi-regex-5.0.1.tgz 0ms (cache hit)
441 http cache jiti@https://registry.npmjs.org/jiti/-/jiti-1.21.7.tgz 0ms (cache hit)
442 http cache commander@https://registry.npmjs.org/commander/-/commander-4.1.1.tgz 0ms (cache hit)
443 http cache ansi-regex@https://registry.npmjs.org/ansi-regex/-/ansi-regex-5.0.1.tgz 0ms (cache hit)
444 http cache emoji-regex@https://registry.npmjs.org/emoji-regex/-/emoji-regex-8.0.0.tgz 0ms (cache hit)
445 http cache strip-ansi@https://registry.npmjs.org/strip-ansi/-/strip-ansi-6.0.1.tgz 0ms (cache hit)
446 http cache ansi-regex@https://registry.npmjs.org/ansi-regex/-/ansi-regex-5.0.1.tgz 0ms (cache hit)
447 http cache lru-cache@https://registry.npmjs.org/lru-cache/-/lru-cache-10.4.3.tgz 0ms (cache hit)
448 http cache jsesc@https://registry.npmjs.org/jsesc/-/jsesc-3.0.2.tgz 0ms (cache hit)
449 http cache glob-parent@https://registry.npmjs.org/glob-parent/-/glob-parent-5.1.2.tgz 0ms (cache hit)
450 http cache postcss@https://registry.npmjs.org/postcss/-/postcss-8.4.31.tgz 0ms (cache hit)
451 http cache is-arrayish@https://registry.npmjs.org/is-arrayish/-/is-arrayish-0.2.1.tgz 0ms (cache hit)
452 http cache mdn-data@https://registry.npmjs.org/mdn-data/-/mdn-data-2.0.28.tgz 1ms (cache hit)
453 http cache css-tree@https://registry.npmjs.org/css-tree/-/css-tree-2.2.1.tgz 0ms (cache hit)
454 http cache glob-parent@https://registry.npmjs.org/glob-parent/-/glob-parent-5.1.2.tgz 0ms (cache hit)
455 http cache semver@https://registry.npmjs.org/semver/-/semver-6.3.1.tgz 0ms (cache hit)
456 http cache tailwindcss@https://registry.npmjs.org/tailwindcss/-/tailwindcss-4.1.3.tgz 0ms (cache hit)
457 http cache tailwindcss@https://registry.npmjs.org/tailwindcss/-/tailwindcss-4.1.3.tgz 0ms (cache hit)
458 http cache semver@https://registry.npmjs.org/semver/-/semver-6.3.1.tgz 0ms (cache hit)
459 http cache semver@https://registry.npmjs.org/semver/-/semver-6.3.1.tgz 0ms (cache hit)
460 http cache semver@https://registry.npmjs.org/semver/-/semver-6.3.1.tgz 0ms (cache hit)
461 http cache semver@https://registry.npmjs.org/semver/-/semver-6.3.1.tgz 0ms (cache hit)
462 http cache semver@https://registry.npmjs.org/semver/-/semver-6.3.1.tgz 0ms (cache hit)
463 http fetch POST 200 https://registry.npmjs.org/-/npm/v1/security/advisories/bulk 3582ms
464 silly audit report {}
465 info run sharp@0.33.5 install node_modules/sharp node install/check
466 info run sharp@0.33.5 install { code: 0, signal: null }
467 silly ADD node_modules/yaml
468 silly ADD node_modules/yallist
469 silly ADD node_modules/wrap-ansi-cjs
470 silly ADD node_modules/wrap-ansi-cjs/node_modules/strip-ansi
471 silly ADD node_modules/wrap-ansi-cjs/node_modules/string-width
472 silly ADD node_modules/wrap-ansi-cjs/node_modules/emoji-regex
473 silly ADD node_modules/wrap-ansi-cjs/node_modules/ansi-styles
474 silly ADD node_modules/wrap-ansi-cjs/node_modules/ansi-regex
475 silly ADD node_modules/wrap-ansi
476 silly ADD node_modules/which
477 silly ADD node_modules/util-deprecate
478 silly ADD node_modules/update-browserslist-db
479 silly ADD node_modules/unicode-property-aliases-ecmascript
480 silly ADD node_modules/unicode-match-property-value-ecmascript
481 silly ADD node_modules/unicode-match-property-ecmascript
482 silly ADD node_modules/unicode-canonical-property-names-ecmascript
483 silly ADD node_modules/undici-types
484 silly ADD node_modules/typescript
485 silly ADD node_modules/tslib
486 silly ADD node_modules/ts-interface-checker
487 silly ADD node_modules/to-regex-range
488 silly ADD node_modules/thenify-all
489 silly ADD node_modules/thenify
490 silly ADD node_modules/tapable
491 silly ADD node_modules/tailwindcss
492 silly ADD node_modules/tailwindcss/node_modules/jiti
493 silly ADD node_modules/svgo
494 silly ADD node_modules/svg-parser
495 silly ADD node_modules/supports-preserve-symlinks-flag
496 silly ADD node_modules/sucrase
497 silly ADD node_modules/sucrase/node_modules/commander
498 silly ADD node_modules/styled-jsx
499 silly ADD node_modules/strip-ansi-cjs
500 silly ADD node_modules/strip-ansi-cjs/node_modules/ansi-regex
501 silly ADD node_modules/strip-ansi
502 silly ADD node_modules/string-width-cjs
503 silly ADD node_modules/string-width-cjs/node_modules/strip-ansi
504 silly ADD node_modules/string-width-cjs/node_modules/emoji-regex
505 silly ADD node_modules/string-width-cjs/node_modules/ansi-regex
506 silly ADD node_modules/string-width
507 silly ADD node_modules/streamsearch
508 silly ADD node_modules/source-map-js
509 silly ADD node_modules/snake-case
510 silly ADD node_modules/simple-swizzle
511 silly ADD node_modules/signal-exit
512 silly ADD node_modules/shebang-regex
513 silly ADD node_modules/shebang-command
514 silly ADD node_modules/sharp
515 silly ADD node_modules/semver
516 silly ADD node_modules/scheduler
517 silly ADD node_modules/run-parallel
518 silly ADD node_modules/reusify
519 silly ADD node_modules/resolve-from
520 silly ADD node_modules/resolve
521 silly ADD node_modules/regjsparser
522 silly ADD node_modules/regjsparser/node_modules/jsesc
523 silly ADD node_modules/regjsgen
524 silly ADD node_modules/regexpu-core
525 silly ADD node_modules/regenerator-transform
526 silly ADD node_modules/regenerator-runtime
527 silly ADD node_modules/regenerate-unicode-properties
528 silly ADD node_modules/regenerate
529 silly ADD node_modules/readdirp
530 silly ADD node_modules/read-cache
531 silly ADD node_modules/react-transition-group
532 silly ADD node_modules/react-is
533 silly ADD node_modules/react-dom
534 silly ADD node_modules/react
535 silly ADD node_modules/queue-microtask
536 silly ADD node_modules/prop-types
537 silly ADD node_modules/prettier-plugin-tailwindcss
538 silly ADD node_modules/prettier
539 silly ADD node_modules/postcss-value-parser
540 silly ADD node_modules/postcss-selector-parser
541 silly ADD node_modules/postcss-nested
542 silly ADD node_modules/postcss-load-config
543 silly ADD node_modules/postcss-js
544 silly ADD node_modules/postcss-import
545 silly ADD node_modules/postcss
546 silly ADD node_modules/pirates
547 silly ADD node_modules/pify
548 silly ADD node_modules/picomatch
549 silly ADD node_modules/picocolors
550 silly ADD node_modules/path-type
551 silly ADD node_modules/path-scurry
552 silly ADD node_modules/path-scurry/node_modules/lru-cache
553 silly ADD node_modules/path-parse
554 silly ADD node_modules/path-key
555 silly ADD node_modules/parse-json
556 silly ADD node_modules/parent-module
557 silly ADD node_modules/package-json-from-dist
558 silly ADD node_modules/object-hash
559 silly ADD node_modules/object-assign
560 silly ADD node_modules/nth-check
561 silly ADD node_modules/normalize-range
562 silly ADD node_modules/normalize-path
563 silly ADD node_modules/node-releases
564 silly ADD node_modules/no-case
565 silly ADD node_modules/next
566 silly ADD node_modules/next/node_modules/postcss
567 silly ADD node_modules/nanoid
568 silly ADD node_modules/mz
569 silly ADD node_modules/ms
570 silly ADD node_modules/minipass
571 silly ADD node_modules/minimatch
572 silly ADD node_modules/micromatch
573 silly ADD node_modules/merge2
574 silly ADD node_modules/mdn-data
575 silly ADD node_modules/lru-cache
576 silly ADD node_modules/lower-case
577 silly ADD node_modules/loose-envify
578 silly ADD node_modules/lodash.debounce
579 silly ADD node_modules/lines-and-columns
580 silly ADD node_modules/lilconfig
581 silly ADD node_modules/lightningcss-win32-x64-msvc
582 silly ADD
583 silly ADD
584 silly ADD
585 silly ADD
586 silly ADD
587 silly ADD
588 silly ADD
589 silly ADD
590 silly ADD
591 silly ADD node_modules/lightningcss
592 silly ADD node_modules/json5
593 silly ADD node_modules/json-parse-even-better-errors
594 silly ADD node_modules/jsesc
595 silly ADD node_modules/js-yaml
596 silly ADD node_modules/js-tokens
597 silly ADD node_modules/jiti
598 silly ADD node_modules/jackspeak
599 silly ADD node_modules/isexe
600 silly ADD node_modules/is-number
601 silly ADD node_modules/is-glob
602 silly ADD node_modules/is-fullwidth-code-point
603 silly ADD node_modules/is-extglob
604 silly ADD node_modules/is-core-module
605 silly ADD node_modules/is-binary-path
606 silly ADD node_modules/is-arrayish
607 silly ADD node_modules/import-fresh
608 silly ADD node_modules/hasown
609 silly ADD node_modules/graceful-fs
610 silly ADD node_modules/globals
611 silly ADD node_modules/glob-parent
612 silly ADD node_modules/glob
613 silly ADD node_modules/gensync
614 silly ADD node_modules/function-bind
615 silly ADD
616 silly ADD node_modules/fraction.js
617 silly ADD node_modules/foreground-child
618 silly ADD node_modules/fill-range
619 silly ADD node_modules/fastq
620 silly ADD node_modules/fast-glob
621 silly ADD node_modules/fast-glob/node_modules/glob-parent
622 silly ADD node_modules/esutils
623 silly ADD node_modules/escalade
624 silly ADD node_modules/error-ex
625 silly ADD node_modules/error-ex/node_modules/is-arrayish
626 silly ADD node_modules/entities
627 silly ADD node_modules/enhanced-resolve
628 silly ADD node_modules/emoji-regex
629 silly ADD node_modules/electron-to-chromium
630 silly ADD node_modules/eastasianwidth
631 silly ADD node_modules/dot-case
632 silly ADD node_modules/domutils
633 silly ADD node_modules/domhandler
634 silly ADD node_modules/domelementtype
635 silly ADD node_modules/dom-serializer
636 silly ADD node_modules/dom-helpers
637 silly ADD node_modules/dlv
638 silly ADD node_modules/didyoumean
639 silly ADD node_modules/detect-libc
640 silly ADD node_modules/deepmerge
641 silly ADD node_modules/debug
642 silly ADD node_modules/csstype
643 silly ADD node_modules/csso
644 silly ADD node_modules/csso/node_modules/mdn-data
645 silly ADD node_modules/csso/node_modules/css-tree
646 silly ADD node_modules/cssesc
647 silly ADD node_modules/css-what
648 silly ADD node_modules/css-tree
649 silly ADD node_modules/css-select
650 silly ADD node_modules/cross-spawn
651 silly ADD node_modules/cosmiconfig
652 silly ADD node_modules/core-js-compat
653 silly ADD node_modules/convert-source-map
654 silly ADD node_modules/commander
655 silly ADD node_modules/color-string
656 silly ADD node_modules/color-name
657 silly ADD node_modules/color-convert
658 silly ADD node_modules/color
659 silly ADD node_modules/client-only
660 silly ADD node_modules/classnames
661 silly ADD node_modules/chokidar
662 silly ADD node_modules/chokidar/node_modules/glob-parent
663 silly ADD node_modules/caniuse-lite
664 silly ADD node_modules/camelcase-css
665 silly ADD node_modules/camelcase
666 silly ADD node_modules/callsites
667 silly ADD node_modules/busboy
668 silly ADD node_modules/browserslist
669 silly ADD node_modules/braces
670 silly ADD node_modules/brace-expansion
671 silly ADD node_modules/boolbase
672 silly ADD node_modules/binary-extensions
673 silly ADD node_modules/balanced-match
674 silly ADD node_modules/babel-plugin-polyfill-regenerator
675 silly ADD node_modules/babel-plugin-polyfill-corejs3
676 silly ADD node_modules/babel-plugin-polyfill-corejs2
677 silly ADD node_modules/babel-plugin-polyfill-corejs2/node_modules/semver
678 silly ADD node_modules/autoprefixer
679 silly ADD node_modules/argparse
680 silly ADD node_modules/arg
681 silly ADD node_modules/anymatch
682 silly ADD node_modules/any-promise
683 silly ADD node_modules/ansi-styles
684 silly ADD node_modules/ansi-regex
685 silly ADD node_modules/@types/react-dom
686 silly ADD node_modules/@types/react
687 silly ADD node_modules/@types/node
688 silly ADD node_modules/@trysound/sax
689 silly ADD node_modules/@tailwindcss/postcss
690 silly ADD node_modules/@tailwindcss/postcss/node_modules/tailwindcss
691 silly ADD node_modules/@tailwindcss/oxide-win32-x64-msvc
692 silly ADD
693 silly ADD
694 silly ADD
695 silly ADD
696 silly ADD
697 silly ADD
698 silly ADD
699 silly ADD
700 silly ADD
701 silly ADD
702 silly ADD node_modules/@tailwindcss/oxide
703 silly ADD node_modules/@tailwindcss/node
704 silly ADD node_modules/@tailwindcss/node/node_modules/tailwindcss
705 silly ADD node_modules/@swc/helpers
706 silly ADD node_modules/@swc/counter
707 silly ADD node_modules/@svgr/webpack
708 silly ADD node_modules/@svgr/plugin-svgo
709 silly ADD node_modules/@svgr/plugin-jsx
710 silly ADD node_modules/@svgr/hast-util-to-babel-ast
711 silly ADD node_modules/@svgr/core
712 silly ADD node_modules/@svgr/babel-preset
713 silly ADD node_modules/@svgr/babel-plugin-transform-svg-component
714 silly ADD node_modules/@svgr/babel-plugin-transform-react-native-svg
715 silly ADD node_modules/@svgr/babel-plugin-svg-em-dimensions
716 silly ADD node_modules/@svgr/babel-plugin-svg-dynamic-title
717 silly ADD node_modules/@svgr/babel-plugin-replace-jsx-attribute-value
718 silly ADD node_modules/@svgr/babel-plugin-remove-jsx-empty-expression
719 silly ADD node_modules/@svgr/babel-plugin-remove-jsx-attribute
720 silly ADD node_modules/@svgr/babel-plugin-add-jsx-attribute
721 silly ADD node_modules/@pkgjs/parseargs
722 silly ADD node_modules/@nodelib/fs.walk
723 silly ADD node_modules/@nodelib/fs.stat
724 silly ADD node_modules/@nodelib/fs.scandir
725 silly ADD node_modules/@next/swc-win32-x64-msvc
726 silly ADD
727 silly ADD
728 silly ADD
729 silly ADD
730 silly ADD
731 silly ADD
732 silly ADD
733 silly ADD node_modules/@next/env
734 silly ADD node_modules/@jridgewell/trace-mapping
735 silly ADD node_modules/@jridgewell/sourcemap-codec
736 silly ADD node_modules/@jridgewell/set-array
737 silly ADD node_modules/@jridgewell/resolve-uri
738 silly ADD node_modules/@jridgewell/gen-mapping
739 silly ADD node_modules/@isaacs/cliui
740 silly ADD node_modules/@img/sharp-win32-x64
741 silly ADD
742 silly ADD
743 silly ADD
744 silly ADD
745 silly ADD
746 silly ADD
747 silly ADD
748 silly ADD
749 silly ADD
750 silly ADD
751 silly ADD
752 silly ADD
753 silly ADD
754 silly ADD
755 silly ADD
756 silly ADD
757 silly ADD
758 silly ADD
759 silly ADD node_modules/@formatjs/intl-localematcher
760 silly ADD
761 silly ADD node_modules/@babel/types
762 silly ADD node_modules/@babel/traverse
763 silly ADD node_modules/@babel/template
764 silly ADD node_modules/@babel/runtime
765 silly ADD node_modules/@babel/preset-typescript
766 silly ADD node_modules/@babel/preset-react
767 silly ADD node_modules/@babel/preset-modules
768 silly ADD node_modules/@babel/preset-env
769 silly ADD node_modules/@babel/preset-env/node_modules/semver
770 silly ADD node_modules/@babel/plugin-transform-unicode-sets-regex
771 silly ADD node_modules/@babel/plugin-transform-unicode-regex
772 silly ADD node_modules/@babel/plugin-transform-unicode-property-regex
773 silly ADD node_modules/@babel/plugin-transform-unicode-escapes
774 silly ADD node_modules/@babel/plugin-transform-typescript
775 silly ADD node_modules/@babel/plugin-transform-typeof-symbol
776 silly ADD node_modules/@babel/plugin-transform-template-literals
777 silly ADD node_modules/@babel/plugin-transform-sticky-regex
778 silly ADD node_modules/@babel/plugin-transform-spread
779 silly ADD node_modules/@babel/plugin-transform-shorthand-properties
780 silly ADD node_modules/@babel/plugin-transform-reserved-words
781 silly ADD node_modules/@babel/plugin-transform-regexp-modifiers
782 silly ADD node_modules/@babel/plugin-transform-regenerator
783 silly ADD node_modules/@babel/plugin-transform-react-pure-annotations
784 silly ADD node_modules/@babel/plugin-transform-react-jsx-development
785 silly ADD node_modules/@babel/plugin-transform-react-jsx
786 silly ADD node_modules/@babel/plugin-transform-react-display-name
787 silly ADD node_modules/@babel/plugin-transform-react-constant-elements
788 silly ADD node_modules/@babel/plugin-transform-property-literals
789 silly ADD node_modules/@babel/plugin-transform-private-property-in-object
790 silly ADD node_modules/@babel/plugin-transform-private-methods
791 silly ADD node_modules/@babel/plugin-transform-parameters
792 silly ADD node_modules/@babel/plugin-transform-optional-chaining
793 silly ADD node_modules/@babel/plugin-transform-optional-catch-binding
794 silly ADD node_modules/@babel/plugin-transform-object-super
795 silly ADD node_modules/@babel/plugin-transform-object-rest-spread
796 silly ADD node_modules/@babel/plugin-transform-numeric-separator
797 silly ADD node_modules/@babel/plugin-transform-nullish-coalescing-operator
798 silly ADD node_modules/@babel/plugin-transform-new-target
799 silly ADD node_modules/@babel/plugin-transform-named-capturing-groups-regex
800 silly ADD node_modules/@babel/plugin-transform-modules-umd
801 silly ADD node_modules/@babel/plugin-transform-modules-systemjs
802 silly ADD node_modules/@babel/plugin-transform-modules-commonjs
803 silly ADD node_modules/@babel/plugin-transform-modules-amd
804 silly ADD node_modules/@babel/plugin-transform-member-expression-literals
805 silly ADD node_modules/@babel/plugin-transform-logical-assignment-operators
806 silly ADD node_modules/@babel/plugin-transform-literals
807 silly ADD node_modules/@babel/plugin-transform-json-strings
808 silly ADD node_modules/@babel/plugin-transform-function-name
809 silly ADD node_modules/@babel/plugin-transform-for-of
810 silly ADD node_modules/@babel/plugin-transform-export-namespace-from
811 silly ADD node_modules/@babel/plugin-transform-exponentiation-operator
812 silly ADD node_modules/@babel/plugin-transform-dynamic-import
813 silly ADD node_modules/@babel/plugin-transform-duplicate-named-capturing-groups-regex
814 silly ADD node_modules/@babel/plugin-transform-duplicate-keys
815 silly ADD node_modules/@babel/plugin-transform-dotall-regex
816 silly ADD node_modules/@babel/plugin-transform-destructuring
817 silly ADD node_modules/@babel/plugin-transform-computed-properties
818 silly ADD node_modules/@babel/plugin-transform-classes
819 silly ADD node_modules/@babel/plugin-transform-class-static-block
820 silly ADD node_modules/@babel/plugin-transform-class-properties
821 silly ADD node_modules/@babel/plugin-transform-block-scoping
822 silly ADD node_modules/@babel/plugin-transform-block-scoped-functions
823 silly ADD node_modules/@babel/plugin-transform-async-to-generator
824 silly ADD node_modules/@babel/plugin-transform-async-generator-functions
825 silly ADD node_modules/@babel/plugin-transform-arrow-functions
826 silly ADD node_modules/@babel/plugin-syntax-unicode-sets-regex
827 silly ADD node_modules/@babel/plugin-syntax-typescript
828 silly ADD node_modules/@babel/plugin-syntax-jsx
829 silly ADD node_modules/@babel/plugin-syntax-import-attributes
830 silly ADD node_modules/@babel/plugin-syntax-import-assertions
831 silly ADD node_modules/@babel/plugin-proposal-private-property-in-object
832 silly ADD node_modules/@babel/plugin-bugfix-v8-static-class-fields-redefine-readonly
833 silly ADD node_modules/@babel/plugin-bugfix-v8-spread-parameters-in-optional-chaining
834 silly ADD node_modules/@babel/plugin-bugfix-safari-id-destructuring-collision-in-function-expression
835 silly ADD node_modules/@babel/plugin-bugfix-safari-class-field-initializer-scope
836 silly ADD node_modules/@babel/plugin-bugfix-firefox-class-in-computed-class-key
837 silly ADD node_modules/@babel/parser
838 silly ADD node_modules/@babel/helpers
839 silly ADD node_modules/@babel/helper-wrap-function
840 silly ADD node_modules/@babel/helper-validator-option
841 silly ADD node_modules/@babel/helper-validator-identifier
842 silly ADD node_modules/@babel/helper-string-parser
843 silly ADD node_modules/@babel/helper-skip-transparent-expression-wrappers
844 silly ADD node_modules/@babel/helper-replace-supers
845 silly ADD node_modules/@babel/helper-remap-async-to-generator
846 silly ADD node_modules/@babel/helper-plugin-utils
847 silly ADD node_modules/@babel/helper-optimise-call-expression
848 silly ADD node_modules/@babel/helper-module-transforms
849 silly ADD node_modules/@babel/helper-module-imports
850 silly ADD node_modules/@babel/helper-member-expression-to-functions
851 silly ADD node_modules/@babel/helper-define-polyfill-provider
852 silly ADD node_modules/@babel/helper-create-regexp-features-plugin
853 silly ADD node_modules/@babel/helper-create-regexp-features-plugin/node_modules/semver
854 silly ADD node_modules/@babel/helper-create-class-features-plugin
855 silly ADD node_modules/@babel/helper-create-class-features-plugin/node_modules/semver
856 silly ADD node_modules/@babel/helper-compilation-targets
857 silly ADD node_modules/@babel/helper-compilation-targets/node_modules/semver
858 silly ADD node_modules/@babel/helper-annotate-as-pure
859 silly ADD node_modules/@babel/generator
860 silly ADD node_modules/@babel/core
861 silly ADD node_modules/@babel/core/node_modules/semver
862 silly ADD node_modules/@babel/compat-data
863 silly ADD node_modules/@babel/code-frame
864 silly ADD node_modules/@ampproject/remapping
865 silly ADD node_modules/@alloc/quick-lru
866 verbose cwd E:\lb-news
867 verbose os Windows_NT 10.0.19045
868 verbose node v22.14.0
869 verbose npm  v11.2.0
870 verbose exit 0
871 info ok
