0 verbose cli C:\Program Files\nodejs\node.exe C:\Users\denni\AppData\Roaming\npm\node_modules\npm\bin\npm-cli.js
1 info using npm@11.2.0
2 info using node@v22.14.0
3 silly config load:file:C:\Users\denni\AppData\Roaming\npm\node_modules\npm\npmrc
4 silly config load:file:E:\lb-news\.npmrc
5 silly config load:file:C:\Users\denni\.npmrc
6 silly config load:file:C:\Users\denni\AppData\Roaming\npm\etc\npmrc
7 verbose title npm i
8 verbose argv "i"
9 verbose logfile logs-max:10 dir:E:\lb-news\npm-cache\_logs\2025-04-06T09_41_12_532Z-
10 verbose logfile E:\lb-news\npm-cache\_logs\2025-04-06T09_41_12_532Z-debug-0.log
11 silly logfile start cleaning logs, removing 1 files
12 silly packumentCache heap:2197815296 maxSize:549453824 maxEntrySize:274726912
13 silly logfile done cleaning log files
14 silly idealTree buildDeps
15 silly fetch manifest swiper@^10.3.1
16 silly packumentCache full:https://registry.npmjs.org/swiper cache-miss
17 http fetch GET 200 https://registry.npmjs.org/swiper 487ms (cache miss)
18 silly packumentCache full:https://registry.npmjs.org/swiper set size:undefined disposed:false
19 silly placeDep ROOT swiper@10.3.1 OK for: lb-news@0.1.0 want: ^10.3.1
20 silly reify moves {}
21 silly audit bulk request {
21 silly audit   '@alloc/quick-lru': [ '5.2.0' ],
21 silly audit   '@ampproject/remapping': [ '2.3.0' ],
21 silly audit   '@babel/code-frame': [ '7.26.2' ],
21 silly audit   '@babel/compat-data': [ '7.26.8' ],
21 silly audit   '@babel/core': [ '7.26.10' ],
21 silly audit   semver: [ '6.3.1', '7.7.1' ],
21 silly audit   '@babel/generator': [ '7.27.0' ],
21 silly audit   '@babel/helper-annotate-as-pure': [ '7.25.9' ],
21 silly audit   '@babel/helper-compilation-targets': [ '7.27.0' ],
21 silly audit   '@babel/helper-create-class-features-plugin': [ '7.27.0' ],
21 silly audit   '@babel/helper-create-regexp-features-plugin': [ '7.27.0' ],
21 silly audit   '@babel/helper-define-polyfill-provider': [ '0.6.4' ],
21 silly audit   '@babel/helper-member-expression-to-functions': [ '7.25.9' ],
21 silly audit   '@babel/helper-module-imports': [ '7.25.9' ],
21 silly audit   '@babel/helper-module-transforms': [ '7.26.0' ],
21 silly audit   '@babel/helper-optimise-call-expression': [ '7.25.9' ],
21 silly audit   '@babel/helper-plugin-utils': [ '7.26.5' ],
21 silly audit   '@babel/helper-remap-async-to-generator': [ '7.25.9' ],
21 silly audit   '@babel/helper-replace-supers': [ '7.26.5' ],
21 silly audit   '@babel/helper-skip-transparent-expression-wrappers': [ '7.25.9' ],
21 silly audit   '@babel/helper-string-parser': [ '7.25.9' ],
21 silly audit   '@babel/helper-validator-identifier': [ '7.25.9' ],
21 silly audit   '@babel/helper-validator-option': [ '7.25.9' ],
21 silly audit   '@babel/helper-wrap-function': [ '7.25.9' ],
21 silly audit   '@babel/helpers': [ '7.27.0' ],
21 silly audit   '@babel/parser': [ '7.27.0' ],
21 silly audit   '@babel/plugin-bugfix-firefox-class-in-computed-class-key': [ '7.25.9' ],
21 silly audit   '@babel/plugin-bugfix-safari-class-field-initializer-scope': [ '7.25.9' ],
21 silly audit   '@babel/plugin-bugfix-safari-id-destructuring-collision-in-function-expression': [ '7.25.9' ],
21 silly audit   '@babel/plugin-bugfix-v8-spread-parameters-in-optional-chaining': [ '7.25.9' ],
21 silly audit   '@babel/plugin-bugfix-v8-static-class-fields-redefine-readonly': [ '7.25.9' ],
21 silly audit   '@babel/plugin-proposal-private-property-in-object': [ '7.21.0-placeholder-for-preset-env.2' ],
21 silly audit   '@babel/plugin-syntax-import-assertions': [ '7.26.0' ],
21 silly audit   '@babel/plugin-syntax-import-attributes': [ '7.26.0' ],
21 silly audit   '@babel/plugin-syntax-jsx': [ '7.25.9' ],
21 silly audit   '@babel/plugin-syntax-typescript': [ '7.25.9' ],
21 silly audit   '@babel/plugin-syntax-unicode-sets-regex': [ '7.18.6' ],
21 silly audit   '@babel/plugin-transform-arrow-functions': [ '7.25.9' ],
21 silly audit   '@babel/plugin-transform-async-generator-functions': [ '7.26.8' ],
21 silly audit   '@babel/plugin-transform-async-to-generator': [ '7.25.9' ],
21 silly audit   '@babel/plugin-transform-block-scoped-functions': [ '7.26.5' ],
21 silly audit   '@babel/plugin-transform-block-scoping': [ '7.27.0' ],
21 silly audit   '@babel/plugin-transform-class-properties': [ '7.25.9' ],
21 silly audit   '@babel/plugin-transform-class-static-block': [ '7.26.0' ],
21 silly audit   '@babel/plugin-transform-classes': [ '7.25.9' ],
21 silly audit   '@babel/plugin-transform-computed-properties': [ '7.25.9' ],
21 silly audit   '@babel/plugin-transform-destructuring': [ '7.25.9' ],
21 silly audit   '@babel/plugin-transform-dotall-regex': [ '7.25.9' ],
21 silly audit   '@babel/plugin-transform-duplicate-keys': [ '7.25.9' ],
21 silly audit   '@babel/plugin-transform-duplicate-named-capturing-groups-regex': [ '7.25.9' ],
21 silly audit   '@babel/plugin-transform-dynamic-import': [ '7.25.9' ],
21 silly audit   '@babel/plugin-transform-exponentiation-operator': [ '7.26.3' ],
21 silly audit   '@babel/plugin-transform-export-namespace-from': [ '7.25.9' ],
21 silly audit   '@babel/plugin-transform-for-of': [ '7.26.9' ],
21 silly audit   '@babel/plugin-transform-function-name': [ '7.25.9' ],
21 silly audit   '@babel/plugin-transform-json-strings': [ '7.25.9' ],
21 silly audit   '@babel/plugin-transform-literals': [ '7.25.9' ],
21 silly audit   '@babel/plugin-transform-logical-assignment-operators': [ '7.25.9' ],
21 silly audit   '@babel/plugin-transform-member-expression-literals': [ '7.25.9' ],
21 silly audit   '@babel/plugin-transform-modules-amd': [ '7.25.9' ],
21 silly audit   '@babel/plugin-transform-modules-commonjs': [ '7.26.3' ],
21 silly audit   '@babel/plugin-transform-modules-systemjs': [ '7.25.9' ],
21 silly audit   '@babel/plugin-transform-modules-umd': [ '7.25.9' ],
21 silly audit   '@babel/plugin-transform-named-capturing-groups-regex': [ '7.25.9' ],
21 silly audit   '@babel/plugin-transform-new-target': [ '7.25.9' ],
21 silly audit   '@babel/plugin-transform-nullish-coalescing-operator': [ '7.26.6' ],
21 silly audit   '@babel/plugin-transform-numeric-separator': [ '7.25.9' ],
21 silly audit   '@babel/plugin-transform-object-rest-spread': [ '7.25.9' ],
21 silly audit   '@babel/plugin-transform-object-super': [ '7.25.9' ],
21 silly audit   '@babel/plugin-transform-optional-catch-binding': [ '7.25.9' ],
21 silly audit   '@babel/plugin-transform-optional-chaining': [ '7.25.9' ],
21 silly audit   '@babel/plugin-transform-parameters': [ '7.25.9' ],
21 silly audit   '@babel/plugin-transform-private-methods': [ '7.25.9' ],
21 silly audit   '@babel/plugin-transform-private-property-in-object': [ '7.25.9' ],
21 silly audit   '@babel/plugin-transform-property-literals': [ '7.25.9' ],
21 silly audit   '@babel/plugin-transform-react-constant-elements': [ '7.25.9' ],
21 silly audit   '@babel/plugin-transform-react-display-name': [ '7.25.9' ],
21 silly audit   '@babel/plugin-transform-react-jsx': [ '7.25.9' ],
21 silly audit   '@babel/plugin-transform-react-jsx-development': [ '7.25.9' ],
21 silly audit   '@babel/plugin-transform-react-pure-annotations': [ '7.25.9' ],
21 silly audit   '@babel/plugin-transform-regenerator': [ '7.27.0' ],
21 silly audit   '@babel/plugin-transform-regexp-modifiers': [ '7.26.0' ],
21 silly audit   '@babel/plugin-transform-reserved-words': [ '7.25.9' ],
21 silly audit   '@babel/plugin-transform-shorthand-properties': [ '7.25.9' ],
21 silly audit   '@babel/plugin-transform-spread': [ '7.25.9' ],
21 silly audit   '@babel/plugin-transform-sticky-regex': [ '7.25.9' ],
21 silly audit   '@babel/plugin-transform-template-literals': [ '7.26.8' ],
21 silly audit   '@babel/plugin-transform-typeof-symbol': [ '7.27.0' ],
21 silly audit   '@babel/plugin-transform-typescript': [ '7.27.0' ],
21 silly audit   '@babel/plugin-transform-unicode-escapes': [ '7.25.9' ],
21 silly audit   '@babel/plugin-transform-unicode-property-regex': [ '7.25.9' ],
21 silly audit   '@babel/plugin-transform-unicode-regex': [ '7.25.9' ],
21 silly audit   '@babel/plugin-transform-unicode-sets-regex': [ '7.25.9' ],
21 silly audit   '@babel/preset-env': [ '7.26.9' ],
21 silly audit   '@babel/preset-modules': [ '0.1.6-no-external-plugins' ],
21 silly audit   '@babel/preset-react': [ '7.26.3' ],
21 silly audit   '@babel/preset-typescript': [ '7.27.0' ],
21 silly audit   '@babel/runtime': [ '7.27.0' ],
21 silly audit   '@babel/template': [ '7.27.0' ],
21 silly audit   '@babel/traverse': [ '7.27.0' ],
21 silly audit   '@babel/types': [ '7.27.0' ],
21 silly audit   '@emnapi/runtime': [ '1.4.0' ],
21 silly audit   '@formatjs/intl-localematcher': [ '0.6.1' ],
21 silly audit   '@img/sharp-darwin-arm64': [ '0.33.5' ],
21 silly audit   '@img/sharp-darwin-x64': [ '0.33.5' ],
21 silly audit   '@img/sharp-libvips-darwin-arm64': [ '1.0.4' ],
21 silly audit   '@img/sharp-libvips-darwin-x64': [ '1.0.4' ],
21 silly audit   '@img/sharp-libvips-linux-arm': [ '1.0.5' ],
21 silly audit   '@img/sharp-libvips-linux-arm64': [ '1.0.4' ],
21 silly audit   '@img/sharp-libvips-linux-s390x': [ '1.0.4' ],
21 silly audit   '@img/sharp-libvips-linux-x64': [ '1.0.4' ],
21 silly audit   '@img/sharp-libvips-linuxmusl-arm64': [ '1.0.4' ],
21 silly audit   '@img/sharp-libvips-linuxmusl-x64': [ '1.0.4' ],
21 silly audit   '@img/sharp-linux-arm': [ '0.33.5' ],
21 silly audit   '@img/sharp-linux-arm64': [ '0.33.5' ],
21 silly audit   '@img/sharp-linux-s390x': [ '0.33.5' ],
21 silly audit   '@img/sharp-linux-x64': [ '0.33.5' ],
21 silly audit   '@img/sharp-linuxmusl-arm64': [ '0.33.5' ],
21 silly audit   '@img/sharp-linuxmusl-x64': [ '0.33.5' ],
21 silly audit   '@img/sharp-wasm32': [ '0.33.5' ],
21 silly audit   '@img/sharp-win32-ia32': [ '0.33.5' ],
21 silly audit   '@img/sharp-win32-x64': [ '0.33.5' ],
21 silly audit   '@isaacs/cliui': [ '8.0.2' ],
21 silly audit   '@jridgewell/gen-mapping': [ '0.3.8' ],
21 silly audit   '@jridgewell/resolve-uri': [ '3.1.2' ],
21 silly audit   '@jridgewell/set-array': [ '1.2.1' ],
21 silly audit   '@jridgewell/sourcemap-codec': [ '1.5.0' ],
21 silly audit   '@jridgewell/trace-mapping': [ '0.3.25' ],
21 silly audit   '@next/env': [ '15.2.4' ],
21 silly audit   '@next/swc-darwin-arm64': [ '15.2.4' ],
21 silly audit   '@next/swc-darwin-x64': [ '15.2.4' ],
21 silly audit   '@next/swc-linux-arm64-gnu': [ '15.2.4' ],
21 silly audit   '@next/swc-linux-arm64-musl': [ '15.2.4' ],
21 silly audit   '@next/swc-linux-x64-gnu': [ '15.2.4' ],
21 silly audit   '@next/swc-linux-x64-musl': [ '15.2.4' ],
21 silly audit   '@next/swc-win32-arm64-msvc': [ '15.2.4' ],
21 silly audit   '@next/swc-win32-x64-msvc': [ '15.2.4' ],
21 silly audit   '@nodelib/fs.scandir': [ '2.1.5' ],
21 silly audit   '@nodelib/fs.stat': [ '2.0.5' ],
21 silly audit   '@nodelib/fs.walk': [ '1.2.8' ],
21 silly audit   '@pkgjs/parseargs': [ '0.11.0' ],
21 silly audit   '@svgr/babel-plugin-add-jsx-attribute': [ '8.0.0' ],
21 silly audit   '@svgr/babel-plugin-remove-jsx-attribute': [ '8.0.0' ],
21 silly audit   '@svgr/babel-plugin-remove-jsx-empty-expression': [ '8.0.0' ],
21 silly audit   '@svgr/babel-plugin-replace-jsx-attribute-value': [ '8.0.0' ],
21 silly audit   '@svgr/babel-plugin-svg-dynamic-title': [ '8.0.0' ],
21 silly audit   '@svgr/babel-plugin-svg-em-dimensions': [ '8.0.0' ],
21 silly audit   '@svgr/babel-plugin-transform-react-native-svg': [ '8.1.0' ],
21 silly audit   '@svgr/babel-plugin-transform-svg-component': [ '8.0.0' ],
21 silly audit   '@svgr/babel-preset': [ '8.1.0' ],
21 silly audit   '@svgr/core': [ '8.1.0' ],
21 silly audit   '@svgr/hast-util-to-babel-ast': [ '8.0.0' ],
21 silly audit   '@svgr/plugin-jsx': [ '8.1.0' ],
21 silly audit   '@svgr/plugin-svgo': [ '8.1.0' ],
21 silly audit   '@svgr/webpack': [ '8.1.0' ],
21 silly audit   '@swc/counter': [ '0.1.3' ],
21 silly audit   '@swc/helpers': [ '0.5.15' ],
21 silly audit   '@tailwindcss/node': [ '4.1.3' ],
21 silly audit   tailwindcss: [ '4.1.3', '3.4.17' ],
21 silly audit   '@tailwindcss/oxide': [ '4.1.3' ],
21 silly audit   '@tailwindcss/oxide-android-arm64': [ '4.1.3' ],
21 silly audit   '@tailwindcss/oxide-darwin-arm64': [ '4.1.3' ],
21 silly audit   '@tailwindcss/oxide-darwin-x64': [ '4.1.3' ],
21 silly audit   '@tailwindcss/oxide-freebsd-x64': [ '4.1.3' ],
21 silly audit   '@tailwindcss/oxide-linux-arm-gnueabihf': [ '4.1.3' ],
21 silly audit   '@tailwindcss/oxide-linux-arm64-gnu': [ '4.1.3' ],
21 silly audit   '@tailwindcss/oxide-linux-arm64-musl': [ '4.1.3' ],
21 silly audit   '@tailwindcss/oxide-linux-x64-gnu': [ '4.1.3' ],
21 silly audit   '@tailwindcss/oxide-linux-x64-musl': [ '4.1.3' ],
21 silly audit   '@tailwindcss/oxide-win32-arm64-msvc': [ '4.1.3' ],
21 silly audit   '@tailwindcss/oxide-win32-x64-msvc': [ '4.1.3' ],
21 silly audit   '@tailwindcss/postcss': [ '4.1.3' ],
21 silly audit   '@trysound/sax': [ '0.2.0' ],
21 silly audit   '@types/debug': [ '4.1.12' ],
21 silly audit   '@types/estree': [ '1.0.7' ],
21 silly audit   '@types/estree-jsx': [ '1.0.5' ],
21 silly audit   '@types/hast': [ '3.0.4' ],
21 silly audit   '@types/mdast': [ '4.0.4' ],
21 silly audit   '@types/ms': [ '2.1.0' ],
21 silly audit   '@types/node': [ '20.17.30' ],
21 silly audit   '@types/react': [ '19.1.0' ],
21 silly audit   '@types/react-dom': [ '19.1.1' ],
21 silly audit   '@types/react-transition-group': [ '4.4.12' ],
21 silly audit   '@types/unist': [ '3.0.3', '2.0.11' ],
21 silly audit   '@ungap/structured-clone': [ '1.3.0' ],
21 silly audit   'ansi-regex': [ '6.1.0', '5.0.1' ],
21 silly audit   'ansi-styles': [ '6.2.1', '4.3.0' ],
21 silly audit   'any-promise': [ '1.3.0' ],
21 silly audit   anymatch: [ '3.1.3' ],
21 silly audit   arg: [ '5.0.2' ],
21 silly audit   argparse: [ '2.0.1' ],
21 silly audit   autoprefixer: [ '10.4.21' ],
21 silly audit   'babel-plugin-polyfill-corejs2': [ '0.4.13' ],
21 silly audit   'babel-plugin-polyfill-corejs3': [ '0.11.1' ],
21 silly audit   'babel-plugin-polyfill-regenerator': [ '0.6.4' ],
21 silly audit   bail: [ '2.0.2' ],
21 silly audit   'balanced-match': [ '1.0.2' ],
21 silly audit   'binary-extensions': [ '2.3.0' ],
21 silly audit   boolbase: [ '1.0.0' ],
21 silly audit   'brace-expansion': [ '2.0.1' ],
21 silly audit   braces: [ '3.0.3' ],
21 silly audit   browserslist: [ '4.24.4' ],
21 silly audit   busboy: [ '1.6.0' ],
21 silly audit   callsites: [ '3.1.0' ],
21 silly audit   camelcase: [ '6.3.0' ],
21 silly audit   'camelcase-css': [ '2.0.1' ],
21 silly audit   'caniuse-lite': [ '1.0.30001711' ],
21 silly audit   ccount: [ '2.0.1' ],
21 silly audit   'character-entities': [ '2.0.2' ],
21 silly audit   'character-entities-html4': [ '2.1.0' ],
21 silly audit   'character-entities-legacy': [ '3.0.0' ],
21 silly audit   'character-reference-invalid': [ '2.0.1' ],
21 silly audit   chokidar: [ '3.6.0' ],
21 silly audit   'glob-parent': [ '5.1.2', '6.0.2' ],
21 silly audit   classnames: [ '2.5.1' ],
21 silly audit   'client-only': [ '0.0.1' ],
21 silly audit   color: [ '4.2.3' ],
21 silly audit   'color-convert': [ '2.0.1' ],
21 silly audit   'color-name': [ '1.1.4' ],
21 silly audit   'color-string': [ '1.9.1' ],
21 silly audit   'comma-separated-tokens': [ '2.0.3' ],
21 silly audit   commander: [ '7.2.0', '4.1.1' ],
21 silly audit   'convert-source-map': [ '2.0.0' ],
21 silly audit   'core-js-compat': [ '3.41.0' ],
21 silly audit   cosmiconfig: [ '8.3.6' ],
21 silly audit   'cross-spawn': [ '7.0.6' ],
21 silly audit   'css-select': [ '5.1.0' ],
21 silly audit   'css-tree': [ '2.3.1', '2.2.1' ],
21 silly audit   'css-what': [ '6.1.0' ],
21 silly audit   cssesc: [ '3.0.0' ],
21 silly audit   csso: [ '5.0.5' ],
21 silly audit   'mdn-data': [ '2.0.28', '2.0.30' ],
21 silly audit   csstype: [ '3.1.3' ],
21 silly audit   debug: [ '4.4.0' ],
21 silly audit   'decode-named-character-reference': [ '1.1.0' ],
21 silly audit   deepmerge: [ '4.3.1' ],
21 silly audit   dequal: [ '2.0.3' ],
21 silly audit   'detect-libc': [ '2.0.3' ],
21 silly audit   devlop: [ '1.1.0' ],
21 silly audit   didyoumean: [ '1.2.2' ],
21 silly audit   dlv: [ '1.1.3' ],
21 silly audit   'dom-helpers': [ '5.2.1' ],
21 silly audit   'dom-serializer': [ '2.0.0' ],
21 silly audit   domelementtype: [ '2.3.0' ],
21 silly audit   domhandler: [ '5.0.3' ],
21 silly audit   domutils: [ '3.2.2' ],
21 silly audit   'dot-case': [ '3.0.4' ],
21 silly audit   eastasianwidth: [ '0.2.0' ],
21 silly audit   'electron-to-chromium': [ '1.5.132' ],
21 silly audit   'emoji-regex': [ '9.2.2', '8.0.0' ],
21 silly audit   'enhanced-resolve': [ '5.18.1' ],
21 silly audit   entities: [ '4.5.0' ],
21 silly audit   'error-ex': [ '1.3.2' ],
21 silly audit   'is-arrayish': [ '0.2.1', '0.3.2' ],
21 silly audit   escalade: [ '3.2.0' ],
21 silly audit   'estree-util-is-identifier-name': [ '3.0.0' ],
21 silly audit   esutils: [ '2.0.3' ],
21 silly audit   extend: [ '3.0.2' ],
21 silly audit   'fast-glob': [ '3.3.3' ],
21 silly audit   fastq: [ '1.19.1' ],
21 silly audit   'fill-range': [ '7.1.1' ],
21 silly audit   'foreground-child': [ '3.3.1' ],
21 silly audit   'fraction.js': [ '4.3.7' ],
21 silly audit   fsevents: [ '2.3.3' ],
21 silly audit   'function-bind': [ '1.1.2' ],
21 silly audit   gensync: [ '1.0.0-beta.2' ],
21 silly audit   glob: [ '10.4.5' ],
21 silly audit   globals: [ '11.12.0' ],
21 silly audit   'graceful-fs': [ '4.2.11' ],
21 silly audit   hasown: [ '2.0.2' ],
21 silly audit   'hast-util-to-jsx-runtime': [ '2.3.6' ],
21 silly audit   'hast-util-whitespace': [ '3.0.0' ],
21 silly audit   'html-url-attributes': [ '3.0.1' ],
21 silly audit   'import-fresh': [ '3.3.1' ],
21 silly audit   'inline-style-parser': [ '0.2.4' ],
21 silly audit   'is-alphabetical': [ '2.0.1' ],
21 silly audit   'is-alphanumerical': [ '2.0.1' ],
21 silly audit   'is-binary-path': [ '2.1.0' ],
21 silly audit   'is-core-module': [ '2.16.1' ],
21 silly audit   'is-decimal': [ '2.0.1' ],
21 silly audit   'is-extglob': [ '2.1.1' ],
21 silly audit   'is-fullwidth-code-point': [ '3.0.0' ],
21 silly audit   'is-glob': [ '4.0.3' ],
21 silly audit   'is-hexadecimal': [ '2.0.1' ],
21 silly audit   'is-number': [ '7.0.0' ],
21 silly audit   'is-plain-obj': [ '4.1.0' ],
21 silly audit   isexe: [ '2.0.0' ],
21 silly audit   jackspeak: [ '3.4.3' ],
21 silly audit   jiti: [ '2.4.2', '1.21.7' ],
21 silly audit   'js-tokens': [ '4.0.0' ],
21 silly audit   'js-yaml': [ '4.1.0' ],
21 silly audit   jsesc: [ '3.1.0', '3.0.2' ],
21 silly audit   'json-parse-even-better-errors': [ '2.3.1' ],
21 silly audit   json5: [ '2.2.3' ],
21 silly audit   lightningcss: [ '1.29.2' ],
21 silly audit   'lightningcss-darwin-arm64': [ '1.29.2' ],
21 silly audit   'lightningcss-darwin-x64': [ '1.29.2' ],
21 silly audit   'lightningcss-freebsd-x64': [ '1.29.2' ],
21 silly audit   'lightningcss-linux-arm-gnueabihf': [ '1.29.2' ],
21 silly audit   'lightningcss-linux-arm64-gnu': [ '1.29.2' ],
21 silly audit   'lightningcss-linux-arm64-musl': [ '1.29.2' ],
21 silly audit   'lightningcss-linux-x64-gnu': [ '1.29.2' ],
21 silly audit   'lightningcss-linux-x64-musl': [ '1.29.2' ],
21 silly audit   'lightningcss-win32-arm64-msvc': [ '1.29.2' ],
21 silly audit   'lightningcss-win32-x64-msvc': [ '1.29.2' ],
21 silly audit   lilconfig: [ '3.1.3' ],
21 silly audit   'lines-and-columns': [ '1.2.4' ],
21 silly audit   'lodash.debounce': [ '4.0.8' ],
21 silly audit   'longest-streak': [ '3.1.0' ],
21 silly audit   'loose-envify': [ '1.4.0' ],
21 silly audit   'lower-case': [ '2.0.2' ],
21 silly audit   'lru-cache': [ '5.1.1', '10.4.3' ],
21 silly audit   'mdast-util-from-markdown': [ '2.0.2' ],
21 silly audit   'mdast-util-mdx-expression': [ '2.0.1' ],
21 silly audit   'mdast-util-mdx-jsx': [ '3.2.0' ],
21 silly audit   'mdast-util-mdxjs-esm': [ '2.0.1' ],
21 silly audit   'mdast-util-phrasing': [ '4.1.0' ],
21 silly audit   'mdast-util-to-hast': [ '13.2.0' ],
21 silly audit   'mdast-util-to-markdown': [ '2.1.2' ],
21 silly audit   'mdast-util-to-string': [ '4.0.0' ],
21 silly audit   merge2: [ '1.4.1' ],
21 silly audit   micromark: [ '4.0.2' ],
21 silly audit   'micromark-core-commonmark': [ '2.0.3' ],
21 silly audit   'micromark-factory-destination': [ '2.0.1' ],
21 silly audit   'micromark-factory-label': [ '2.0.1' ],
21 silly audit   'micromark-factory-space': [ '2.0.1' ],
21 silly audit   'micromark-factory-title': [ '2.0.1' ],
21 silly audit   'micromark-factory-whitespace': [ '2.0.1' ],
21 silly audit   'micromark-util-character': [ '2.1.1' ],
21 silly audit   'micromark-util-chunked': [ '2.0.1' ],
21 silly audit   'micromark-util-classify-character': [ '2.0.1' ],
21 silly audit   'micromark-util-combine-extensions': [ '2.0.1' ],
21 silly audit   'micromark-util-decode-numeric-character-reference': [ '2.0.2' ],
21 silly audit   'micromark-util-decode-string': [ '2.0.1' ],
21 silly audit   'micromark-util-encode': [ '2.0.1' ],
21 silly audit   'micromark-util-html-tag-name': [ '2.0.1' ],
21 silly audit   'micromark-util-normalize-identifier': [ '2.0.1' ],
21 silly audit   'micromark-util-resolve-all': [ '2.0.1' ],
21 silly audit   'micromark-util-sanitize-uri': [ '2.0.1' ],
21 silly audit   'micromark-util-subtokenize': [ '2.1.0' ],
21 silly audit   'micromark-util-symbol': [ '2.0.1' ],
21 silly audit   'micromark-util-types': [ '2.0.2' ],
21 silly audit   micromatch: [ '4.0.8' ],
21 silly audit   minimatch: [ '9.0.5' ],
21 silly audit   minipass: [ '7.1.2' ],
21 silly audit   ms: [ '2.1.3' ],
21 silly audit   mz: [ '2.7.0' ],
21 silly audit   nanoid: [ '3.3.11' ],
21 silly audit   next: [ '15.2.4' ],
21 silly audit   postcss: [ '8.4.31', '8.5.3' ],
21 silly audit   'no-case': [ '3.0.4' ],
21 silly audit   'node-releases': [ '2.0.19' ],
21 silly audit   'normalize-path': [ '3.0.0' ],
21 silly audit   'normalize-range': [ '0.1.2' ],
21 silly audit   'nth-check': [ '2.1.1' ],
21 silly audit   'object-assign': [ '4.1.1' ],
21 silly audit   'object-hash': [ '3.0.0' ],
21 silly audit   'package-json-from-dist': [ '1.0.1' ],
21 silly audit   'parent-module': [ '1.0.1' ],
21 silly audit   'parse-entities': [ '4.0.2' ],
21 silly audit   'parse-json': [ '5.2.0' ],
21 silly audit   'path-key': [ '3.1.1' ],
21 silly audit   'path-parse': [ '1.0.7' ],
21 silly audit   'path-scurry': [ '1.11.1' ],
21 silly audit   'path-type': [ '4.0.0' ],
21 silly audit   picocolors: [ '1.1.1' ],
21 silly audit   picomatch: [ '2.3.1' ],
21 silly audit   pify: [ '2.3.0' ],
21 silly audit   pirates: [ '4.0.7' ],
21 silly audit   'postcss-import': [ '15.1.0' ],
21 silly audit   'postcss-js': [ '4.0.1' ],
21 silly audit   'postcss-load-config': [ '4.0.2' ],
21 silly audit   'postcss-nested': [ '6.2.0' ],
21 silly audit   'postcss-selector-parser': [ '6.1.2' ],
21 silly audit   'postcss-value-parser': [ '4.2.0' ],
21 silly audit   prettier: [ '3.5.3' ],
21 silly audit   'prettier-plugin-tailwindcss': [ '0.5.14' ],
21 silly audit   'prop-types': [ '15.8.1' ],
21 silly audit   'property-information': [ '7.0.0' ],
21 silly audit   'queue-microtask': [ '1.2.3' ],
21 silly audit   react: [ '19.1.0' ],
21 silly audit   'react-dom': [ '19.1.0' ],
21 silly audit   'react-is': [ '16.13.1' ],
21 silly audit   'react-markdown': [ '10.1.0' ],
21 silly audit   'react-transition-group': [ '4.4.5' ],
21 silly audit   'read-cache': [ '1.0.0' ],
21 silly audit   readdirp: [ '3.6.0' ],
21 silly audit   regenerate: [ '1.4.2' ],
21 silly audit   'regenerate-unicode-properties': [ '10.2.0' ],
21 silly audit   'regenerator-runtime': [ '0.14.1' ],
21 silly audit   'regenerator-transform': [ '0.15.2' ],
21 silly audit   'regexpu-core': [ '6.2.0' ],
21 silly audit   regjsgen: [ '0.8.0' ],
21 silly audit   regjsparser: [ '0.12.0' ],
21 silly audit   'remark-parse': [ '11.0.0' ],
21 silly audit   'remark-rehype': [ '11.1.2' ],
21 silly audit   resolve: [ '1.22.10' ],
21 silly audit   'resolve-from': [ '4.0.0' ],
21 silly audit   reusify: [ '1.1.0' ],
21 silly audit   'run-parallel': [ '1.2.0' ],
21 silly audit   scheduler: [ '0.26.0' ],
21 silly audit   sharp: [ '0.33.5' ],
21 silly audit   'shebang-command': [ '2.0.0' ],
21 silly audit   'shebang-regex': [ '3.0.0' ],
21 silly audit   'signal-exit': [ '4.1.0' ],
21 silly audit   'simple-swizzle': [ '0.2.2' ],
21 silly audit   'snake-case': [ '3.0.4' ],
21 silly audit   'source-map-js': [ '1.2.1' ],
21 silly audit   'space-separated-tokens': [ '2.0.2' ],
21 silly audit   streamsearch: [ '1.1.0' ],
21 silly audit   'string-width': [ '5.1.2', '4.2.3' ],
21 silly audit   'strip-ansi': [ '6.0.1', '7.1.0' ],
21 silly audit   'stringify-entities': [ '4.0.4' ],
21 silly audit   'style-to-js': [ '1.1.16' ],
21 silly audit   'style-to-object': [ '1.0.8' ],
21 silly audit   'styled-jsx': [ '5.1.6' ],
21 silly audit   sucrase: [ '3.35.0' ],
21 silly audit   'supports-preserve-symlinks-flag': [ '1.0.0' ],
21 silly audit   'svg-parser': [ '2.0.4' ],
21 silly audit   svgo: [ '3.3.2' ],
21 silly audit   tapable: [ '2.2.1' ],
21 silly audit   thenify: [ '3.3.1' ],
21 silly audit   'thenify-all': [ '1.6.0' ],
21 silly audit   'to-regex-range': [ '5.0.1' ],
21 silly audit   'trim-lines': [ '3.0.1' ],
21 silly audit   trough: [ '2.2.0' ],
21 silly audit   'ts-interface-checker': [ '0.1.13' ],
21 silly audit   tslib: [ '2.8.1' ],
21 silly audit   typescript: [ '5.8.3' ],
21 silly audit   'undici-types': [ '6.19.8' ],
21 silly audit   'unicode-canonical-property-names-ecmascript': [ '2.0.1' ],
21 silly audit   'unicode-match-property-ecmascript': [ '2.0.0' ],
21 silly audit   'unicode-match-property-value-ecmascript': [ '2.2.0' ],
21 silly audit   'unicode-property-aliases-ecmascript': [ '2.1.0' ],
21 silly audit   unified: [ '11.0.5' ],
21 silly audit   'unist-util-is': [ '6.0.0' ],
21 silly audit   'unist-util-position': [ '5.0.0' ],
21 silly audit   'unist-util-stringify-position': [ '4.0.0' ],
21 silly audit   'unist-util-visit': [ '5.0.0' ],
21 silly audit   'unist-util-visit-parents': [ '6.0.1' ],
21 silly audit   'update-browserslist-db': [ '1.1.3' ],
21 silly audit   'util-deprecate': [ '1.0.2' ],
21 silly audit   vfile: [ '6.0.3' ],
21 silly audit   'vfile-message': [ '4.0.2' ],
21 silly audit   which: [ '2.0.2' ],
21 silly audit   'wrap-ansi': [ '8.1.0', '7.0.0' ],
21 silly audit   yallist: [ '3.1.1' ],
21 silly audit   yaml: [ '2.7.1' ],
21 silly audit   zwitch: [ '2.0.4' ],
21 silly audit   swiper: [ '10.3.1' ]
21 silly audit }
22 verbose reify failed optional dependency E:\lb-news\node_modules\lightningcss-win32-arm64-msvc
23 silly reify mark deleted [ 'E:\\lb-news\\node_modules\\lightningcss-win32-arm64-msvc' ]
24 verbose reify failed optional dependency E:\lb-news\node_modules\lightningcss-linux-x64-musl
25 silly reify mark deleted [ 'E:\\lb-news\\node_modules\\lightningcss-linux-x64-musl' ]
26 verbose reify failed optional dependency E:\lb-news\node_modules\lightningcss-linux-x64-gnu
27 silly reify mark deleted [ 'E:\\lb-news\\node_modules\\lightningcss-linux-x64-gnu' ]
28 verbose reify failed optional dependency E:\lb-news\node_modules\lightningcss-linux-arm64-musl
29 silly reify mark deleted [ 'E:\\lb-news\\node_modules\\lightningcss-linux-arm64-musl' ]
30 verbose reify failed optional dependency E:\lb-news\node_modules\lightningcss-linux-arm64-gnu
31 silly reify mark deleted [ 'E:\\lb-news\\node_modules\\lightningcss-linux-arm64-gnu' ]
32 verbose reify failed optional dependency E:\lb-news\node_modules\lightningcss-linux-arm-gnueabihf
33 silly reify mark deleted [ 'E:\\lb-news\\node_modules\\lightningcss-linux-arm-gnueabihf' ]
34 verbose reify failed optional dependency E:\lb-news\node_modules\lightningcss-freebsd-x64
35 silly reify mark deleted [ 'E:\\lb-news\\node_modules\\lightningcss-freebsd-x64' ]
36 verbose reify failed optional dependency E:\lb-news\node_modules\lightningcss-darwin-x64
37 silly reify mark deleted [ 'E:\\lb-news\\node_modules\\lightningcss-darwin-x64' ]
38 verbose reify failed optional dependency E:\lb-news\node_modules\lightningcss-darwin-arm64
39 silly reify mark deleted [ 'E:\\lb-news\\node_modules\\lightningcss-darwin-arm64' ]
40 verbose reify failed optional dependency E:\lb-news\node_modules\fsevents
41 silly reify mark deleted [ 'E:\\lb-news\\node_modules\\fsevents' ]
42 verbose reify failed optional dependency E:\lb-news\node_modules\@tailwindcss\oxide-win32-arm64-msvc
43 silly reify mark deleted [ 'E:\\lb-news\\node_modules\\@tailwindcss\\oxide-win32-arm64-msvc' ]
44 verbose reify failed optional dependency E:\lb-news\node_modules\@tailwindcss\oxide-linux-x64-musl
45 silly reify mark deleted [ 'E:\\lb-news\\node_modules\\@tailwindcss\\oxide-linux-x64-musl' ]
46 verbose reify failed optional dependency E:\lb-news\node_modules\@tailwindcss\oxide-linux-x64-gnu
47 silly reify mark deleted [ 'E:\\lb-news\\node_modules\\@tailwindcss\\oxide-linux-x64-gnu' ]
48 verbose reify failed optional dependency E:\lb-news\node_modules\@tailwindcss\oxide-linux-arm64-musl
49 silly reify mark deleted [ 'E:\\lb-news\\node_modules\\@tailwindcss\\oxide-linux-arm64-musl' ]
50 verbose reify failed optional dependency E:\lb-news\node_modules\@tailwindcss\oxide-linux-arm64-gnu
51 silly reify mark deleted [ 'E:\\lb-news\\node_modules\\@tailwindcss\\oxide-linux-arm64-gnu' ]
52 verbose reify failed optional dependency E:\lb-news\node_modules\@tailwindcss\oxide-linux-arm-gnueabihf
53 silly reify mark deleted [
53 silly reify   'E:\\lb-news\\node_modules\\@tailwindcss\\oxide-linux-arm-gnueabihf'
53 silly reify ]
54 verbose reify failed optional dependency E:\lb-news\node_modules\@tailwindcss\oxide-freebsd-x64
55 silly reify mark deleted [ 'E:\\lb-news\\node_modules\\@tailwindcss\\oxide-freebsd-x64' ]
56 verbose reify failed optional dependency E:\lb-news\node_modules\@tailwindcss\oxide-darwin-x64
57 silly reify mark deleted [ 'E:\\lb-news\\node_modules\\@tailwindcss\\oxide-darwin-x64' ]
58 verbose reify failed optional dependency E:\lb-news\node_modules\@tailwindcss\oxide-darwin-arm64
59 silly reify mark deleted [ 'E:\\lb-news\\node_modules\\@tailwindcss\\oxide-darwin-arm64' ]
60 verbose reify failed optional dependency E:\lb-news\node_modules\@tailwindcss\oxide-android-arm64
61 silly reify mark deleted [ 'E:\\lb-news\\node_modules\\@tailwindcss\\oxide-android-arm64' ]
62 verbose reify failed optional dependency E:\lb-news\node_modules\@next\swc-win32-arm64-msvc
63 silly reify mark deleted [ 'E:\\lb-news\\node_modules\\@next\\swc-win32-arm64-msvc' ]
64 verbose reify failed optional dependency E:\lb-news\node_modules\@next\swc-linux-x64-musl
65 silly reify mark deleted [ 'E:\\lb-news\\node_modules\\@next\\swc-linux-x64-musl' ]
66 verbose reify failed optional dependency E:\lb-news\node_modules\@next\swc-linux-x64-gnu
67 silly reify mark deleted [ 'E:\\lb-news\\node_modules\\@next\\swc-linux-x64-gnu' ]
68 verbose reify failed optional dependency E:\lb-news\node_modules\@next\swc-linux-arm64-musl
69 silly reify mark deleted [ 'E:\\lb-news\\node_modules\\@next\\swc-linux-arm64-musl' ]
70 verbose reify failed optional dependency E:\lb-news\node_modules\@next\swc-linux-arm64-gnu
71 silly reify mark deleted [ 'E:\\lb-news\\node_modules\\@next\\swc-linux-arm64-gnu' ]
72 verbose reify failed optional dependency E:\lb-news\node_modules\@next\swc-darwin-x64
73 silly reify mark deleted [ 'E:\\lb-news\\node_modules\\@next\\swc-darwin-x64' ]
74 verbose reify failed optional dependency E:\lb-news\node_modules\@next\swc-darwin-arm64
75 silly reify mark deleted [ 'E:\\lb-news\\node_modules\\@next\\swc-darwin-arm64' ]
76 verbose reify failed optional dependency E:\lb-news\node_modules\@img\sharp-win32-ia32
77 silly reify mark deleted [ 'E:\\lb-news\\node_modules\\@img\\sharp-win32-ia32' ]
78 verbose reify failed optional dependency E:\lb-news\node_modules\@img\sharp-wasm32
79 silly reify mark deleted [ 'E:\\lb-news\\node_modules\\@img\\sharp-wasm32' ]
80 verbose reify failed optional dependency E:\lb-news\node_modules\@emnapi\runtime
81 silly reify mark deleted [ 'E:\\lb-news\\node_modules\\@emnapi\\runtime' ]
82 verbose reify failed optional dependency E:\lb-news\node_modules\@img\sharp-linuxmusl-x64
83 silly reify mark deleted [ 'E:\\lb-news\\node_modules\\@img\\sharp-linuxmusl-x64' ]
84 verbose reify failed optional dependency E:\lb-news\node_modules\@img\sharp-linuxmusl-arm64
85 silly reify mark deleted [ 'E:\\lb-news\\node_modules\\@img\\sharp-linuxmusl-arm64' ]
86 verbose reify failed optional dependency E:\lb-news\node_modules\@img\sharp-linux-x64
87 silly reify mark deleted [ 'E:\\lb-news\\node_modules\\@img\\sharp-linux-x64' ]
88 verbose reify failed optional dependency E:\lb-news\node_modules\@img\sharp-linux-s390x
89 silly reify mark deleted [ 'E:\\lb-news\\node_modules\\@img\\sharp-linux-s390x' ]
90 verbose reify failed optional dependency E:\lb-news\node_modules\@img\sharp-linux-arm64
91 silly reify mark deleted [ 'E:\\lb-news\\node_modules\\@img\\sharp-linux-arm64' ]
92 verbose reify failed optional dependency E:\lb-news\node_modules\@img\sharp-linux-arm
93 silly reify mark deleted [ 'E:\\lb-news\\node_modules\\@img\\sharp-linux-arm' ]
94 verbose reify failed optional dependency E:\lb-news\node_modules\@img\sharp-libvips-linuxmusl-x64
95 silly reify mark deleted [ 'E:\\lb-news\\node_modules\\@img\\sharp-libvips-linuxmusl-x64' ]
96 verbose reify failed optional dependency E:\lb-news\node_modules\@img\sharp-libvips-linuxmusl-arm64
97 silly reify mark deleted [ 'E:\\lb-news\\node_modules\\@img\\sharp-libvips-linuxmusl-arm64' ]
98 verbose reify failed optional dependency E:\lb-news\node_modules\@img\sharp-libvips-linux-x64
99 silly reify mark deleted [ 'E:\\lb-news\\node_modules\\@img\\sharp-libvips-linux-x64' ]
100 verbose reify failed optional dependency E:\lb-news\node_modules\@img\sharp-libvips-linux-s390x
101 silly reify mark deleted [ 'E:\\lb-news\\node_modules\\@img\\sharp-libvips-linux-s390x' ]
102 verbose reify failed optional dependency E:\lb-news\node_modules\@img\sharp-libvips-linux-arm64
103 silly reify mark deleted [ 'E:\\lb-news\\node_modules\\@img\\sharp-libvips-linux-arm64' ]
104 verbose reify failed optional dependency E:\lb-news\node_modules\@img\sharp-libvips-linux-arm
105 silly reify mark deleted [ 'E:\\lb-news\\node_modules\\@img\\sharp-libvips-linux-arm' ]
106 verbose reify failed optional dependency E:\lb-news\node_modules\@img\sharp-libvips-darwin-x64
107 silly reify mark deleted [ 'E:\\lb-news\\node_modules\\@img\\sharp-libvips-darwin-x64' ]
108 verbose reify failed optional dependency E:\lb-news\node_modules\@img\sharp-libvips-darwin-arm64
109 silly reify mark deleted [ 'E:\\lb-news\\node_modules\\@img\\sharp-libvips-darwin-arm64' ]
110 verbose reify failed optional dependency E:\lb-news\node_modules\@img\sharp-darwin-x64
111 silly reify mark deleted [ 'E:\\lb-news\\node_modules\\@img\\sharp-darwin-x64' ]
112 verbose reify failed optional dependency E:\lb-news\node_modules\@img\sharp-darwin-arm64
113 silly reify mark deleted [ 'E:\\lb-news\\node_modules\\@img\\sharp-darwin-arm64' ]
114 http cache swiper@https://registry.npmjs.org/swiper/-/swiper-10.3.1.tgz 0ms (cache hit)
115 http cache @emnapi/runtime@https://registry.npmjs.org/@emnapi/runtime/-/runtime-1.4.0.tgz 0ms (cache hit)
116 silly tarball no local data for swiper@https://registry.npmjs.org/swiper/-/swiper-10.3.1.tgz. Extracting by manifest.
117 http fetch POST 200 https://registry.npmjs.org/-/npm/v1/security/advisories/bulk 328ms
118 silly audit report {}
119 http fetch GET 200 https://registry.npmjs.org/swiper/-/swiper-10.3.1.tgz 1319ms (cache miss)
120 silly ADD node_modules/swiper
121 silly ADD
122 silly ADD
123 silly ADD
124 silly ADD
125 silly ADD
126 silly ADD
127 silly ADD
128 silly ADD
129 silly ADD
130 silly ADD
131 silly ADD
132 silly ADD
133 silly ADD
134 silly ADD
135 silly ADD
136 silly ADD
137 silly ADD
138 silly ADD
139 silly ADD
140 silly ADD
141 silly ADD
142 silly ADD
143 silly ADD
144 silly ADD
145 silly ADD
146 silly ADD
147 silly ADD
148 silly ADD
149 silly ADD
150 silly ADD
151 silly ADD
152 silly ADD
153 silly ADD
154 silly ADD
155 silly ADD
156 silly ADD
157 silly ADD
158 silly ADD
159 silly ADD
160 silly ADD
161 silly ADD
162 silly ADD
163 silly ADD
164 silly ADD
165 silly ADD
166 silly ADD
167 verbose cwd E:\lb-news
168 verbose os Windows_NT 10.0.19045
169 verbose node v22.14.0
170 verbose npm  v11.2.0
171 verbose exit 0
172 info ok
