0 verbose cli C:\Program Files\nodejs\node.exe C:\Users\denni\AppData\Roaming\npm\node_modules\npm\bin\npm-cli.js
1 info using npm@11.2.0
2 info using node@v22.14.0
3 silly config load:file:C:\Users\denni\AppData\Roaming\npm\node_modules\npm\npmrc
4 silly config load:file:e:\lb-news\.npmrc
5 silly config load:file:C:\Users\denni\.npmrc
6 silly config load:file:C:\Users\denni\AppData\Roaming\npm\etc\npmrc
7 verbose title npm install @types/react-transition-group
8 verbose argv "install" "--ignore-scripts" "@types/react-transition-group" "--save-dev" "--user-agent" "typesInstaller/5.8.2"
9 verbose logfile logs-max:10 dir:E:\lb-news\npm-cache\_logs\2025-04-06T06_51_58_624Z-
10 verbose logfile E:\lb-news\npm-cache\_logs\2025-04-06T06_51_58_624Z-debug-0.log
11 silly logfile start cleaning logs, removing 1 files
12 silly packumentCache heap:2197815296 maxSize:549453824 maxEntrySize:274726912
13 silly logfile done cleaning log files
14 silly idealTree buildDeps
15 silly fetch manifest @types/react-transition-group@*
16 silly packumentCache full:https://registry.npmjs.org/@types%2freact-transition-group cache-miss
17 http fetch GET 200 https://registry.npmjs.org/@types%2freact-transition-group 499ms (cache miss)
18 silly packumentCache full:https://registry.npmjs.org/@types%2freact-transition-group set size:undefined disposed:false
19 silly fetch manifest @types/react@^19
20 silly packumentCache full:https://registry.npmjs.org/@types%2freact cache-miss
21 http fetch GET 200 https://registry.npmjs.org/@types%2freact 250ms (cache miss)
22 silly packumentCache full:https://registry.npmjs.org/@types%2freact set size:undefined disposed:false
23 silly placeDep ROOT @types/react-transition-group@4.4.12 OK for: lb-news@0.1.0 want: *
24 silly reify moves {}
25 silly audit bulk request {
25 silly audit   '@alloc/quick-lru': [ '5.2.0' ],
25 silly audit   '@ampproject/remapping': [ '2.3.0' ],
25 silly audit   '@babel/code-frame': [ '7.26.2' ],
25 silly audit   '@babel/compat-data': [ '7.26.8' ],
25 silly audit   '@babel/core': [ '7.26.10' ],
25 silly audit   semver: [ '6.3.1', '7.7.1' ],
25 silly audit   '@babel/generator': [ '7.27.0' ],
25 silly audit   '@babel/helper-annotate-as-pure': [ '7.25.9' ],
25 silly audit   '@babel/helper-compilation-targets': [ '7.27.0' ],
25 silly audit   '@babel/helper-create-class-features-plugin': [ '7.27.0' ],
25 silly audit   '@babel/helper-create-regexp-features-plugin': [ '7.27.0' ],
25 silly audit   '@babel/helper-define-polyfill-provider': [ '0.6.4' ],
25 silly audit   '@babel/helper-member-expression-to-functions': [ '7.25.9' ],
25 silly audit   '@babel/helper-module-imports': [ '7.25.9' ],
25 silly audit   '@babel/helper-module-transforms': [ '7.26.0' ],
25 silly audit   '@babel/helper-optimise-call-expression': [ '7.25.9' ],
25 silly audit   '@babel/helper-plugin-utils': [ '7.26.5' ],
25 silly audit   '@babel/helper-remap-async-to-generator': [ '7.25.9' ],
25 silly audit   '@babel/helper-replace-supers': [ '7.26.5' ],
25 silly audit   '@babel/helper-skip-transparent-expression-wrappers': [ '7.25.9' ],
25 silly audit   '@babel/helper-string-parser': [ '7.25.9' ],
25 silly audit   '@babel/helper-validator-identifier': [ '7.25.9' ],
25 silly audit   '@babel/helper-validator-option': [ '7.25.9' ],
25 silly audit   '@babel/helper-wrap-function': [ '7.25.9' ],
25 silly audit   '@babel/helpers': [ '7.27.0' ],
25 silly audit   '@babel/parser': [ '7.27.0' ],
25 silly audit   '@babel/plugin-bugfix-firefox-class-in-computed-class-key': [ '7.25.9' ],
25 silly audit   '@babel/plugin-bugfix-safari-class-field-initializer-scope': [ '7.25.9' ],
25 silly audit   '@babel/plugin-bugfix-safari-id-destructuring-collision-in-function-expression': [ '7.25.9' ],
25 silly audit   '@babel/plugin-bugfix-v8-spread-parameters-in-optional-chaining': [ '7.25.9' ],
25 silly audit   '@babel/plugin-bugfix-v8-static-class-fields-redefine-readonly': [ '7.25.9' ],
25 silly audit   '@babel/plugin-proposal-private-property-in-object': [ '7.21.0-placeholder-for-preset-env.2' ],
25 silly audit   '@babel/plugin-syntax-import-assertions': [ '7.26.0' ],
25 silly audit   '@babel/plugin-syntax-import-attributes': [ '7.26.0' ],
25 silly audit   '@babel/plugin-syntax-jsx': [ '7.25.9' ],
25 silly audit   '@babel/plugin-syntax-typescript': [ '7.25.9' ],
25 silly audit   '@babel/plugin-syntax-unicode-sets-regex': [ '7.18.6' ],
25 silly audit   '@babel/plugin-transform-arrow-functions': [ '7.25.9' ],
25 silly audit   '@babel/plugin-transform-async-generator-functions': [ '7.26.8' ],
25 silly audit   '@babel/plugin-transform-async-to-generator': [ '7.25.9' ],
25 silly audit   '@babel/plugin-transform-block-scoped-functions': [ '7.26.5' ],
25 silly audit   '@babel/plugin-transform-block-scoping': [ '7.27.0' ],
25 silly audit   '@babel/plugin-transform-class-properties': [ '7.25.9' ],
25 silly audit   '@babel/plugin-transform-class-static-block': [ '7.26.0' ],
25 silly audit   '@babel/plugin-transform-classes': [ '7.25.9' ],
25 silly audit   '@babel/plugin-transform-computed-properties': [ '7.25.9' ],
25 silly audit   '@babel/plugin-transform-destructuring': [ '7.25.9' ],
25 silly audit   '@babel/plugin-transform-dotall-regex': [ '7.25.9' ],
25 silly audit   '@babel/plugin-transform-duplicate-keys': [ '7.25.9' ],
25 silly audit   '@babel/plugin-transform-duplicate-named-capturing-groups-regex': [ '7.25.9' ],
25 silly audit   '@babel/plugin-transform-dynamic-import': [ '7.25.9' ],
25 silly audit   '@babel/plugin-transform-exponentiation-operator': [ '7.26.3' ],
25 silly audit   '@babel/plugin-transform-export-namespace-from': [ '7.25.9' ],
25 silly audit   '@babel/plugin-transform-for-of': [ '7.26.9' ],
25 silly audit   '@babel/plugin-transform-function-name': [ '7.25.9' ],
25 silly audit   '@babel/plugin-transform-json-strings': [ '7.25.9' ],
25 silly audit   '@babel/plugin-transform-literals': [ '7.25.9' ],
25 silly audit   '@babel/plugin-transform-logical-assignment-operators': [ '7.25.9' ],
25 silly audit   '@babel/plugin-transform-member-expression-literals': [ '7.25.9' ],
25 silly audit   '@babel/plugin-transform-modules-amd': [ '7.25.9' ],
25 silly audit   '@babel/plugin-transform-modules-commonjs': [ '7.26.3' ],
25 silly audit   '@babel/plugin-transform-modules-systemjs': [ '7.25.9' ],
25 silly audit   '@babel/plugin-transform-modules-umd': [ '7.25.9' ],
25 silly audit   '@babel/plugin-transform-named-capturing-groups-regex': [ '7.25.9' ],
25 silly audit   '@babel/plugin-transform-new-target': [ '7.25.9' ],
25 silly audit   '@babel/plugin-transform-nullish-coalescing-operator': [ '7.26.6' ],
25 silly audit   '@babel/plugin-transform-numeric-separator': [ '7.25.9' ],
25 silly audit   '@babel/plugin-transform-object-rest-spread': [ '7.25.9' ],
25 silly audit   '@babel/plugin-transform-object-super': [ '7.25.9' ],
25 silly audit   '@babel/plugin-transform-optional-catch-binding': [ '7.25.9' ],
25 silly audit   '@babel/plugin-transform-optional-chaining': [ '7.25.9' ],
25 silly audit   '@babel/plugin-transform-parameters': [ '7.25.9' ],
25 silly audit   '@babel/plugin-transform-private-methods': [ '7.25.9' ],
25 silly audit   '@babel/plugin-transform-private-property-in-object': [ '7.25.9' ],
25 silly audit   '@babel/plugin-transform-property-literals': [ '7.25.9' ],
25 silly audit   '@babel/plugin-transform-react-constant-elements': [ '7.25.9' ],
25 silly audit   '@babel/plugin-transform-react-display-name': [ '7.25.9' ],
25 silly audit   '@babel/plugin-transform-react-jsx': [ '7.25.9' ],
25 silly audit   '@babel/plugin-transform-react-jsx-development': [ '7.25.9' ],
25 silly audit   '@babel/plugin-transform-react-pure-annotations': [ '7.25.9' ],
25 silly audit   '@babel/plugin-transform-regenerator': [ '7.27.0' ],
25 silly audit   '@babel/plugin-transform-regexp-modifiers': [ '7.26.0' ],
25 silly audit   '@babel/plugin-transform-reserved-words': [ '7.25.9' ],
25 silly audit   '@babel/plugin-transform-shorthand-properties': [ '7.25.9' ],
25 silly audit   '@babel/plugin-transform-spread': [ '7.25.9' ],
25 silly audit   '@babel/plugin-transform-sticky-regex': [ '7.25.9' ],
25 silly audit   '@babel/plugin-transform-template-literals': [ '7.26.8' ],
25 silly audit   '@babel/plugin-transform-typeof-symbol': [ '7.27.0' ],
25 silly audit   '@babel/plugin-transform-typescript': [ '7.27.0' ],
25 silly audit   '@babel/plugin-transform-unicode-escapes': [ '7.25.9' ],
25 silly audit   '@babel/plugin-transform-unicode-property-regex': [ '7.25.9' ],
25 silly audit   '@babel/plugin-transform-unicode-regex': [ '7.25.9' ],
25 silly audit   '@babel/plugin-transform-unicode-sets-regex': [ '7.25.9' ],
25 silly audit   '@babel/preset-env': [ '7.26.9' ],
25 silly audit   '@babel/preset-modules': [ '0.1.6-no-external-plugins' ],
25 silly audit   '@babel/preset-react': [ '7.26.3' ],
25 silly audit   '@babel/preset-typescript': [ '7.27.0' ],
25 silly audit   '@babel/runtime': [ '7.27.0' ],
25 silly audit   '@babel/template': [ '7.27.0' ],
25 silly audit   '@babel/traverse': [ '7.27.0' ],
25 silly audit   '@babel/types': [ '7.27.0' ],
25 silly audit   '@emnapi/runtime': [ '1.4.0' ],
25 silly audit   '@formatjs/intl-localematcher': [ '0.6.1' ],
25 silly audit   '@img/sharp-darwin-arm64': [ '0.33.5' ],
25 silly audit   '@img/sharp-darwin-x64': [ '0.33.5' ],
25 silly audit   '@img/sharp-libvips-darwin-arm64': [ '1.0.4' ],
25 silly audit   '@img/sharp-libvips-darwin-x64': [ '1.0.4' ],
25 silly audit   '@img/sharp-libvips-linux-arm': [ '1.0.5' ],
25 silly audit   '@img/sharp-libvips-linux-arm64': [ '1.0.4' ],
25 silly audit   '@img/sharp-libvips-linux-s390x': [ '1.0.4' ],
25 silly audit   '@img/sharp-libvips-linux-x64': [ '1.0.4' ],
25 silly audit   '@img/sharp-libvips-linuxmusl-arm64': [ '1.0.4' ],
25 silly audit   '@img/sharp-libvips-linuxmusl-x64': [ '1.0.4' ],
25 silly audit   '@img/sharp-linux-arm': [ '0.33.5' ],
25 silly audit   '@img/sharp-linux-arm64': [ '0.33.5' ],
25 silly audit   '@img/sharp-linux-s390x': [ '0.33.5' ],
25 silly audit   '@img/sharp-linux-x64': [ '0.33.5' ],
25 silly audit   '@img/sharp-linuxmusl-arm64': [ '0.33.5' ],
25 silly audit   '@img/sharp-linuxmusl-x64': [ '0.33.5' ],
25 silly audit   '@img/sharp-wasm32': [ '0.33.5' ],
25 silly audit   '@img/sharp-win32-ia32': [ '0.33.5' ],
25 silly audit   '@img/sharp-win32-x64': [ '0.33.5' ],
25 silly audit   '@isaacs/cliui': [ '8.0.2' ],
25 silly audit   '@jridgewell/gen-mapping': [ '0.3.8' ],
25 silly audit   '@jridgewell/resolve-uri': [ '3.1.2' ],
25 silly audit   '@jridgewell/set-array': [ '1.2.1' ],
25 silly audit   '@jridgewell/sourcemap-codec': [ '1.5.0' ],
25 silly audit   '@jridgewell/trace-mapping': [ '0.3.25' ],
25 silly audit   '@next/env': [ '15.2.4' ],
25 silly audit   '@next/swc-darwin-arm64': [ '15.2.4' ],
25 silly audit   '@next/swc-darwin-x64': [ '15.2.4' ],
25 silly audit   '@next/swc-linux-arm64-gnu': [ '15.2.4' ],
25 silly audit   '@next/swc-linux-arm64-musl': [ '15.2.4' ],
25 silly audit   '@next/swc-linux-x64-gnu': [ '15.2.4' ],
25 silly audit   '@next/swc-linux-x64-musl': [ '15.2.4' ],
25 silly audit   '@next/swc-win32-arm64-msvc': [ '15.2.4' ],
25 silly audit   '@next/swc-win32-x64-msvc': [ '15.2.4' ],
25 silly audit   '@nodelib/fs.scandir': [ '2.1.5' ],
25 silly audit   '@nodelib/fs.stat': [ '2.0.5' ],
25 silly audit   '@nodelib/fs.walk': [ '1.2.8' ],
25 silly audit   '@pkgjs/parseargs': [ '0.11.0' ],
25 silly audit   '@svgr/babel-plugin-add-jsx-attribute': [ '8.0.0' ],
25 silly audit   '@svgr/babel-plugin-remove-jsx-attribute': [ '8.0.0' ],
25 silly audit   '@svgr/babel-plugin-remove-jsx-empty-expression': [ '8.0.0' ],
25 silly audit   '@svgr/babel-plugin-replace-jsx-attribute-value': [ '8.0.0' ],
25 silly audit   '@svgr/babel-plugin-svg-dynamic-title': [ '8.0.0' ],
25 silly audit   '@svgr/babel-plugin-svg-em-dimensions': [ '8.0.0' ],
25 silly audit   '@svgr/babel-plugin-transform-react-native-svg': [ '8.1.0' ],
25 silly audit   '@svgr/babel-plugin-transform-svg-component': [ '8.0.0' ],
25 silly audit   '@svgr/babel-preset': [ '8.1.0' ],
25 silly audit   '@svgr/core': [ '8.1.0' ],
25 silly audit   '@svgr/hast-util-to-babel-ast': [ '8.0.0' ],
25 silly audit   '@svgr/plugin-jsx': [ '8.1.0' ],
25 silly audit   '@svgr/plugin-svgo': [ '8.1.0' ],
25 silly audit   '@svgr/webpack': [ '8.1.0' ],
25 silly audit   '@swc/counter': [ '0.1.3' ],
25 silly audit   '@swc/helpers': [ '0.5.15' ],
25 silly audit   '@tailwindcss/node': [ '4.1.3' ],
25 silly audit   tailwindcss: [ '4.1.3', '3.4.17' ],
25 silly audit   '@tailwindcss/oxide': [ '4.1.3' ],
25 silly audit   '@tailwindcss/oxide-android-arm64': [ '4.1.3' ],
25 silly audit   '@tailwindcss/oxide-darwin-arm64': [ '4.1.3' ],
25 silly audit   '@tailwindcss/oxide-darwin-x64': [ '4.1.3' ],
25 silly audit   '@tailwindcss/oxide-freebsd-x64': [ '4.1.3' ],
25 silly audit   '@tailwindcss/oxide-linux-arm-gnueabihf': [ '4.1.3' ],
25 silly audit   '@tailwindcss/oxide-linux-arm64-gnu': [ '4.1.3' ],
25 silly audit   '@tailwindcss/oxide-linux-arm64-musl': [ '4.1.3' ],
25 silly audit   '@tailwindcss/oxide-linux-x64-gnu': [ '4.1.3' ],
25 silly audit   '@tailwindcss/oxide-linux-x64-musl': [ '4.1.3' ],
25 silly audit   '@tailwindcss/oxide-win32-arm64-msvc': [ '4.1.3' ],
25 silly audit   '@tailwindcss/oxide-win32-x64-msvc': [ '4.1.3' ],
25 silly audit   '@tailwindcss/postcss': [ '4.1.3' ],
25 silly audit   '@trysound/sax': [ '0.2.0' ],
25 silly audit   '@types/node': [ '20.17.30' ],
25 silly audit   '@types/react': [ '19.1.0' ],
25 silly audit   '@types/react-dom': [ '19.1.1' ],
25 silly audit   'ansi-regex': [ '6.1.0', '5.0.1' ],
25 silly audit   'ansi-styles': [ '6.2.1', '4.3.0' ],
25 silly audit   'any-promise': [ '1.3.0' ],
25 silly audit   anymatch: [ '3.1.3' ],
25 silly audit   arg: [ '5.0.2' ],
25 silly audit   argparse: [ '2.0.1' ],
25 silly audit   autoprefixer: [ '10.4.21' ],
25 silly audit   'babel-plugin-polyfill-corejs2': [ '0.4.13' ],
25 silly audit   'babel-plugin-polyfill-corejs3': [ '0.11.1' ],
25 silly audit   'babel-plugin-polyfill-regenerator': [ '0.6.4' ],
25 silly audit   'balanced-match': [ '1.0.2' ],
25 silly audit   'binary-extensions': [ '2.3.0' ],
25 silly audit   boolbase: [ '1.0.0' ],
25 silly audit   'brace-expansion': [ '2.0.1' ],
25 silly audit   braces: [ '3.0.3' ],
25 silly audit   browserslist: [ '4.24.4' ],
25 silly audit   busboy: [ '1.6.0' ],
25 silly audit   callsites: [ '3.1.0' ],
25 silly audit   camelcase: [ '6.3.0' ],
25 silly audit   'camelcase-css': [ '2.0.1' ],
25 silly audit   'caniuse-lite': [ '1.0.30001711' ],
25 silly audit   chokidar: [ '3.6.0' ],
25 silly audit   'glob-parent': [ '5.1.2', '6.0.2' ],
25 silly audit   classnames: [ '2.5.1' ],
25 silly audit   'client-only': [ '0.0.1' ],
25 silly audit   color: [ '4.2.3' ],
25 silly audit   'color-convert': [ '2.0.1' ],
25 silly audit   'color-name': [ '1.1.4' ],
25 silly audit   'color-string': [ '1.9.1' ],
25 silly audit   commander: [ '7.2.0', '4.1.1' ],
25 silly audit   'convert-source-map': [ '2.0.0' ],
25 silly audit   'core-js-compat': [ '3.41.0' ],
25 silly audit   cosmiconfig: [ '8.3.6' ],
25 silly audit   'cross-spawn': [ '7.0.6' ],
25 silly audit   'css-select': [ '5.1.0' ],
25 silly audit   'css-tree': [ '2.3.1', '2.2.1' ],
25 silly audit   'css-what': [ '6.1.0' ],
25 silly audit   cssesc: [ '3.0.0' ],
25 silly audit   csso: [ '5.0.5' ],
25 silly audit   'mdn-data': [ '2.0.28', '2.0.30' ],
25 silly audit   csstype: [ '3.1.3' ],
25 silly audit   debug: [ '4.4.0' ],
25 silly audit   deepmerge: [ '4.3.1' ],
25 silly audit   'detect-libc': [ '2.0.3' ],
25 silly audit   didyoumean: [ '1.2.2' ],
25 silly audit   dlv: [ '1.1.3' ],
25 silly audit   'dom-helpers': [ '5.2.1' ],
25 silly audit   'dom-serializer': [ '2.0.0' ],
25 silly audit   domelementtype: [ '2.3.0' ],
25 silly audit   domhandler: [ '5.0.3' ],
25 silly audit   domutils: [ '3.2.2' ],
25 silly audit   'dot-case': [ '3.0.4' ],
25 silly audit   eastasianwidth: [ '0.2.0' ],
25 silly audit   'electron-to-chromium': [ '1.5.132' ],
25 silly audit   'emoji-regex': [ '9.2.2', '8.0.0' ],
25 silly audit   'enhanced-resolve': [ '5.18.1' ],
25 silly audit   entities: [ '4.5.0' ],
25 silly audit   'error-ex': [ '1.3.2' ],
25 silly audit   'is-arrayish': [ '0.2.1', '0.3.2' ],
25 silly audit   escalade: [ '3.2.0' ],
25 silly audit   esutils: [ '2.0.3' ],
25 silly audit   'fast-glob': [ '3.3.3' ],
25 silly audit   fastq: [ '1.19.1' ],
25 silly audit   'fill-range': [ '7.1.1' ],
25 silly audit   'foreground-child': [ '3.3.1' ],
25 silly audit   'fraction.js': [ '4.3.7' ],
25 silly audit   fsevents: [ '2.3.3' ],
25 silly audit   'function-bind': [ '1.1.2' ],
25 silly audit   gensync: [ '1.0.0-beta.2' ],
25 silly audit   glob: [ '10.4.5' ],
25 silly audit   globals: [ '11.12.0' ],
25 silly audit   'graceful-fs': [ '4.2.11' ],
25 silly audit   hasown: [ '2.0.2' ],
25 silly audit   'import-fresh': [ '3.3.1' ],
25 silly audit   'is-binary-path': [ '2.1.0' ],
25 silly audit   'is-core-module': [ '2.16.1' ],
25 silly audit   'is-extglob': [ '2.1.1' ],
25 silly audit   'is-fullwidth-code-point': [ '3.0.0' ],
25 silly audit   'is-glob': [ '4.0.3' ],
25 silly audit   'is-number': [ '7.0.0' ],
25 silly audit   isexe: [ '2.0.0' ],
25 silly audit   jackspeak: [ '3.4.3' ],
25 silly audit   jiti: [ '2.4.2', '1.21.7' ],
25 silly audit   'js-tokens': [ '4.0.0' ],
25 silly audit   'js-yaml': [ '4.1.0' ],
25 silly audit   jsesc: [ '3.1.0', '3.0.2' ],
25 silly audit   'json-parse-even-better-errors': [ '2.3.1' ],
25 silly audit   json5: [ '2.2.3' ],
25 silly audit   lightningcss: [ '1.29.2' ],
25 silly audit   'lightningcss-darwin-arm64': [ '1.29.2' ],
25 silly audit   'lightningcss-darwin-x64': [ '1.29.2' ],
25 silly audit   'lightningcss-freebsd-x64': [ '1.29.2' ],
25 silly audit   'lightningcss-linux-arm-gnueabihf': [ '1.29.2' ],
25 silly audit   'lightningcss-linux-arm64-gnu': [ '1.29.2' ],
25 silly audit   'lightningcss-linux-arm64-musl': [ '1.29.2' ],
25 silly audit   'lightningcss-linux-x64-gnu': [ '1.29.2' ],
25 silly audit   'lightningcss-linux-x64-musl': [ '1.29.2' ],
25 silly audit   'lightningcss-win32-arm64-msvc': [ '1.29.2' ],
25 silly audit   'lightningcss-win32-x64-msvc': [ '1.29.2' ],
25 silly audit   lilconfig: [ '3.1.3' ],
25 silly audit   'lines-and-columns': [ '1.2.4' ],
25 silly audit   'lodash.debounce': [ '4.0.8' ],
25 silly audit   'loose-envify': [ '1.4.0' ],
25 silly audit   'lower-case': [ '2.0.2' ],
25 silly audit   'lru-cache': [ '5.1.1', '10.4.3' ],
25 silly audit   merge2: [ '1.4.1' ],
25 silly audit   micromatch: [ '4.0.8' ],
25 silly audit   minimatch: [ '9.0.5' ],
25 silly audit   minipass: [ '7.1.2' ],
25 silly audit   ms: [ '2.1.3' ],
25 silly audit   mz: [ '2.7.0' ],
25 silly audit   nanoid: [ '3.3.11' ],
25 silly audit   next: [ '15.2.4' ],
25 silly audit   postcss: [ '8.4.31', '8.5.3' ],
25 silly audit   'no-case': [ '3.0.4' ],
25 silly audit   'node-releases': [ '2.0.19' ],
25 silly audit   'normalize-path': [ '3.0.0' ],
25 silly audit   'normalize-range': [ '0.1.2' ],
25 silly audit   'nth-check': [ '2.1.1' ],
25 silly audit   'object-assign': [ '4.1.1' ],
25 silly audit   'object-hash': [ '3.0.0' ],
25 silly audit   'package-json-from-dist': [ '1.0.1' ],
25 silly audit   'parent-module': [ '1.0.1' ],
25 silly audit   'parse-json': [ '5.2.0' ],
25 silly audit   'path-key': [ '3.1.1' ],
25 silly audit   'path-parse': [ '1.0.7' ],
25 silly audit   'path-scurry': [ '1.11.1' ],
25 silly audit   'path-type': [ '4.0.0' ],
25 silly audit   picocolors: [ '1.1.1' ],
25 silly audit   picomatch: [ '2.3.1' ],
25 silly audit   pify: [ '2.3.0' ],
25 silly audit   pirates: [ '4.0.7' ],
25 silly audit   'postcss-import': [ '15.1.0' ],
25 silly audit   'postcss-js': [ '4.0.1' ],
25 silly audit   'postcss-load-config': [ '4.0.2' ],
25 silly audit   'postcss-nested': [ '6.2.0' ],
25 silly audit   'postcss-selector-parser': [ '6.1.2' ],
25 silly audit   'postcss-value-parser': [ '4.2.0' ],
25 silly audit   prettier: [ '3.5.3' ],
25 silly audit   'prettier-plugin-tailwindcss': [ '0.5.14' ],
25 silly audit   'prop-types': [ '15.8.1' ],
25 silly audit   'queue-microtask': [ '1.2.3' ],
25 silly audit   react: [ '19.1.0' ],
25 silly audit   'react-dom': [ '19.1.0' ],
25 silly audit   'react-is': [ '16.13.1' ],
25 silly audit   'react-transition-group': [ '4.4.5' ],
25 silly audit   'read-cache': [ '1.0.0' ],
25 silly audit   readdirp: [ '3.6.0' ],
25 silly audit   regenerate: [ '1.4.2' ],
25 silly audit   'regenerate-unicode-properties': [ '10.2.0' ],
25 silly audit   'regenerator-runtime': [ '0.14.1' ],
25 silly audit   'regenerator-transform': [ '0.15.2' ],
25 silly audit   'regexpu-core': [ '6.2.0' ],
25 silly audit   regjsgen: [ '0.8.0' ],
25 silly audit   regjsparser: [ '0.12.0' ],
25 silly audit   resolve: [ '1.22.10' ],
25 silly audit   'resolve-from': [ '4.0.0' ],
25 silly audit   reusify: [ '1.1.0' ],
25 silly audit   'run-parallel': [ '1.2.0' ],
25 silly audit   scheduler: [ '0.26.0' ],
25 silly audit   sharp: [ '0.33.5' ],
25 silly audit   'shebang-command': [ '2.0.0' ],
25 silly audit   'shebang-regex': [ '3.0.0' ],
25 silly audit   'signal-exit': [ '4.1.0' ],
25 silly audit   'simple-swizzle': [ '0.2.2' ],
25 silly audit   'snake-case': [ '3.0.4' ],
25 silly audit   'source-map-js': [ '1.2.1' ],
25 silly audit   streamsearch: [ '1.1.0' ],
25 silly audit   'string-width': [ '5.1.2', '4.2.3' ],
25 silly audit   'strip-ansi': [ '6.0.1', '7.1.0' ],
25 silly audit   'styled-jsx': [ '5.1.6' ],
25 silly audit   sucrase: [ '3.35.0' ],
25 silly audit   'supports-preserve-symlinks-flag': [ '1.0.0' ],
25 silly audit   'svg-parser': [ '2.0.4' ],
25 silly audit   svgo: [ '3.3.2' ],
25 silly audit   tapable: [ '2.2.1' ],
25 silly audit   thenify: [ '3.3.1' ],
25 silly audit   'thenify-all': [ '1.6.0' ],
25 silly audit   'to-regex-range': [ '5.0.1' ],
25 silly audit   'ts-interface-checker': [ '0.1.13' ],
25 silly audit   tslib: [ '2.8.1' ],
25 silly audit   typescript: [ '5.8.3' ],
25 silly audit   'undici-types': [ '6.19.8' ],
25 silly audit   'unicode-canonical-property-names-ecmascript': [ '2.0.1' ],
25 silly audit   'unicode-match-property-ecmascript': [ '2.0.0' ],
25 silly audit   'unicode-match-property-value-ecmascript': [ '2.2.0' ],
25 silly audit   'unicode-property-aliases-ecmascript': [ '2.1.0' ],
25 silly audit   'update-browserslist-db': [ '1.1.3' ],
25 silly audit   'util-deprecate': [ '1.0.2' ],
25 silly audit   which: [ '2.0.2' ],
25 silly audit   'wrap-ansi': [ '8.1.0', '7.0.0' ],
25 silly audit   yallist: [ '3.1.1' ],
25 silly audit   yaml: [ '2.7.1' ],
25 silly audit   '@types/react-transition-group': [ '4.4.12' ]
25 silly audit }
26 verbose reify failed optional dependency e:\lb-news\node_modules\lightningcss-win32-arm64-msvc
27 silly reify mark deleted [ 'e:\\lb-news\\node_modules\\lightningcss-win32-arm64-msvc' ]
28 verbose reify failed optional dependency e:\lb-news\node_modules\lightningcss-linux-x64-musl
29 silly reify mark deleted [ 'e:\\lb-news\\node_modules\\lightningcss-linux-x64-musl' ]
30 verbose reify failed optional dependency e:\lb-news\node_modules\lightningcss-linux-x64-gnu
31 silly reify mark deleted [ 'e:\\lb-news\\node_modules\\lightningcss-linux-x64-gnu' ]
32 verbose reify failed optional dependency e:\lb-news\node_modules\lightningcss-linux-arm64-musl
33 silly reify mark deleted [ 'e:\\lb-news\\node_modules\\lightningcss-linux-arm64-musl' ]
34 verbose reify failed optional dependency e:\lb-news\node_modules\lightningcss-linux-arm64-gnu
35 silly reify mark deleted [ 'e:\\lb-news\\node_modules\\lightningcss-linux-arm64-gnu' ]
36 verbose reify failed optional dependency e:\lb-news\node_modules\lightningcss-linux-arm-gnueabihf
37 silly reify mark deleted [ 'e:\\lb-news\\node_modules\\lightningcss-linux-arm-gnueabihf' ]
38 verbose reify failed optional dependency e:\lb-news\node_modules\lightningcss-freebsd-x64
39 silly reify mark deleted [ 'e:\\lb-news\\node_modules\\lightningcss-freebsd-x64' ]
40 verbose reify failed optional dependency e:\lb-news\node_modules\lightningcss-darwin-x64
41 silly reify mark deleted [ 'e:\\lb-news\\node_modules\\lightningcss-darwin-x64' ]
42 verbose reify failed optional dependency e:\lb-news\node_modules\lightningcss-darwin-arm64
43 silly reify mark deleted [ 'e:\\lb-news\\node_modules\\lightningcss-darwin-arm64' ]
44 verbose reify failed optional dependency e:\lb-news\node_modules\fsevents
45 silly reify mark deleted [ 'e:\\lb-news\\node_modules\\fsevents' ]
46 verbose reify failed optional dependency e:\lb-news\node_modules\@tailwindcss\oxide-win32-arm64-msvc
47 silly reify mark deleted [ 'e:\\lb-news\\node_modules\\@tailwindcss\\oxide-win32-arm64-msvc' ]
48 verbose reify failed optional dependency e:\lb-news\node_modules\@tailwindcss\oxide-linux-x64-musl
49 silly reify mark deleted [ 'e:\\lb-news\\node_modules\\@tailwindcss\\oxide-linux-x64-musl' ]
50 verbose reify failed optional dependency e:\lb-news\node_modules\@tailwindcss\oxide-linux-x64-gnu
51 silly reify mark deleted [ 'e:\\lb-news\\node_modules\\@tailwindcss\\oxide-linux-x64-gnu' ]
52 verbose reify failed optional dependency e:\lb-news\node_modules\@tailwindcss\oxide-linux-arm64-musl
53 silly reify mark deleted [ 'e:\\lb-news\\node_modules\\@tailwindcss\\oxide-linux-arm64-musl' ]
54 verbose reify failed optional dependency e:\lb-news\node_modules\@tailwindcss\oxide-linux-arm64-gnu
55 silly reify mark deleted [ 'e:\\lb-news\\node_modules\\@tailwindcss\\oxide-linux-arm64-gnu' ]
56 verbose reify failed optional dependency e:\lb-news\node_modules\@tailwindcss\oxide-linux-arm-gnueabihf
57 silly reify mark deleted [
57 silly reify   'e:\\lb-news\\node_modules\\@tailwindcss\\oxide-linux-arm-gnueabihf'
57 silly reify ]
58 verbose reify failed optional dependency e:\lb-news\node_modules\@tailwindcss\oxide-freebsd-x64
59 silly reify mark deleted [ 'e:\\lb-news\\node_modules\\@tailwindcss\\oxide-freebsd-x64' ]
60 verbose reify failed optional dependency e:\lb-news\node_modules\@tailwindcss\oxide-darwin-x64
61 silly reify mark deleted [ 'e:\\lb-news\\node_modules\\@tailwindcss\\oxide-darwin-x64' ]
62 verbose reify failed optional dependency e:\lb-news\node_modules\@tailwindcss\oxide-darwin-arm64
63 silly reify mark deleted [ 'e:\\lb-news\\node_modules\\@tailwindcss\\oxide-darwin-arm64' ]
64 verbose reify failed optional dependency e:\lb-news\node_modules\@tailwindcss\oxide-android-arm64
65 silly reify mark deleted [ 'e:\\lb-news\\node_modules\\@tailwindcss\\oxide-android-arm64' ]
66 verbose reify failed optional dependency e:\lb-news\node_modules\@next\swc-win32-arm64-msvc
67 silly reify mark deleted [ 'e:\\lb-news\\node_modules\\@next\\swc-win32-arm64-msvc' ]
68 verbose reify failed optional dependency e:\lb-news\node_modules\@next\swc-linux-x64-musl
69 silly reify mark deleted [ 'e:\\lb-news\\node_modules\\@next\\swc-linux-x64-musl' ]
70 verbose reify failed optional dependency e:\lb-news\node_modules\@next\swc-linux-x64-gnu
71 silly reify mark deleted [ 'e:\\lb-news\\node_modules\\@next\\swc-linux-x64-gnu' ]
72 verbose reify failed optional dependency e:\lb-news\node_modules\@next\swc-linux-arm64-musl
73 silly reify mark deleted [ 'e:\\lb-news\\node_modules\\@next\\swc-linux-arm64-musl' ]
74 verbose reify failed optional dependency e:\lb-news\node_modules\@next\swc-linux-arm64-gnu
75 silly reify mark deleted [ 'e:\\lb-news\\node_modules\\@next\\swc-linux-arm64-gnu' ]
76 verbose reify failed optional dependency e:\lb-news\node_modules\@next\swc-darwin-x64
77 silly reify mark deleted [ 'e:\\lb-news\\node_modules\\@next\\swc-darwin-x64' ]
78 verbose reify failed optional dependency e:\lb-news\node_modules\@next\swc-darwin-arm64
79 silly reify mark deleted [ 'e:\\lb-news\\node_modules\\@next\\swc-darwin-arm64' ]
80 verbose reify failed optional dependency e:\lb-news\node_modules\@img\sharp-win32-ia32
81 silly reify mark deleted [ 'e:\\lb-news\\node_modules\\@img\\sharp-win32-ia32' ]
82 verbose reify failed optional dependency e:\lb-news\node_modules\@img\sharp-wasm32
83 silly reify mark deleted [ 'e:\\lb-news\\node_modules\\@img\\sharp-wasm32' ]
84 verbose reify failed optional dependency e:\lb-news\node_modules\@emnapi\runtime
85 silly reify mark deleted [ 'e:\\lb-news\\node_modules\\@emnapi\\runtime' ]
86 verbose reify failed optional dependency e:\lb-news\node_modules\@img\sharp-linuxmusl-x64
87 silly reify mark deleted [ 'e:\\lb-news\\node_modules\\@img\\sharp-linuxmusl-x64' ]
88 verbose reify failed optional dependency e:\lb-news\node_modules\@img\sharp-linuxmusl-arm64
89 silly reify mark deleted [ 'e:\\lb-news\\node_modules\\@img\\sharp-linuxmusl-arm64' ]
90 verbose reify failed optional dependency e:\lb-news\node_modules\@img\sharp-linux-x64
91 silly reify mark deleted [ 'e:\\lb-news\\node_modules\\@img\\sharp-linux-x64' ]
92 verbose reify failed optional dependency e:\lb-news\node_modules\@img\sharp-linux-s390x
93 silly reify mark deleted [ 'e:\\lb-news\\node_modules\\@img\\sharp-linux-s390x' ]
94 verbose reify failed optional dependency e:\lb-news\node_modules\@img\sharp-linux-arm64
95 silly reify mark deleted [ 'e:\\lb-news\\node_modules\\@img\\sharp-linux-arm64' ]
96 verbose reify failed optional dependency e:\lb-news\node_modules\@img\sharp-linux-arm
97 silly reify mark deleted [ 'e:\\lb-news\\node_modules\\@img\\sharp-linux-arm' ]
98 verbose reify failed optional dependency e:\lb-news\node_modules\@img\sharp-libvips-linuxmusl-x64
99 silly reify mark deleted [ 'e:\\lb-news\\node_modules\\@img\\sharp-libvips-linuxmusl-x64' ]
100 verbose reify failed optional dependency e:\lb-news\node_modules\@img\sharp-libvips-linuxmusl-arm64
101 silly reify mark deleted [ 'e:\\lb-news\\node_modules\\@img\\sharp-libvips-linuxmusl-arm64' ]
102 verbose reify failed optional dependency e:\lb-news\node_modules\@img\sharp-libvips-linux-x64
103 silly reify mark deleted [ 'e:\\lb-news\\node_modules\\@img\\sharp-libvips-linux-x64' ]
104 verbose reify failed optional dependency e:\lb-news\node_modules\@img\sharp-libvips-linux-s390x
105 silly reify mark deleted [ 'e:\\lb-news\\node_modules\\@img\\sharp-libvips-linux-s390x' ]
106 verbose reify failed optional dependency e:\lb-news\node_modules\@img\sharp-libvips-linux-arm64
107 silly reify mark deleted [ 'e:\\lb-news\\node_modules\\@img\\sharp-libvips-linux-arm64' ]
108 verbose reify failed optional dependency e:\lb-news\node_modules\@img\sharp-libvips-linux-arm
109 silly reify mark deleted [ 'e:\\lb-news\\node_modules\\@img\\sharp-libvips-linux-arm' ]
110 verbose reify failed optional dependency e:\lb-news\node_modules\@img\sharp-libvips-darwin-x64
111 silly reify mark deleted [ 'e:\\lb-news\\node_modules\\@img\\sharp-libvips-darwin-x64' ]
112 verbose reify failed optional dependency e:\lb-news\node_modules\@img\sharp-libvips-darwin-arm64
113 silly reify mark deleted [ 'e:\\lb-news\\node_modules\\@img\\sharp-libvips-darwin-arm64' ]
114 verbose reify failed optional dependency e:\lb-news\node_modules\@img\sharp-darwin-x64
115 silly reify mark deleted [ 'e:\\lb-news\\node_modules\\@img\\sharp-darwin-x64' ]
116 verbose reify failed optional dependency e:\lb-news\node_modules\@img\sharp-darwin-arm64
117 silly reify mark deleted [ 'e:\\lb-news\\node_modules\\@img\\sharp-darwin-arm64' ]
118 http cache @types/react-transition-group@https://registry.npmjs.org/@types/react-transition-group/-/react-transition-group-4.4.12.tgz 0ms (cache hit)
119 http cache @emnapi/runtime@https://registry.npmjs.org/@emnapi/runtime/-/runtime-1.4.0.tgz 0ms (cache hit)
120 silly tarball no local data for @types/react-transition-group@https://registry.npmjs.org/@types/react-transition-group/-/react-transition-group-4.4.12.tgz. Extracting by manifest.
121 http fetch GET 200 https://registry.npmjs.org/@types/react-transition-group/-/react-transition-group-4.4.12.tgz 236ms (cache miss)
122 http fetch POST 200 https://registry.npmjs.org/-/npm/v1/security/advisories/bulk 292ms
123 silly audit report {}
124 silly ADD node_modules/@types/react-transition-group
125 silly ADD
126 silly ADD
127 silly ADD
128 silly ADD
129 silly ADD
130 silly ADD
131 silly ADD
132 silly ADD
133 silly ADD
134 silly ADD
135 silly ADD
136 silly ADD
137 silly ADD
138 silly ADD
139 silly ADD
140 silly ADD
141 silly ADD
142 silly ADD
143 silly ADD
144 silly ADD
145 silly ADD
146 silly ADD
147 silly ADD
148 silly ADD
149 silly ADD
150 silly ADD
151 silly ADD
152 silly ADD
153 silly ADD
154 silly ADD
155 silly ADD
156 silly ADD
157 silly ADD
158 silly ADD
159 silly ADD
160 silly ADD
161 silly ADD
162 silly ADD
163 silly ADD
164 silly ADD
165 silly ADD
166 silly ADD
167 silly ADD
168 silly ADD
169 silly ADD
170 silly ADD
171 verbose cwd e:\lb-news
172 verbose os Windows_NT 10.0.19045
173 verbose node v22.14.0
174 verbose npm  v11.2.0
175 verbose exit 0
176 info ok
