0 verbose cli C:\Program Files\nodejs\node.exe C:\Users\denni\AppData\Roaming\npm\node_modules\npm\bin\npm-cli.js
1 info using npm@11.2.0
2 info using node@v22.14.0
3 silly config load:file:C:\Users\denni\AppData\Roaming\npm\node_modules\npm\npmrc
4 silly config load:file:E:\lb-news\.npmrc
5 silly config load:file:C:\Users\denni\.npmrc
6 silly config load:file:C:\Users\denni\AppData\Roaming\npm\etc\npmrc
7 verbose title npm i
8 verbose argv "i"
9 verbose logfile logs-max:10 dir:E:\lb-news\npm-cache\_logs\2025-04-06T06_45_40_205Z-
10 verbose logfile E:\lb-news\npm-cache\_logs\2025-04-06T06_45_40_205Z-debug-0.log
11 silly logfile start cleaning logs, removing 1 files
12 silly packumentCache heap:2197815296 maxSize:549453824 maxEntrySize:274726912
13 silly logfile done cleaning log files
14 silly idealTree buildDeps
15 silly fetch manifest react-transition-group@^4.4.5
16 silly packumentCache full:https://registry.npmjs.org/react-transition-group cache-miss
17 http fetch GET 200 https://registry.npmjs.org/react-transition-group 449ms (cache miss)
18 silly packumentCache full:https://registry.npmjs.org/react-transition-group set size:undefined disposed:false
19 silly fetch manifest react@^19.0.0
20 silly packumentCache full:https://registry.npmjs.org/react cache-miss
21 http fetch GET 200 https://registry.npmjs.org/react 526ms (cache updated)
22 silly packumentCache full:https://registry.npmjs.org/react set size:undefined disposed:false
23 silly fetch manifest react-dom@^19.0.0
24 silly packumentCache full:https://registry.npmjs.org/react-dom cache-miss
25 http fetch GET 200 https://registry.npmjs.org/react-dom 539ms (cache updated)
26 silly packumentCache full:https://registry.npmjs.org/react-dom set size:undefined disposed:false
27 silly placeDep ROOT react-transition-group@4.4.5 OK for: lb-news@0.1.0 want: ^4.4.5
28 silly fetch manifest dom-helpers@^5.0.1
29 silly packumentCache full:https://registry.npmjs.org/dom-helpers cache-miss
30 silly fetch manifest loose-envify@^1.4.0
31 silly packumentCache full:https://registry.npmjs.org/loose-envify cache-miss
32 silly fetch manifest prop-types@^15.6.2
33 silly packumentCache full:https://registry.npmjs.org/prop-types cache-miss
34 http fetch GET 200 https://registry.npmjs.org/dom-helpers 129ms (cache miss)
35 silly packumentCache full:https://registry.npmjs.org/dom-helpers set size:undefined disposed:false
36 http fetch GET 200 https://registry.npmjs.org/prop-types 162ms (cache miss)
37 silly packumentCache full:https://registry.npmjs.org/prop-types set size:undefined disposed:false
38 http fetch GET 200 https://registry.npmjs.org/loose-envify 225ms (cache miss)
39 silly packumentCache full:https://registry.npmjs.org/loose-envify set size:undefined disposed:false
40 silly placeDep ROOT dom-helpers@5.2.1 OK for: react-transition-group@4.4.5 want: ^5.0.1
41 silly placeDep ROOT loose-envify@1.4.0 OK for: react-transition-group@4.4.5 want: ^1.4.0
42 silly placeDep ROOT prop-types@15.8.1 OK for: react-transition-group@4.4.5 want: ^15.6.2
43 silly fetch manifest react-is@^16.13.1
44 silly packumentCache full:https://registry.npmjs.org/react-is cache-miss
45 http fetch GET 200 https://registry.npmjs.org/react-is 523ms (cache miss)
46 silly packumentCache full:https://registry.npmjs.org/react-is set size:undefined disposed:false
47 silly placeDep ROOT react-is@16.13.1 OK for: prop-types@15.8.1 want: ^16.13.1
48 silly reify moves {}
49 silly audit bulk request {
49 silly audit   '@alloc/quick-lru': [ '5.2.0' ],
49 silly audit   '@ampproject/remapping': [ '2.3.0' ],
49 silly audit   '@babel/code-frame': [ '7.26.2' ],
49 silly audit   '@babel/compat-data': [ '7.26.8' ],
49 silly audit   '@babel/core': [ '7.26.10' ],
49 silly audit   semver: [ '6.3.1', '7.7.1' ],
49 silly audit   '@babel/generator': [ '7.27.0' ],
49 silly audit   '@babel/helper-annotate-as-pure': [ '7.25.9' ],
49 silly audit   '@babel/helper-compilation-targets': [ '7.27.0' ],
49 silly audit   '@babel/helper-create-class-features-plugin': [ '7.27.0' ],
49 silly audit   '@babel/helper-create-regexp-features-plugin': [ '7.27.0' ],
49 silly audit   '@babel/helper-define-polyfill-provider': [ '0.6.4' ],
49 silly audit   '@babel/helper-member-expression-to-functions': [ '7.25.9' ],
49 silly audit   '@babel/helper-module-imports': [ '7.25.9' ],
49 silly audit   '@babel/helper-module-transforms': [ '7.26.0' ],
49 silly audit   '@babel/helper-optimise-call-expression': [ '7.25.9' ],
49 silly audit   '@babel/helper-plugin-utils': [ '7.26.5' ],
49 silly audit   '@babel/helper-remap-async-to-generator': [ '7.25.9' ],
49 silly audit   '@babel/helper-replace-supers': [ '7.26.5' ],
49 silly audit   '@babel/helper-skip-transparent-expression-wrappers': [ '7.25.9' ],
49 silly audit   '@babel/helper-string-parser': [ '7.25.9' ],
49 silly audit   '@babel/helper-validator-identifier': [ '7.25.9' ],
49 silly audit   '@babel/helper-validator-option': [ '7.25.9' ],
49 silly audit   '@babel/helper-wrap-function': [ '7.25.9' ],
49 silly audit   '@babel/helpers': [ '7.27.0' ],
49 silly audit   '@babel/parser': [ '7.27.0' ],
49 silly audit   '@babel/plugin-bugfix-firefox-class-in-computed-class-key': [ '7.25.9' ],
49 silly audit   '@babel/plugin-bugfix-safari-class-field-initializer-scope': [ '7.25.9' ],
49 silly audit   '@babel/plugin-bugfix-safari-id-destructuring-collision-in-function-expression': [ '7.25.9' ],
49 silly audit   '@babel/plugin-bugfix-v8-spread-parameters-in-optional-chaining': [ '7.25.9' ],
49 silly audit   '@babel/plugin-bugfix-v8-static-class-fields-redefine-readonly': [ '7.25.9' ],
49 silly audit   '@babel/plugin-proposal-private-property-in-object': [ '7.21.0-placeholder-for-preset-env.2' ],
49 silly audit   '@babel/plugin-syntax-import-assertions': [ '7.26.0' ],
49 silly audit   '@babel/plugin-syntax-import-attributes': [ '7.26.0' ],
49 silly audit   '@babel/plugin-syntax-jsx': [ '7.25.9' ],
49 silly audit   '@babel/plugin-syntax-typescript': [ '7.25.9' ],
49 silly audit   '@babel/plugin-syntax-unicode-sets-regex': [ '7.18.6' ],
49 silly audit   '@babel/plugin-transform-arrow-functions': [ '7.25.9' ],
49 silly audit   '@babel/plugin-transform-async-generator-functions': [ '7.26.8' ],
49 silly audit   '@babel/plugin-transform-async-to-generator': [ '7.25.9' ],
49 silly audit   '@babel/plugin-transform-block-scoped-functions': [ '7.26.5' ],
49 silly audit   '@babel/plugin-transform-block-scoping': [ '7.27.0' ],
49 silly audit   '@babel/plugin-transform-class-properties': [ '7.25.9' ],
49 silly audit   '@babel/plugin-transform-class-static-block': [ '7.26.0' ],
49 silly audit   '@babel/plugin-transform-classes': [ '7.25.9' ],
49 silly audit   '@babel/plugin-transform-computed-properties': [ '7.25.9' ],
49 silly audit   '@babel/plugin-transform-destructuring': [ '7.25.9' ],
49 silly audit   '@babel/plugin-transform-dotall-regex': [ '7.25.9' ],
49 silly audit   '@babel/plugin-transform-duplicate-keys': [ '7.25.9' ],
49 silly audit   '@babel/plugin-transform-duplicate-named-capturing-groups-regex': [ '7.25.9' ],
49 silly audit   '@babel/plugin-transform-dynamic-import': [ '7.25.9' ],
49 silly audit   '@babel/plugin-transform-exponentiation-operator': [ '7.26.3' ],
49 silly audit   '@babel/plugin-transform-export-namespace-from': [ '7.25.9' ],
49 silly audit   '@babel/plugin-transform-for-of': [ '7.26.9' ],
49 silly audit   '@babel/plugin-transform-function-name': [ '7.25.9' ],
49 silly audit   '@babel/plugin-transform-json-strings': [ '7.25.9' ],
49 silly audit   '@babel/plugin-transform-literals': [ '7.25.9' ],
49 silly audit   '@babel/plugin-transform-logical-assignment-operators': [ '7.25.9' ],
49 silly audit   '@babel/plugin-transform-member-expression-literals': [ '7.25.9' ],
49 silly audit   '@babel/plugin-transform-modules-amd': [ '7.25.9' ],
49 silly audit   '@babel/plugin-transform-modules-commonjs': [ '7.26.3' ],
49 silly audit   '@babel/plugin-transform-modules-systemjs': [ '7.25.9' ],
49 silly audit   '@babel/plugin-transform-modules-umd': [ '7.25.9' ],
49 silly audit   '@babel/plugin-transform-named-capturing-groups-regex': [ '7.25.9' ],
49 silly audit   '@babel/plugin-transform-new-target': [ '7.25.9' ],
49 silly audit   '@babel/plugin-transform-nullish-coalescing-operator': [ '7.26.6' ],
49 silly audit   '@babel/plugin-transform-numeric-separator': [ '7.25.9' ],
49 silly audit   '@babel/plugin-transform-object-rest-spread': [ '7.25.9' ],
49 silly audit   '@babel/plugin-transform-object-super': [ '7.25.9' ],
49 silly audit   '@babel/plugin-transform-optional-catch-binding': [ '7.25.9' ],
49 silly audit   '@babel/plugin-transform-optional-chaining': [ '7.25.9' ],
49 silly audit   '@babel/plugin-transform-parameters': [ '7.25.9' ],
49 silly audit   '@babel/plugin-transform-private-methods': [ '7.25.9' ],
49 silly audit   '@babel/plugin-transform-private-property-in-object': [ '7.25.9' ],
49 silly audit   '@babel/plugin-transform-property-literals': [ '7.25.9' ],
49 silly audit   '@babel/plugin-transform-react-constant-elements': [ '7.25.9' ],
49 silly audit   '@babel/plugin-transform-react-display-name': [ '7.25.9' ],
49 silly audit   '@babel/plugin-transform-react-jsx': [ '7.25.9' ],
49 silly audit   '@babel/plugin-transform-react-jsx-development': [ '7.25.9' ],
49 silly audit   '@babel/plugin-transform-react-pure-annotations': [ '7.25.9' ],
49 silly audit   '@babel/plugin-transform-regenerator': [ '7.27.0' ],
49 silly audit   '@babel/plugin-transform-regexp-modifiers': [ '7.26.0' ],
49 silly audit   '@babel/plugin-transform-reserved-words': [ '7.25.9' ],
49 silly audit   '@babel/plugin-transform-shorthand-properties': [ '7.25.9' ],
49 silly audit   '@babel/plugin-transform-spread': [ '7.25.9' ],
49 silly audit   '@babel/plugin-transform-sticky-regex': [ '7.25.9' ],
49 silly audit   '@babel/plugin-transform-template-literals': [ '7.26.8' ],
49 silly audit   '@babel/plugin-transform-typeof-symbol': [ '7.27.0' ],
49 silly audit   '@babel/plugin-transform-typescript': [ '7.27.0' ],
49 silly audit   '@babel/plugin-transform-unicode-escapes': [ '7.25.9' ],
49 silly audit   '@babel/plugin-transform-unicode-property-regex': [ '7.25.9' ],
49 silly audit   '@babel/plugin-transform-unicode-regex': [ '7.25.9' ],
49 silly audit   '@babel/plugin-transform-unicode-sets-regex': [ '7.25.9' ],
49 silly audit   '@babel/preset-env': [ '7.26.9' ],
49 silly audit   '@babel/preset-modules': [ '0.1.6-no-external-plugins' ],
49 silly audit   '@babel/preset-react': [ '7.26.3' ],
49 silly audit   '@babel/preset-typescript': [ '7.27.0' ],
49 silly audit   '@babel/runtime': [ '7.27.0' ],
49 silly audit   '@babel/template': [ '7.27.0' ],
49 silly audit   '@babel/traverse': [ '7.27.0' ],
49 silly audit   '@babel/types': [ '7.27.0' ],
49 silly audit   '@emnapi/runtime': [ '1.4.0' ],
49 silly audit   '@formatjs/intl-localematcher': [ '0.6.1' ],
49 silly audit   '@img/sharp-darwin-arm64': [ '0.33.5' ],
49 silly audit   '@img/sharp-darwin-x64': [ '0.33.5' ],
49 silly audit   '@img/sharp-libvips-darwin-arm64': [ '1.0.4' ],
49 silly audit   '@img/sharp-libvips-darwin-x64': [ '1.0.4' ],
49 silly audit   '@img/sharp-libvips-linux-arm': [ '1.0.5' ],
49 silly audit   '@img/sharp-libvips-linux-arm64': [ '1.0.4' ],
49 silly audit   '@img/sharp-libvips-linux-s390x': [ '1.0.4' ],
49 silly audit   '@img/sharp-libvips-linux-x64': [ '1.0.4' ],
49 silly audit   '@img/sharp-libvips-linuxmusl-arm64': [ '1.0.4' ],
49 silly audit   '@img/sharp-libvips-linuxmusl-x64': [ '1.0.4' ],
49 silly audit   '@img/sharp-linux-arm': [ '0.33.5' ],
49 silly audit   '@img/sharp-linux-arm64': [ '0.33.5' ],
49 silly audit   '@img/sharp-linux-s390x': [ '0.33.5' ],
49 silly audit   '@img/sharp-linux-x64': [ '0.33.5' ],
49 silly audit   '@img/sharp-linuxmusl-arm64': [ '0.33.5' ],
49 silly audit   '@img/sharp-linuxmusl-x64': [ '0.33.5' ],
49 silly audit   '@img/sharp-wasm32': [ '0.33.5' ],
49 silly audit   '@img/sharp-win32-ia32': [ '0.33.5' ],
49 silly audit   '@img/sharp-win32-x64': [ '0.33.5' ],
49 silly audit   '@isaacs/cliui': [ '8.0.2' ],
49 silly audit   '@jridgewell/gen-mapping': [ '0.3.8' ],
49 silly audit   '@jridgewell/resolve-uri': [ '3.1.2' ],
49 silly audit   '@jridgewell/set-array': [ '1.2.1' ],
49 silly audit   '@jridgewell/sourcemap-codec': [ '1.5.0' ],
49 silly audit   '@jridgewell/trace-mapping': [ '0.3.25' ],
49 silly audit   '@next/env': [ '15.2.4' ],
49 silly audit   '@next/swc-darwin-arm64': [ '15.2.4' ],
49 silly audit   '@next/swc-darwin-x64': [ '15.2.4' ],
49 silly audit   '@next/swc-linux-arm64-gnu': [ '15.2.4' ],
49 silly audit   '@next/swc-linux-arm64-musl': [ '15.2.4' ],
49 silly audit   '@next/swc-linux-x64-gnu': [ '15.2.4' ],
49 silly audit   '@next/swc-linux-x64-musl': [ '15.2.4' ],
49 silly audit   '@next/swc-win32-arm64-msvc': [ '15.2.4' ],
49 silly audit   '@next/swc-win32-x64-msvc': [ '15.2.4' ],
49 silly audit   '@nodelib/fs.scandir': [ '2.1.5' ],
49 silly audit   '@nodelib/fs.stat': [ '2.0.5' ],
49 silly audit   '@nodelib/fs.walk': [ '1.2.8' ],
49 silly audit   '@pkgjs/parseargs': [ '0.11.0' ],
49 silly audit   '@svgr/babel-plugin-add-jsx-attribute': [ '8.0.0' ],
49 silly audit   '@svgr/babel-plugin-remove-jsx-attribute': [ '8.0.0' ],
49 silly audit   '@svgr/babel-plugin-remove-jsx-empty-expression': [ '8.0.0' ],
49 silly audit   '@svgr/babel-plugin-replace-jsx-attribute-value': [ '8.0.0' ],
49 silly audit   '@svgr/babel-plugin-svg-dynamic-title': [ '8.0.0' ],
49 silly audit   '@svgr/babel-plugin-svg-em-dimensions': [ '8.0.0' ],
49 silly audit   '@svgr/babel-plugin-transform-react-native-svg': [ '8.1.0' ],
49 silly audit   '@svgr/babel-plugin-transform-svg-component': [ '8.0.0' ],
49 silly audit   '@svgr/babel-preset': [ '8.1.0' ],
49 silly audit   '@svgr/core': [ '8.1.0' ],
49 silly audit   '@svgr/hast-util-to-babel-ast': [ '8.0.0' ],
49 silly audit   '@svgr/plugin-jsx': [ '8.1.0' ],
49 silly audit   '@svgr/plugin-svgo': [ '8.1.0' ],
49 silly audit   '@svgr/webpack': [ '8.1.0' ],
49 silly audit   '@swc/counter': [ '0.1.3' ],
49 silly audit   '@swc/helpers': [ '0.5.15' ],
49 silly audit   '@tailwindcss/node': [ '4.1.3' ],
49 silly audit   tailwindcss: [ '4.1.3', '3.4.17' ],
49 silly audit   '@tailwindcss/oxide': [ '4.1.3' ],
49 silly audit   '@tailwindcss/oxide-android-arm64': [ '4.1.3' ],
49 silly audit   '@tailwindcss/oxide-darwin-arm64': [ '4.1.3' ],
49 silly audit   '@tailwindcss/oxide-darwin-x64': [ '4.1.3' ],
49 silly audit   '@tailwindcss/oxide-freebsd-x64': [ '4.1.3' ],
49 silly audit   '@tailwindcss/oxide-linux-arm-gnueabihf': [ '4.1.3' ],
49 silly audit   '@tailwindcss/oxide-linux-arm64-gnu': [ '4.1.3' ],
49 silly audit   '@tailwindcss/oxide-linux-arm64-musl': [ '4.1.3' ],
49 silly audit   '@tailwindcss/oxide-linux-x64-gnu': [ '4.1.3' ],
49 silly audit   '@tailwindcss/oxide-linux-x64-musl': [ '4.1.3' ],
49 silly audit   '@tailwindcss/oxide-win32-arm64-msvc': [ '4.1.3' ],
49 silly audit   '@tailwindcss/oxide-win32-x64-msvc': [ '4.1.3' ],
49 silly audit   '@tailwindcss/postcss': [ '4.1.3' ],
49 silly audit   '@trysound/sax': [ '0.2.0' ],
49 silly audit   '@types/node': [ '20.17.30' ],
49 silly audit   '@types/react': [ '19.1.0' ],
49 silly audit   '@types/react-dom': [ '19.1.1' ],
49 silly audit   'ansi-regex': [ '6.1.0', '5.0.1' ],
49 silly audit   'ansi-styles': [ '6.2.1', '4.3.0' ],
49 silly audit   'any-promise': [ '1.3.0' ],
49 silly audit   anymatch: [ '3.1.3' ],
49 silly audit   arg: [ '5.0.2' ],
49 silly audit   argparse: [ '2.0.1' ],
49 silly audit   autoprefixer: [ '10.4.21' ],
49 silly audit   'babel-plugin-polyfill-corejs2': [ '0.4.13' ],
49 silly audit   'babel-plugin-polyfill-corejs3': [ '0.11.1' ],
49 silly audit   'babel-plugin-polyfill-regenerator': [ '0.6.4' ],
49 silly audit   'balanced-match': [ '1.0.2' ],
49 silly audit   'binary-extensions': [ '2.3.0' ],
49 silly audit   boolbase: [ '1.0.0' ],
49 silly audit   'brace-expansion': [ '2.0.1' ],
49 silly audit   braces: [ '3.0.3' ],
49 silly audit   browserslist: [ '4.24.4' ],
49 silly audit   busboy: [ '1.6.0' ],
49 silly audit   callsites: [ '3.1.0' ],
49 silly audit   camelcase: [ '6.3.0' ],
49 silly audit   'camelcase-css': [ '2.0.1' ],
49 silly audit   'caniuse-lite': [ '1.0.30001711' ],
49 silly audit   chokidar: [ '3.6.0' ],
49 silly audit   'glob-parent': [ '5.1.2', '6.0.2' ],
49 silly audit   classnames: [ '2.5.1' ],
49 silly audit   'client-only': [ '0.0.1' ],
49 silly audit   color: [ '4.2.3' ],
49 silly audit   'color-convert': [ '2.0.1' ],
49 silly audit   'color-name': [ '1.1.4' ],
49 silly audit   'color-string': [ '1.9.1' ],
49 silly audit   commander: [ '7.2.0', '4.1.1' ],
49 silly audit   'convert-source-map': [ '2.0.0' ],
49 silly audit   'core-js-compat': [ '3.41.0' ],
49 silly audit   cosmiconfig: [ '8.3.6' ],
49 silly audit   'cross-spawn': [ '7.0.6' ],
49 silly audit   'css-select': [ '5.1.0' ],
49 silly audit   'css-tree': [ '2.3.1', '2.2.1' ],
49 silly audit   'css-what': [ '6.1.0' ],
49 silly audit   cssesc: [ '3.0.0' ],
49 silly audit   csso: [ '5.0.5' ],
49 silly audit   'mdn-data': [ '2.0.28', '2.0.30' ],
49 silly audit   csstype: [ '3.1.3' ],
49 silly audit   debug: [ '4.4.0' ],
49 silly audit   deepmerge: [ '4.3.1' ],
49 silly audit   'detect-libc': [ '2.0.3' ],
49 silly audit   didyoumean: [ '1.2.2' ],
49 silly audit   dlv: [ '1.1.3' ],
49 silly audit   'dom-serializer': [ '2.0.0' ],
49 silly audit   domelementtype: [ '2.3.0' ],
49 silly audit   domhandler: [ '5.0.3' ],
49 silly audit   domutils: [ '3.2.2' ],
49 silly audit   'dot-case': [ '3.0.4' ],
49 silly audit   eastasianwidth: [ '0.2.0' ],
49 silly audit   'electron-to-chromium': [ '1.5.132' ],
49 silly audit   'emoji-regex': [ '9.2.2', '8.0.0' ],
49 silly audit   'enhanced-resolve': [ '5.18.1' ],
49 silly audit   entities: [ '4.5.0' ],
49 silly audit   'error-ex': [ '1.3.2' ],
49 silly audit   'is-arrayish': [ '0.2.1', '0.3.2' ],
49 silly audit   escalade: [ '3.2.0' ],
49 silly audit   esutils: [ '2.0.3' ],
49 silly audit   'fast-glob': [ '3.3.3' ],
49 silly audit   fastq: [ '1.19.1' ],
49 silly audit   'fill-range': [ '7.1.1' ],
49 silly audit   'foreground-child': [ '3.3.1' ],
49 silly audit   'fraction.js': [ '4.3.7' ],
49 silly audit   fsevents: [ '2.3.3' ],
49 silly audit   'function-bind': [ '1.1.2' ],
49 silly audit   gensync: [ '1.0.0-beta.2' ],
49 silly audit   glob: [ '10.4.5' ],
49 silly audit   globals: [ '11.12.0' ],
49 silly audit   'graceful-fs': [ '4.2.11' ],
49 silly audit   hasown: [ '2.0.2' ],
49 silly audit   'import-fresh': [ '3.3.1' ],
49 silly audit   'is-binary-path': [ '2.1.0' ],
49 silly audit   'is-core-module': [ '2.16.1' ],
49 silly audit   'is-extglob': [ '2.1.1' ],
49 silly audit   'is-fullwidth-code-point': [ '3.0.0' ],
49 silly audit   'is-glob': [ '4.0.3' ],
49 silly audit   'is-number': [ '7.0.0' ],
49 silly audit   isexe: [ '2.0.0' ],
49 silly audit   jackspeak: [ '3.4.3' ],
49 silly audit   jiti: [ '2.4.2', '1.21.7' ],
49 silly audit   'js-tokens': [ '4.0.0' ],
49 silly audit   'js-yaml': [ '4.1.0' ],
49 silly audit   jsesc: [ '3.1.0', '3.0.2' ],
49 silly audit   'json-parse-even-better-errors': [ '2.3.1' ],
49 silly audit   json5: [ '2.2.3' ],
49 silly audit   lightningcss: [ '1.29.2' ],
49 silly audit   'lightningcss-darwin-arm64': [ '1.29.2' ],
49 silly audit   'lightningcss-darwin-x64': [ '1.29.2' ],
49 silly audit   'lightningcss-freebsd-x64': [ '1.29.2' ],
49 silly audit   'lightningcss-linux-arm-gnueabihf': [ '1.29.2' ],
49 silly audit   'lightningcss-linux-arm64-gnu': [ '1.29.2' ],
49 silly audit   'lightningcss-linux-arm64-musl': [ '1.29.2' ],
49 silly audit   'lightningcss-linux-x64-gnu': [ '1.29.2' ],
49 silly audit   'lightningcss-linux-x64-musl': [ '1.29.2' ],
49 silly audit   'lightningcss-win32-arm64-msvc': [ '1.29.2' ],
49 silly audit   'lightningcss-win32-x64-msvc': [ '1.29.2' ],
49 silly audit   lilconfig: [ '3.1.3' ],
49 silly audit   'lines-and-columns': [ '1.2.4' ],
49 silly audit   'lodash.debounce': [ '4.0.8' ],
49 silly audit   'lower-case': [ '2.0.2' ],
49 silly audit   'lru-cache': [ '5.1.1', '10.4.3' ],
49 silly audit   merge2: [ '1.4.1' ],
49 silly audit   micromatch: [ '4.0.8' ],
49 silly audit   minimatch: [ '9.0.5' ],
49 silly audit   minipass: [ '7.1.2' ],
49 silly audit   ms: [ '2.1.3' ],
49 silly audit   mz: [ '2.7.0' ],
49 silly audit   nanoid: [ '3.3.11' ],
49 silly audit   next: [ '15.2.4' ],
49 silly audit   postcss: [ '8.4.31', '8.5.3' ],
49 silly audit   'no-case': [ '3.0.4' ],
49 silly audit   'node-releases': [ '2.0.19' ],
49 silly audit   'normalize-path': [ '3.0.0' ],
49 silly audit   'normalize-range': [ '0.1.2' ],
49 silly audit   'nth-check': [ '2.1.1' ],
49 silly audit   'object-assign': [ '4.1.1' ],
49 silly audit   'object-hash': [ '3.0.0' ],
49 silly audit   'package-json-from-dist': [ '1.0.1' ],
49 silly audit   'parent-module': [ '1.0.1' ],
49 silly audit   'parse-json': [ '5.2.0' ],
49 silly audit   'path-key': [ '3.1.1' ],
49 silly audit   'path-parse': [ '1.0.7' ],
49 silly audit   'path-scurry': [ '1.11.1' ],
49 silly audit   'path-type': [ '4.0.0' ],
49 silly audit   picocolors: [ '1.1.1' ],
49 silly audit   picomatch: [ '2.3.1' ],
49 silly audit   pify: [ '2.3.0' ],
49 silly audit   pirates: [ '4.0.7' ],
49 silly audit   'postcss-import': [ '15.1.0' ],
49 silly audit   'postcss-js': [ '4.0.1' ],
49 silly audit   'postcss-load-config': [ '4.0.2' ],
49 silly audit   'postcss-nested': [ '6.2.0' ],
49 silly audit   'postcss-selector-parser': [ '6.1.2' ],
49 silly audit   'postcss-value-parser': [ '4.2.0' ],
49 silly audit   prettier: [ '3.5.3' ],
49 silly audit   'prettier-plugin-tailwindcss': [ '0.5.14' ],
49 silly audit   'queue-microtask': [ '1.2.3' ],
49 silly audit   react: [ '19.1.0' ],
49 silly audit   'react-dom': [ '19.1.0' ],
49 silly audit   'read-cache': [ '1.0.0' ],
49 silly audit   readdirp: [ '3.6.0' ],
49 silly audit   regenerate: [ '1.4.2' ],
49 silly audit   'regenerate-unicode-properties': [ '10.2.0' ],
49 silly audit   'regenerator-runtime': [ '0.14.1' ],
49 silly audit   'regenerator-transform': [ '0.15.2' ],
49 silly audit   'regexpu-core': [ '6.2.0' ],
49 silly audit   regjsgen: [ '0.8.0' ],
49 silly audit   regjsparser: [ '0.12.0' ],
49 silly audit   resolve: [ '1.22.10' ],
49 silly audit   'resolve-from': [ '4.0.0' ],
49 silly audit   reusify: [ '1.1.0' ],
49 silly audit   'run-parallel': [ '1.2.0' ],
49 silly audit   scheduler: [ '0.26.0' ],
49 silly audit   sharp: [ '0.33.5' ],
49 silly audit   'shebang-command': [ '2.0.0' ],
49 silly audit   'shebang-regex': [ '3.0.0' ],
49 silly audit   'signal-exit': [ '4.1.0' ],
49 silly audit   'simple-swizzle': [ '0.2.2' ],
49 silly audit   'snake-case': [ '3.0.4' ],
49 silly audit   'source-map-js': [ '1.2.1' ],
49 silly audit   streamsearch: [ '1.1.0' ],
49 silly audit   'string-width': [ '5.1.2', '4.2.3' ],
49 silly audit   'strip-ansi': [ '6.0.1', '7.1.0' ],
49 silly audit   'styled-jsx': [ '5.1.6' ],
49 silly audit   sucrase: [ '3.35.0' ],
49 silly audit   'supports-preserve-symlinks-flag': [ '1.0.0' ],
49 silly audit   'svg-parser': [ '2.0.4' ],
49 silly audit   svgo: [ '3.3.2' ],
49 silly audit   tapable: [ '2.2.1' ],
49 silly audit   thenify: [ '3.3.1' ],
49 silly audit   'thenify-all': [ '1.6.0' ],
49 silly audit   'to-regex-range': [ '5.0.1' ],
49 silly audit   'ts-interface-checker': [ '0.1.13' ],
49 silly audit   tslib: [ '2.8.1' ],
49 silly audit   typescript: [ '5.8.3' ],
49 silly audit   'undici-types': [ '6.19.8' ],
49 silly audit   'unicode-canonical-property-names-ecmascript': [ '2.0.1' ],
49 silly audit   'unicode-match-property-ecmascript': [ '2.0.0' ],
49 silly audit   'unicode-match-property-value-ecmascript': [ '2.2.0' ],
49 silly audit   'unicode-property-aliases-ecmascript': [ '2.1.0' ],
49 silly audit   'update-browserslist-db': [ '1.1.3' ],
49 silly audit   'util-deprecate': [ '1.0.2' ],
49 silly audit   which: [ '2.0.2' ],
49 silly audit   'wrap-ansi': [ '8.1.0', '7.0.0' ],
49 silly audit   yallist: [ '3.1.1' ],
49 silly audit   yaml: [ '2.7.1' ],
49 silly audit   'react-transition-group': [ '4.4.5' ],
49 silly audit   'dom-helpers': [ '5.2.1' ],
49 silly audit   'loose-envify': [ '1.4.0' ],
49 silly audit   'prop-types': [ '15.8.1' ],
49 silly audit   'react-is': [ '16.13.1' ]
49 silly audit }
50 verbose reify failed optional dependency E:\lb-news\node_modules\lightningcss-win32-arm64-msvc
51 silly reify mark deleted [ 'E:\\lb-news\\node_modules\\lightningcss-win32-arm64-msvc' ]
52 verbose reify failed optional dependency E:\lb-news\node_modules\lightningcss-linux-x64-musl
53 silly reify mark deleted [ 'E:\\lb-news\\node_modules\\lightningcss-linux-x64-musl' ]
54 verbose reify failed optional dependency E:\lb-news\node_modules\lightningcss-linux-x64-gnu
55 silly reify mark deleted [ 'E:\\lb-news\\node_modules\\lightningcss-linux-x64-gnu' ]
56 verbose reify failed optional dependency E:\lb-news\node_modules\lightningcss-linux-arm64-musl
57 silly reify mark deleted [ 'E:\\lb-news\\node_modules\\lightningcss-linux-arm64-musl' ]
58 verbose reify failed optional dependency E:\lb-news\node_modules\lightningcss-linux-arm64-gnu
59 silly reify mark deleted [ 'E:\\lb-news\\node_modules\\lightningcss-linux-arm64-gnu' ]
60 verbose reify failed optional dependency E:\lb-news\node_modules\lightningcss-linux-arm-gnueabihf
61 silly reify mark deleted [ 'E:\\lb-news\\node_modules\\lightningcss-linux-arm-gnueabihf' ]
62 verbose reify failed optional dependency E:\lb-news\node_modules\lightningcss-freebsd-x64
63 silly reify mark deleted [ 'E:\\lb-news\\node_modules\\lightningcss-freebsd-x64' ]
64 verbose reify failed optional dependency E:\lb-news\node_modules\lightningcss-darwin-x64
65 silly reify mark deleted [ 'E:\\lb-news\\node_modules\\lightningcss-darwin-x64' ]
66 verbose reify failed optional dependency E:\lb-news\node_modules\lightningcss-darwin-arm64
67 silly reify mark deleted [ 'E:\\lb-news\\node_modules\\lightningcss-darwin-arm64' ]
68 verbose reify failed optional dependency E:\lb-news\node_modules\fsevents
69 silly reify mark deleted [ 'E:\\lb-news\\node_modules\\fsevents' ]
70 verbose reify failed optional dependency E:\lb-news\node_modules\@tailwindcss\oxide-win32-arm64-msvc
71 silly reify mark deleted [ 'E:\\lb-news\\node_modules\\@tailwindcss\\oxide-win32-arm64-msvc' ]
72 verbose reify failed optional dependency E:\lb-news\node_modules\@tailwindcss\oxide-linux-x64-musl
73 silly reify mark deleted [ 'E:\\lb-news\\node_modules\\@tailwindcss\\oxide-linux-x64-musl' ]
74 verbose reify failed optional dependency E:\lb-news\node_modules\@tailwindcss\oxide-linux-x64-gnu
75 silly reify mark deleted [ 'E:\\lb-news\\node_modules\\@tailwindcss\\oxide-linux-x64-gnu' ]
76 verbose reify failed optional dependency E:\lb-news\node_modules\@tailwindcss\oxide-linux-arm64-musl
77 silly reify mark deleted [ 'E:\\lb-news\\node_modules\\@tailwindcss\\oxide-linux-arm64-musl' ]
78 verbose reify failed optional dependency E:\lb-news\node_modules\@tailwindcss\oxide-linux-arm64-gnu
79 silly reify mark deleted [ 'E:\\lb-news\\node_modules\\@tailwindcss\\oxide-linux-arm64-gnu' ]
80 verbose reify failed optional dependency E:\lb-news\node_modules\@tailwindcss\oxide-linux-arm-gnueabihf
81 silly reify mark deleted [
81 silly reify   'E:\\lb-news\\node_modules\\@tailwindcss\\oxide-linux-arm-gnueabihf'
81 silly reify ]
82 verbose reify failed optional dependency E:\lb-news\node_modules\@tailwindcss\oxide-freebsd-x64
83 silly reify mark deleted [ 'E:\\lb-news\\node_modules\\@tailwindcss\\oxide-freebsd-x64' ]
84 verbose reify failed optional dependency E:\lb-news\node_modules\@tailwindcss\oxide-darwin-x64
85 silly reify mark deleted [ 'E:\\lb-news\\node_modules\\@tailwindcss\\oxide-darwin-x64' ]
86 verbose reify failed optional dependency E:\lb-news\node_modules\@tailwindcss\oxide-darwin-arm64
87 silly reify mark deleted [ 'E:\\lb-news\\node_modules\\@tailwindcss\\oxide-darwin-arm64' ]
88 verbose reify failed optional dependency E:\lb-news\node_modules\@tailwindcss\oxide-android-arm64
89 silly reify mark deleted [ 'E:\\lb-news\\node_modules\\@tailwindcss\\oxide-android-arm64' ]
90 verbose reify failed optional dependency E:\lb-news\node_modules\@next\swc-win32-arm64-msvc
91 silly reify mark deleted [ 'E:\\lb-news\\node_modules\\@next\\swc-win32-arm64-msvc' ]
92 verbose reify failed optional dependency E:\lb-news\node_modules\@next\swc-linux-x64-musl
93 silly reify mark deleted [ 'E:\\lb-news\\node_modules\\@next\\swc-linux-x64-musl' ]
94 verbose reify failed optional dependency E:\lb-news\node_modules\@next\swc-linux-x64-gnu
95 silly reify mark deleted [ 'E:\\lb-news\\node_modules\\@next\\swc-linux-x64-gnu' ]
96 verbose reify failed optional dependency E:\lb-news\node_modules\@next\swc-linux-arm64-musl
97 silly reify mark deleted [ 'E:\\lb-news\\node_modules\\@next\\swc-linux-arm64-musl' ]
98 verbose reify failed optional dependency E:\lb-news\node_modules\@next\swc-linux-arm64-gnu
99 silly reify mark deleted [ 'E:\\lb-news\\node_modules\\@next\\swc-linux-arm64-gnu' ]
100 verbose reify failed optional dependency E:\lb-news\node_modules\@next\swc-darwin-x64
101 silly reify mark deleted [ 'E:\\lb-news\\node_modules\\@next\\swc-darwin-x64' ]
102 verbose reify failed optional dependency E:\lb-news\node_modules\@next\swc-darwin-arm64
103 silly reify mark deleted [ 'E:\\lb-news\\node_modules\\@next\\swc-darwin-arm64' ]
104 verbose reify failed optional dependency E:\lb-news\node_modules\@img\sharp-win32-ia32
105 silly reify mark deleted [ 'E:\\lb-news\\node_modules\\@img\\sharp-win32-ia32' ]
106 verbose reify failed optional dependency E:\lb-news\node_modules\@img\sharp-wasm32
107 silly reify mark deleted [ 'E:\\lb-news\\node_modules\\@img\\sharp-wasm32' ]
108 verbose reify failed optional dependency E:\lb-news\node_modules\@emnapi\runtime
109 silly reify mark deleted [ 'E:\\lb-news\\node_modules\\@emnapi\\runtime' ]
110 verbose reify failed optional dependency E:\lb-news\node_modules\@img\sharp-linuxmusl-x64
111 silly reify mark deleted [ 'E:\\lb-news\\node_modules\\@img\\sharp-linuxmusl-x64' ]
112 verbose reify failed optional dependency E:\lb-news\node_modules\@img\sharp-linuxmusl-arm64
113 silly reify mark deleted [ 'E:\\lb-news\\node_modules\\@img\\sharp-linuxmusl-arm64' ]
114 verbose reify failed optional dependency E:\lb-news\node_modules\@img\sharp-linux-x64
115 silly reify mark deleted [ 'E:\\lb-news\\node_modules\\@img\\sharp-linux-x64' ]
116 verbose reify failed optional dependency E:\lb-news\node_modules\@img\sharp-linux-s390x
117 silly reify mark deleted [ 'E:\\lb-news\\node_modules\\@img\\sharp-linux-s390x' ]
118 verbose reify failed optional dependency E:\lb-news\node_modules\@img\sharp-linux-arm64
119 silly reify mark deleted [ 'E:\\lb-news\\node_modules\\@img\\sharp-linux-arm64' ]
120 verbose reify failed optional dependency E:\lb-news\node_modules\@img\sharp-linux-arm
121 silly reify mark deleted [ 'E:\\lb-news\\node_modules\\@img\\sharp-linux-arm' ]
122 verbose reify failed optional dependency E:\lb-news\node_modules\@img\sharp-libvips-linuxmusl-x64
123 silly reify mark deleted [ 'E:\\lb-news\\node_modules\\@img\\sharp-libvips-linuxmusl-x64' ]
124 verbose reify failed optional dependency E:\lb-news\node_modules\@img\sharp-libvips-linuxmusl-arm64
125 silly reify mark deleted [ 'E:\\lb-news\\node_modules\\@img\\sharp-libvips-linuxmusl-arm64' ]
126 verbose reify failed optional dependency E:\lb-news\node_modules\@img\sharp-libvips-linux-x64
127 silly reify mark deleted [ 'E:\\lb-news\\node_modules\\@img\\sharp-libvips-linux-x64' ]
128 verbose reify failed optional dependency E:\lb-news\node_modules\@img\sharp-libvips-linux-s390x
129 silly reify mark deleted [ 'E:\\lb-news\\node_modules\\@img\\sharp-libvips-linux-s390x' ]
130 verbose reify failed optional dependency E:\lb-news\node_modules\@img\sharp-libvips-linux-arm64
131 silly reify mark deleted [ 'E:\\lb-news\\node_modules\\@img\\sharp-libvips-linux-arm64' ]
132 verbose reify failed optional dependency E:\lb-news\node_modules\@img\sharp-libvips-linux-arm
133 silly reify mark deleted [ 'E:\\lb-news\\node_modules\\@img\\sharp-libvips-linux-arm' ]
134 verbose reify failed optional dependency E:\lb-news\node_modules\@img\sharp-libvips-darwin-x64
135 silly reify mark deleted [ 'E:\\lb-news\\node_modules\\@img\\sharp-libvips-darwin-x64' ]
136 verbose reify failed optional dependency E:\lb-news\node_modules\@img\sharp-libvips-darwin-arm64
137 silly reify mark deleted [ 'E:\\lb-news\\node_modules\\@img\\sharp-libvips-darwin-arm64' ]
138 verbose reify failed optional dependency E:\lb-news\node_modules\@img\sharp-darwin-x64
139 silly reify mark deleted [ 'E:\\lb-news\\node_modules\\@img\\sharp-darwin-x64' ]
140 verbose reify failed optional dependency E:\lb-news\node_modules\@img\sharp-darwin-arm64
141 silly reify mark deleted [ 'E:\\lb-news\\node_modules\\@img\\sharp-darwin-arm64' ]
142 http cache prop-types@https://registry.npmjs.org/prop-types/-/prop-types-15.8.1.tgz 1ms (cache hit)
143 http cache react-is@https://registry.npmjs.org/react-is/-/react-is-16.13.1.tgz 0ms (cache hit)
144 http cache loose-envify@https://registry.npmjs.org/loose-envify/-/loose-envify-1.4.0.tgz 0ms (cache hit)
145 http cache dom-helpers@https://registry.npmjs.org/dom-helpers/-/dom-helpers-5.2.1.tgz 0ms (cache hit)
146 http cache react-transition-group@https://registry.npmjs.org/react-transition-group/-/react-transition-group-4.4.5.tgz 0ms (cache hit)
147 http cache @emnapi/runtime@https://registry.npmjs.org/@emnapi/runtime/-/runtime-1.4.0.tgz 0ms (cache hit)
148 silly tarball no local data for prop-types@https://registry.npmjs.org/prop-types/-/prop-types-15.8.1.tgz. Extracting by manifest.
149 silly tarball no local data for react-is@https://registry.npmjs.org/react-is/-/react-is-16.13.1.tgz. Extracting by manifest.
150 silly tarball no local data for loose-envify@https://registry.npmjs.org/loose-envify/-/loose-envify-1.4.0.tgz. Extracting by manifest.
151 silly tarball no local data for dom-helpers@https://registry.npmjs.org/dom-helpers/-/dom-helpers-5.2.1.tgz. Extracting by manifest.
152 silly tarball no local data for react-transition-group@https://registry.npmjs.org/react-transition-group/-/react-transition-group-4.4.5.tgz. Extracting by manifest.
153 http fetch GET 200 https://registry.npmjs.org/react-is/-/react-is-16.13.1.tgz 138ms (cache miss)
154 http fetch POST 200 https://registry.npmjs.org/-/npm/v1/security/advisories/bulk 298ms
155 silly audit report {}
156 http fetch GET 200 https://registry.npmjs.org/loose-envify/-/loose-envify-1.4.0.tgz 285ms (cache miss)
157 http fetch GET 200 https://registry.npmjs.org/prop-types/-/prop-types-15.8.1.tgz 305ms (cache miss)
158 http fetch GET 200 https://registry.npmjs.org/react-transition-group/-/react-transition-group-4.4.5.tgz 1006ms (cache miss)
159 http fetch GET 200 https://registry.npmjs.org/dom-helpers/-/dom-helpers-5.2.1.tgz 1841ms (cache miss)
160 silly ADD node_modules/react-is
161 silly ADD node_modules/prop-types
162 silly ADD node_modules/loose-envify
163 silly ADD node_modules/dom-helpers
164 silly ADD node_modules/react-transition-group
165 silly ADD
166 silly ADD
167 silly ADD
168 silly ADD
169 silly ADD
170 silly ADD
171 silly ADD
172 silly ADD
173 silly ADD
174 silly ADD
175 silly ADD
176 silly ADD
177 silly ADD
178 silly ADD
179 silly ADD
180 silly ADD
181 silly ADD
182 silly ADD
183 silly ADD
184 silly ADD
185 silly ADD
186 silly ADD
187 silly ADD
188 silly ADD
189 silly ADD
190 silly ADD
191 silly ADD
192 silly ADD
193 silly ADD
194 silly ADD
195 silly ADD
196 silly ADD
197 silly ADD
198 silly ADD
199 silly ADD
200 silly ADD
201 silly ADD
202 silly ADD
203 silly ADD
204 silly ADD
205 silly ADD
206 silly ADD
207 silly ADD
208 silly ADD
209 silly ADD
210 silly ADD
211 verbose cwd E:\lb-news
212 verbose os Windows_NT 10.0.19045
213 verbose node v22.14.0
214 verbose npm  v11.2.0
215 verbose exit 0
216 info ok
