0 verbose cli C:\Program Files\nodejs\node.exe C:\Users\denni\AppData\Roaming\npm\node_modules\npm\bin\npm-cli.js
1 info using npm@11.2.0
2 info using node@v22.14.0
3 silly config load:file:C:\Users\denni\AppData\Roaming\npm\node_modules\npm\npmrc
4 silly config load:file:E:\lb-news\.npmrc
5 silly config load:file:C:\Users\denni\.npmrc
6 silly config load:file:C:\Users\denni\AppData\Roaming\npm\etc\npmrc
7 verbose title npm i @material-tailwind/react
8 verbose argv "i" "@material-tailwind/react"
9 verbose logfile logs-max:10 dir:E:\lb-news\npm-cache\_logs\2025-04-08T18_03_30_902Z-
10 verbose logfile E:\lb-news\npm-cache\_logs\2025-04-08T18_03_30_902Z-debug-0.log
11 silly logfile start cleaning logs, removing 1 files
12 silly packumentCache heap:2197815296 maxSize:549453824 maxEntrySize:274726912
13 silly logfile done cleaning log files
14 silly idealTree buildDeps
15 silly fetch manifest @material-tailwind/react@*
16 silly packumentCache full:https://registry.npmjs.org/@material-tailwind%2freact cache-miss
17 http fetch GET 200 https://registry.npmjs.org/@material-tailwind%2freact 680ms (cache miss)
18 silly packumentCache full:https://registry.npmjs.org/@material-tailwind%2freact set size:undefined disposed:false
19 silly placeDep ROOT @material-tailwind/react@2.1.10 OK for: lb-news@0.1.0 want: *
20 silly fetch manifest react@18.2.0
21 silly packumentCache full:https://registry.npmjs.org/react cache-miss
22 silly fetch manifest deepmerge@4.2.2
23 silly packumentCache full:https://registry.npmjs.org/deepmerge cache-miss
24 silly fetch manifest react-dom@18.2.0
25 silly packumentCache full:https://registry.npmjs.org/react-dom cache-miss
26 http fetch GET 200 https://registry.npmjs.org/deepmerge 162ms (cache updated)
27 silly packumentCache full:https://registry.npmjs.org/deepmerge set size:undefined disposed:false
28 silly fetch manifest classnames@2.3.2
29 silly packumentCache full:https://registry.npmjs.org/classnames cache-miss
30 http fetch GET 200 https://registry.npmjs.org/classnames 187ms (cache updated)
31 silly packumentCache full:https://registry.npmjs.org/classnames set size:undefined disposed:false
32 silly fetch manifest framer-motion@6.5.1
33 silly packumentCache full:https://registry.npmjs.org/framer-motion cache-miss
34 http fetch GET 200 https://registry.npmjs.org/react 992ms (cache updated)
35 silly packumentCache full:https://registry.npmjs.org/react set size:undefined disposed:false
36 silly fetch manifest tailwind-merge@1.8.1
37 silly packumentCache full:https://registry.npmjs.org/tailwind-merge cache-miss
38 http fetch GET 200 https://registry.npmjs.org/tailwind-merge 296ms (cache miss)
39 silly packumentCache full:https://registry.npmjs.org/tailwind-merge set size:undefined disposed:false
40 silly fetch manifest @floating-ui/react@0.19.0
41 silly packumentCache full:https://registry.npmjs.org/@floating-ui%2freact cache-miss
42 http fetch GET 200 https://registry.npmjs.org/framer-motion 1140ms (cache miss)
43 silly packumentCache full:https://registry.npmjs.org/framer-motion set size:undefined disposed:false
44 silly fetch manifest material-ripple-effects@2.0.1
45 silly packumentCache full:https://registry.npmjs.org/material-ripple-effects cache-miss
46 http fetch GET 200 https://registry.npmjs.org/@floating-ui%2freact 315ms (cache miss)
47 silly packumentCache full:https://registry.npmjs.org/@floating-ui%2freact set size:undefined disposed:false
48 http fetch GET 200 https://registry.npmjs.org/react-dom 1916ms (cache updated)
49 silly packumentCache full:https://registry.npmjs.org/react-dom set size:undefined disposed:false
50 http fetch GET 200 https://registry.npmjs.org/material-ripple-effects 696ms (cache miss)
51 silly packumentCache full:https://registry.npmjs.org/material-ripple-effects set size:undefined disposed:false
52 silly placeDep ROOT @floating-ui/react@0.19.0 OK for: @material-tailwind/react@2.1.10 want: 0.19.0
53 silly placeDep node_modules/@material-tailwind/react classnames@2.3.2 OK for: @material-tailwind/react@2.1.10 want: 2.3.2
54 silly placeDep node_modules/@material-tailwind/react deepmerge@4.2.2 OK for: @material-tailwind/react@2.1.10 want: 4.2.2
55 silly placeDep ROOT framer-motion@6.5.1 OK for: @material-tailwind/react@2.1.10 want: 6.5.1
56 silly placeDep ROOT material-ripple-effects@2.0.1 OK for: @material-tailwind/react@2.1.10 want: 2.0.1
57 silly placeDep node_modules/@material-tailwind/react react@18.2.0 OK for: @material-tailwind/react@2.1.10 want: 18.2.0
58 silly placeDep node_modules/@material-tailwind/react react-dom@18.2.0 OK for: @material-tailwind/react@2.1.10 want: 18.2.0
59 silly placeDep ROOT tailwind-merge@1.8.1 OK for: @material-tailwind/react@2.1.10 want: 1.8.1
60 silly fetch manifest tabbable@^6.0.1
61 silly packumentCache full:https://registry.npmjs.org/tabbable cache-miss
62 silly fetch manifest aria-hidden@^1.1.3
63 silly packumentCache full:https://registry.npmjs.org/aria-hidden cache-miss
64 silly fetch manifest @floating-ui/react-dom@^1.2.2
65 silly packumentCache full:https://registry.npmjs.org/@floating-ui%2freact-dom cache-miss
66 http fetch GET 200 https://registry.npmjs.org/tabbable 103ms (cache miss)
67 silly packumentCache full:https://registry.npmjs.org/tabbable set size:undefined disposed:false
68 silly fetch manifest framesync@6.0.1
69 silly packumentCache full:https://registry.npmjs.org/framesync cache-miss
70 http fetch GET 200 https://registry.npmjs.org/aria-hidden 118ms (cache miss)
71 silly packumentCache full:https://registry.npmjs.org/aria-hidden set size:undefined disposed:false
72 silly fetch manifest popmotion@11.0.3
73 silly packumentCache full:https://registry.npmjs.org/popmotion cache-miss
74 http fetch GET 200 https://registry.npmjs.org/@floating-ui%2freact-dom 157ms (cache miss)
75 silly packumentCache full:https://registry.npmjs.org/@floating-ui%2freact-dom set size:undefined disposed:false
76 silly fetch manifest hey-listen@^1.0.8
77 silly packumentCache full:https://registry.npmjs.org/hey-listen cache-miss
78 http fetch GET 200 https://registry.npmjs.org/framesync 108ms (cache miss)
79 silly packumentCache full:https://registry.npmjs.org/framesync set size:undefined disposed:false
80 silly fetch manifest @motionone/dom@10.12.0
81 silly packumentCache full:https://registry.npmjs.org/@motionone%2fdom cache-miss
82 http fetch GET 200 https://registry.npmjs.org/popmotion 161ms (cache miss)
83 silly packumentCache full:https://registry.npmjs.org/popmotion set size:undefined disposed:false
84 silly fetch manifest style-value-types@5.0.0
85 silly packumentCache full:https://registry.npmjs.org/style-value-types cache-miss
86 http fetch GET 200 https://registry.npmjs.org/hey-listen 142ms (cache miss)
87 silly packumentCache full:https://registry.npmjs.org/hey-listen set size:undefined disposed:false
88 silly fetch manifest @emotion/is-prop-valid@^0.8.2
89 silly packumentCache full:https://registry.npmjs.org/@emotion%2fis-prop-valid cache-miss
90 http fetch GET 200 https://registry.npmjs.org/style-value-types 108ms (cache miss)
91 silly packumentCache full:https://registry.npmjs.org/style-value-types set size:undefined disposed:false
92 silly fetch manifest scheduler@^0.23.0
93 silly packumentCache full:https://registry.npmjs.org/scheduler cache-miss
94 http fetch GET 200 https://registry.npmjs.org/@emotion%2fis-prop-valid 148ms (cache miss)
95 silly packumentCache full:https://registry.npmjs.org/@emotion%2fis-prop-valid set size:undefined disposed:false
96 http fetch GET 200 https://registry.npmjs.org/@motionone%2fdom 728ms (cache miss)
97 silly packumentCache full:https://registry.npmjs.org/@motionone%2fdom set size:undefined disposed:false
98 http fetch GET 200 https://registry.npmjs.org/scheduler 575ms (cache miss)
99 silly packumentCache full:https://registry.npmjs.org/scheduler set size:undefined disposed:false
100 silly fetch manifest react@>=16.8.0
101 silly packumentCache full:https://registry.npmjs.org/react cache-miss
102 http cache https://registry.npmjs.org/react 46ms (cache hit)
103 silly packumentCache full:https://registry.npmjs.org/react set size:5586408 disposed:false
104 silly fetch manifest react-dom@>=16.8.0
105 silly packumentCache full:https://registry.npmjs.org/react-dom cache-miss
106 http cache https://registry.npmjs.org/react-dom 83ms (cache hit)
107 silly packumentCache full:https://registry.npmjs.org/react-dom set size:7046412 disposed:false
108 silly placeDep ROOT @floating-ui/react-dom@1.3.0 OK for: @floating-ui/react@0.19.0 want: ^1.2.2
109 silly placeDep ROOT aria-hidden@1.2.4 OK for: @floating-ui/react@0.19.0 want: ^1.1.3
110 silly placeDep ROOT tabbable@6.2.0 OK for: @floating-ui/react@0.19.0 want: ^6.0.1
111 silly fetch manifest @floating-ui/dom@^1.2.1
112 silly packumentCache full:https://registry.npmjs.org/@floating-ui%2fdom cache-miss
113 http fetch GET 200 https://registry.npmjs.org/@floating-ui%2fdom 131ms (cache miss)
114 silly packumentCache full:https://registry.npmjs.org/@floating-ui%2fdom set size:undefined disposed:false
115 silly placeDep ROOT @floating-ui/dom@1.6.13 OK for: @floating-ui/react-dom@1.3.0 want: ^1.2.1
116 silly fetch manifest @floating-ui/core@^1.6.0
117 silly packumentCache full:https://registry.npmjs.org/@floating-ui%2fcore cache-miss
118 silly fetch manifest @floating-ui/utils@^0.2.9
119 silly packumentCache full:https://registry.npmjs.org/@floating-ui%2futils cache-miss
120 http fetch GET 200 https://registry.npmjs.org/@floating-ui%2futils 179ms (cache miss)
121 silly packumentCache full:https://registry.npmjs.org/@floating-ui%2futils set size:undefined disposed:false
122 http fetch GET 200 https://registry.npmjs.org/@floating-ui%2fcore 183ms (cache miss)
123 silly packumentCache full:https://registry.npmjs.org/@floating-ui%2fcore set size:undefined disposed:false
124 silly placeDep ROOT @floating-ui/core@1.6.9 OK for: @floating-ui/dom@1.6.13 want: ^1.6.0
125 silly placeDep ROOT @floating-ui/utils@0.2.9 OK for: @floating-ui/dom@1.6.13 want: ^0.2.9
126 silly placeDep ROOT @emotion/is-prop-valid@0.8.8 OK for: framer-motion@6.5.1 want: ^0.8.2
127 silly placeDep ROOT @motionone/dom@10.12.0 OK for: framer-motion@6.5.1 want: 10.12.0
128 silly placeDep ROOT framesync@6.0.1 OK for: framer-motion@6.5.1 want: 6.0.1
129 silly placeDep ROOT hey-listen@1.0.8 OK for: framer-motion@6.5.1 want: ^1.0.8
130 silly placeDep ROOT popmotion@11.0.3 OK for: framer-motion@6.5.1 want: 11.0.3
131 silly placeDep ROOT style-value-types@5.0.0 OK for: framer-motion@6.5.1 want: 5.0.0
132 silly fetch manifest @emotion/memoize@0.7.4
133 silly packumentCache full:https://registry.npmjs.org/@emotion%2fmemoize cache-miss
134 silly fetch manifest @motionone/types@^10.12.0
135 silly packumentCache full:https://registry.npmjs.org/@motionone%2ftypes cache-miss
136 silly fetch manifest @motionone/utils@^10.12.0
137 silly packumentCache full:https://registry.npmjs.org/@motionone%2futils cache-miss
138 http fetch GET 200 https://registry.npmjs.org/@emotion%2fmemoize 89ms (cache miss)
139 silly packumentCache full:https://registry.npmjs.org/@emotion%2fmemoize set size:undefined disposed:false
140 silly fetch manifest @motionone/animation@^10.12.0
141 silly packumentCache full:https://registry.npmjs.org/@motionone%2fanimation cache-miss
142 http fetch GET 200 https://registry.npmjs.org/@motionone%2ftypes 152ms (cache miss)
143 silly packumentCache full:https://registry.npmjs.org/@motionone%2ftypes set size:undefined disposed:false
144 silly fetch manifest @motionone/generators@^10.12.0
145 silly packumentCache full:https://registry.npmjs.org/@motionone%2fgenerators cache-miss
146 http fetch GET 200 https://registry.npmjs.org/@motionone%2futils 155ms (cache miss)
147 silly packumentCache full:https://registry.npmjs.org/@motionone%2futils set size:undefined disposed:false
148 http fetch GET 200 https://registry.npmjs.org/@motionone%2fanimation 124ms (cache miss)
149 silly packumentCache full:https://registry.npmjs.org/@motionone%2fanimation set size:undefined disposed:false
150 http fetch GET 200 https://registry.npmjs.org/@motionone%2fgenerators 109ms (cache miss)
151 silly packumentCache full:https://registry.npmjs.org/@motionone%2fgenerators set size:undefined disposed:false
152 silly placeDep ROOT @emotion/memoize@0.7.4 OK for: @emotion/is-prop-valid@0.8.8 want: 0.7.4
153 silly placeDep ROOT @motionone/animation@10.18.0 OK for: @motionone/dom@10.12.0 want: ^10.12.0
154 silly placeDep ROOT @motionone/generators@10.18.0 OK for: @motionone/dom@10.12.0 want: ^10.12.0
155 silly placeDep ROOT @motionone/types@10.17.1 OK for: @motionone/dom@10.12.0 want: ^10.12.0
156 silly placeDep ROOT @motionone/utils@10.18.0 OK for: @motionone/dom@10.12.0 want: ^10.12.0
157 silly fetch manifest @motionone/easing@^10.18.0
158 silly packumentCache full:https://registry.npmjs.org/@motionone%2feasing cache-miss
159 silly fetch manifest @motionone/types@^10.17.1
160 silly packumentCache full:https://registry.npmjs.org/@motionone%2ftypes cache-miss
161 silly fetch manifest @motionone/utils@^10.18.0
162 silly packumentCache full:https://registry.npmjs.org/@motionone%2futils cache-miss
163 http cache https://registry.npmjs.org/@motionone%2ftypes 13ms (cache hit)
164 silly packumentCache full:https://registry.npmjs.org/@motionone%2ftypes set size:61757 disposed:false
165 silly fetch manifest @motionone/utils@^10.18.0
166 silly packumentCache full:https://registry.npmjs.org/@motionone%2futils cache-miss
167 http cache https://registry.npmjs.org/@motionone%2futils 18ms (cache hit)
168 silly packumentCache full:https://registry.npmjs.org/@motionone%2futils set size:69917 disposed:false
169 http cache https://registry.npmjs.org/@motionone%2futils 9ms (cache hit)
170 silly packumentCache full:https://registry.npmjs.org/@motionone%2futils set size:69917 disposed:false
171 silly packumentCache full:https://registry.npmjs.org/@motionone%2futils dispose
172 http fetch GET 200 https://registry.npmjs.org/@motionone%2feasing 142ms (cache miss)
173 silly packumentCache full:https://registry.npmjs.org/@motionone%2feasing set size:undefined disposed:false
174 silly placeDep ROOT @motionone/easing@10.18.0 OK for: @motionone/animation@10.18.0 want: ^10.18.0
175 silly placeDep node_modules/@material-tailwind/react scheduler@0.23.2 OK for: react-dom@18.2.0 want: ^0.23.0
176 silly reify moves {}
177 silly audit bulk request {
177 silly audit   '@alloc/quick-lru': [ '5.2.0' ],
177 silly audit   '@ampproject/remapping': [ '2.3.0' ],
177 silly audit   '@babel/code-frame': [ '7.26.2' ],
177 silly audit   '@babel/compat-data': [ '7.26.8' ],
177 silly audit   '@babel/core': [ '7.26.10' ],
177 silly audit   semver: [ '6.3.1', '7.7.1' ],
177 silly audit   '@babel/generator': [ '7.27.0' ],
177 silly audit   '@babel/helper-annotate-as-pure': [ '7.25.9' ],
177 silly audit   '@babel/helper-compilation-targets': [ '7.27.0' ],
177 silly audit   '@babel/helper-create-class-features-plugin': [ '7.27.0' ],
177 silly audit   '@babel/helper-create-regexp-features-plugin': [ '7.27.0' ],
177 silly audit   '@babel/helper-define-polyfill-provider': [ '0.6.4' ],
177 silly audit   '@babel/helper-member-expression-to-functions': [ '7.25.9' ],
177 silly audit   '@babel/helper-module-imports': [ '7.25.9' ],
177 silly audit   '@babel/helper-module-transforms': [ '7.26.0' ],
177 silly audit   '@babel/helper-optimise-call-expression': [ '7.25.9' ],
177 silly audit   '@babel/helper-plugin-utils': [ '7.26.5' ],
177 silly audit   '@babel/helper-remap-async-to-generator': [ '7.25.9' ],
177 silly audit   '@babel/helper-replace-supers': [ '7.26.5' ],
177 silly audit   '@babel/helper-skip-transparent-expression-wrappers': [ '7.25.9' ],
177 silly audit   '@babel/helper-string-parser': [ '7.25.9' ],
177 silly audit   '@babel/helper-validator-identifier': [ '7.25.9' ],
177 silly audit   '@babel/helper-validator-option': [ '7.25.9' ],
177 silly audit   '@babel/helper-wrap-function': [ '7.25.9' ],
177 silly audit   '@babel/helpers': [ '7.27.0' ],
177 silly audit   '@babel/parser': [ '7.27.0' ],
177 silly audit   '@babel/plugin-bugfix-firefox-class-in-computed-class-key': [ '7.25.9' ],
177 silly audit   '@babel/plugin-bugfix-safari-class-field-initializer-scope': [ '7.25.9' ],
177 silly audit   '@babel/plugin-bugfix-safari-id-destructuring-collision-in-function-expression': [ '7.25.9' ],
177 silly audit   '@babel/plugin-bugfix-v8-spread-parameters-in-optional-chaining': [ '7.25.9' ],
177 silly audit   '@babel/plugin-bugfix-v8-static-class-fields-redefine-readonly': [ '7.25.9' ],
177 silly audit   '@babel/plugin-proposal-private-property-in-object': [ '7.21.0-placeholder-for-preset-env.2' ],
177 silly audit   '@babel/plugin-syntax-import-assertions': [ '7.26.0' ],
177 silly audit   '@babel/plugin-syntax-import-attributes': [ '7.26.0' ],
177 silly audit   '@babel/plugin-syntax-jsx': [ '7.25.9' ],
177 silly audit   '@babel/plugin-syntax-typescript': [ '7.25.9' ],
177 silly audit   '@babel/plugin-syntax-unicode-sets-regex': [ '7.18.6' ],
177 silly audit   '@babel/plugin-transform-arrow-functions': [ '7.25.9' ],
177 silly audit   '@babel/plugin-transform-async-generator-functions': [ '7.26.8' ],
177 silly audit   '@babel/plugin-transform-async-to-generator': [ '7.25.9' ],
177 silly audit   '@babel/plugin-transform-block-scoped-functions': [ '7.26.5' ],
177 silly audit   '@babel/plugin-transform-block-scoping': [ '7.27.0' ],
177 silly audit   '@babel/plugin-transform-class-properties': [ '7.25.9' ],
177 silly audit   '@babel/plugin-transform-class-static-block': [ '7.26.0' ],
177 silly audit   '@babel/plugin-transform-classes': [ '7.25.9' ],
177 silly audit   '@babel/plugin-transform-computed-properties': [ '7.25.9' ],
177 silly audit   '@babel/plugin-transform-destructuring': [ '7.25.9' ],
177 silly audit   '@babel/plugin-transform-dotall-regex': [ '7.25.9' ],
177 silly audit   '@babel/plugin-transform-duplicate-keys': [ '7.25.9' ],
177 silly audit   '@babel/plugin-transform-duplicate-named-capturing-groups-regex': [ '7.25.9' ],
177 silly audit   '@babel/plugin-transform-dynamic-import': [ '7.25.9' ],
177 silly audit   '@babel/plugin-transform-exponentiation-operator': [ '7.26.3' ],
177 silly audit   '@babel/plugin-transform-export-namespace-from': [ '7.25.9' ],
177 silly audit   '@babel/plugin-transform-for-of': [ '7.26.9' ],
177 silly audit   '@babel/plugin-transform-function-name': [ '7.25.9' ],
177 silly audit   '@babel/plugin-transform-json-strings': [ '7.25.9' ],
177 silly audit   '@babel/plugin-transform-literals': [ '7.25.9' ],
177 silly audit   '@babel/plugin-transform-logical-assignment-operators': [ '7.25.9' ],
177 silly audit   '@babel/plugin-transform-member-expression-literals': [ '7.25.9' ],
177 silly audit   '@babel/plugin-transform-modules-amd': [ '7.25.9' ],
177 silly audit   '@babel/plugin-transform-modules-commonjs': [ '7.26.3' ],
177 silly audit   '@babel/plugin-transform-modules-systemjs': [ '7.25.9' ],
177 silly audit   '@babel/plugin-transform-modules-umd': [ '7.25.9' ],
177 silly audit   '@babel/plugin-transform-named-capturing-groups-regex': [ '7.25.9' ],
177 silly audit   '@babel/plugin-transform-new-target': [ '7.25.9' ],
177 silly audit   '@babel/plugin-transform-nullish-coalescing-operator': [ '7.26.6' ],
177 silly audit   '@babel/plugin-transform-numeric-separator': [ '7.25.9' ],
177 silly audit   '@babel/plugin-transform-object-rest-spread': [ '7.25.9' ],
177 silly audit   '@babel/plugin-transform-object-super': [ '7.25.9' ],
177 silly audit   '@babel/plugin-transform-optional-catch-binding': [ '7.25.9' ],
177 silly audit   '@babel/plugin-transform-optional-chaining': [ '7.25.9' ],
177 silly audit   '@babel/plugin-transform-parameters': [ '7.25.9' ],
177 silly audit   '@babel/plugin-transform-private-methods': [ '7.25.9' ],
177 silly audit   '@babel/plugin-transform-private-property-in-object': [ '7.25.9' ],
177 silly audit   '@babel/plugin-transform-property-literals': [ '7.25.9' ],
177 silly audit   '@babel/plugin-transform-react-constant-elements': [ '7.25.9' ],
177 silly audit   '@babel/plugin-transform-react-display-name': [ '7.25.9' ],
177 silly audit   '@babel/plugin-transform-react-jsx': [ '7.25.9' ],
177 silly audit   '@babel/plugin-transform-react-jsx-development': [ '7.25.9' ],
177 silly audit   '@babel/plugin-transform-react-pure-annotations': [ '7.25.9' ],
177 silly audit   '@babel/plugin-transform-regenerator': [ '7.27.0' ],
177 silly audit   '@babel/plugin-transform-regexp-modifiers': [ '7.26.0' ],
177 silly audit   '@babel/plugin-transform-reserved-words': [ '7.25.9' ],
177 silly audit   '@babel/plugin-transform-shorthand-properties': [ '7.25.9' ],
177 silly audit   '@babel/plugin-transform-spread': [ '7.25.9' ],
177 silly audit   '@babel/plugin-transform-sticky-regex': [ '7.25.9' ],
177 silly audit   '@babel/plugin-transform-template-literals': [ '7.26.8' ],
177 silly audit   '@babel/plugin-transform-typeof-symbol': [ '7.27.0' ],
177 silly audit   '@babel/plugin-transform-typescript': [ '7.27.0' ],
177 silly audit   '@babel/plugin-transform-unicode-escapes': [ '7.25.9' ],
177 silly audit   '@babel/plugin-transform-unicode-property-regex': [ '7.25.9' ],
177 silly audit   '@babel/plugin-transform-unicode-regex': [ '7.25.9' ],
177 silly audit   '@babel/plugin-transform-unicode-sets-regex': [ '7.25.9' ],
177 silly audit   '@babel/preset-env': [ '7.26.9' ],
177 silly audit   '@babel/preset-modules': [ '0.1.6-no-external-plugins' ],
177 silly audit   '@babel/preset-react': [ '7.26.3' ],
177 silly audit   '@babel/preset-typescript': [ '7.27.0' ],
177 silly audit   '@babel/runtime': [ '7.27.0' ],
177 silly audit   '@babel/template': [ '7.27.0' ],
177 silly audit   '@babel/traverse': [ '7.27.0' ],
177 silly audit   '@babel/types': [ '7.27.0' ],
177 silly audit   '@emnapi/runtime': [ '1.4.0' ],
177 silly audit   '@formatjs/intl-localematcher': [ '0.6.1' ],
177 silly audit   '@img/sharp-darwin-arm64': [ '0.33.5' ],
177 silly audit   '@img/sharp-darwin-x64': [ '0.33.5' ],
177 silly audit   '@img/sharp-libvips-darwin-arm64': [ '1.0.4' ],
177 silly audit   '@img/sharp-libvips-darwin-x64': [ '1.0.4' ],
177 silly audit   '@img/sharp-libvips-linux-arm': [ '1.0.5' ],
177 silly audit   '@img/sharp-libvips-linux-arm64': [ '1.0.4' ],
177 silly audit   '@img/sharp-libvips-linux-s390x': [ '1.0.4' ],
177 silly audit   '@img/sharp-libvips-linux-x64': [ '1.0.4' ],
177 silly audit   '@img/sharp-libvips-linuxmusl-arm64': [ '1.0.4' ],
177 silly audit   '@img/sharp-libvips-linuxmusl-x64': [ '1.0.4' ],
177 silly audit   '@img/sharp-linux-arm': [ '0.33.5' ],
177 silly audit   '@img/sharp-linux-arm64': [ '0.33.5' ],
177 silly audit   '@img/sharp-linux-s390x': [ '0.33.5' ],
177 silly audit   '@img/sharp-linux-x64': [ '0.33.5' ],
177 silly audit   '@img/sharp-linuxmusl-arm64': [ '0.33.5' ],
177 silly audit   '@img/sharp-linuxmusl-x64': [ '0.33.5' ],
177 silly audit   '@img/sharp-wasm32': [ '0.33.5' ],
177 silly audit   '@img/sharp-win32-ia32': [ '0.33.5' ],
177 silly audit   '@img/sharp-win32-x64': [ '0.33.5' ],
177 silly audit   '@isaacs/cliui': [ '8.0.2' ],
177 silly audit   '@jridgewell/gen-mapping': [ '0.3.8' ],
177 silly audit   '@jridgewell/resolve-uri': [ '3.1.2' ],
177 silly audit   '@jridgewell/set-array': [ '1.2.1' ],
177 silly audit   '@jridgewell/sourcemap-codec': [ '1.5.0' ],
177 silly audit   '@jridgewell/trace-mapping': [ '0.3.25' ],
177 silly audit   '@next/env': [ '15.2.4' ],
177 silly audit   '@next/swc-darwin-arm64': [ '15.2.4' ],
177 silly audit   '@next/swc-darwin-x64': [ '15.2.4' ],
177 silly audit   '@next/swc-linux-arm64-gnu': [ '15.2.4' ],
177 silly audit   '@next/swc-linux-arm64-musl': [ '15.2.4' ],
177 silly audit   '@next/swc-linux-x64-gnu': [ '15.2.4' ],
177 silly audit   '@next/swc-linux-x64-musl': [ '15.2.4' ],
177 silly audit   '@next/swc-win32-arm64-msvc': [ '15.2.4' ],
177 silly audit   '@next/swc-win32-x64-msvc': [ '15.2.4' ],
177 silly audit   '@nodelib/fs.scandir': [ '2.1.5' ],
177 silly audit   '@nodelib/fs.stat': [ '2.0.5' ],
177 silly audit   '@nodelib/fs.walk': [ '1.2.8' ],
177 silly audit   '@pkgjs/parseargs': [ '0.11.0' ],
177 silly audit   '@svgr/babel-plugin-add-jsx-attribute': [ '8.0.0' ],
177 silly audit   '@svgr/babel-plugin-remove-jsx-attribute': [ '8.0.0' ],
177 silly audit   '@svgr/babel-plugin-remove-jsx-empty-expression': [ '8.0.0' ],
177 silly audit   '@svgr/babel-plugin-replace-jsx-attribute-value': [ '8.0.0' ],
177 silly audit   '@svgr/babel-plugin-svg-dynamic-title': [ '8.0.0' ],
177 silly audit   '@svgr/babel-plugin-svg-em-dimensions': [ '8.0.0' ],
177 silly audit   '@svgr/babel-plugin-transform-react-native-svg': [ '8.1.0' ],
177 silly audit   '@svgr/babel-plugin-transform-svg-component': [ '8.0.0' ],
177 silly audit   '@svgr/babel-preset': [ '8.1.0' ],
177 silly audit   '@svgr/core': [ '8.1.0' ],
177 silly audit   '@svgr/hast-util-to-babel-ast': [ '8.0.0' ],
177 silly audit   '@svgr/plugin-jsx': [ '8.1.0' ],
177 silly audit   '@svgr/plugin-svgo': [ '8.1.0' ],
177 silly audit   '@svgr/webpack': [ '8.1.0' ],
177 silly audit   '@swc/counter': [ '0.1.3' ],
177 silly audit   '@swc/helpers': [ '0.5.15' ],
177 silly audit   '@tailwindcss/node': [ '4.1.3' ],
177 silly audit   tailwindcss: [ '4.1.3', '3.4.17' ],
177 silly audit   '@tailwindcss/oxide': [ '4.1.3' ],
177 silly audit   '@tailwindcss/oxide-android-arm64': [ '4.1.3' ],
177 silly audit   '@tailwindcss/oxide-darwin-arm64': [ '4.1.3' ],
177 silly audit   '@tailwindcss/oxide-darwin-x64': [ '4.1.3' ],
177 silly audit   '@tailwindcss/oxide-freebsd-x64': [ '4.1.3' ],
177 silly audit   '@tailwindcss/oxide-linux-arm-gnueabihf': [ '4.1.3' ],
177 silly audit   '@tailwindcss/oxide-linux-arm64-gnu': [ '4.1.3' ],
177 silly audit   '@tailwindcss/oxide-linux-arm64-musl': [ '4.1.3' ],
177 silly audit   '@tailwindcss/oxide-linux-x64-gnu': [ '4.1.3' ],
177 silly audit   '@tailwindcss/oxide-linux-x64-musl': [ '4.1.3' ],
177 silly audit   '@tailwindcss/oxide-win32-arm64-msvc': [ '4.1.3' ],
177 silly audit   '@tailwindcss/oxide-win32-x64-msvc': [ '4.1.3' ],
177 silly audit   '@tailwindcss/postcss': [ '4.1.3' ],
177 silly audit   '@trysound/sax': [ '0.2.0' ],
177 silly audit   '@types/debug': [ '4.1.12' ],
177 silly audit   '@types/estree': [ '1.0.7' ],
177 silly audit   '@types/estree-jsx': [ '1.0.5' ],
177 silly audit   '@types/hast': [ '3.0.4' ],
177 silly audit   '@types/mdast': [ '4.0.4' ],
177 silly audit   '@types/ms': [ '2.1.0' ],
177 silly audit   '@types/node': [ '20.17.30' ],
177 silly audit   '@types/react': [ '19.1.0' ],
177 silly audit   '@types/react-dom': [ '19.1.1' ],
177 silly audit   '@types/react-transition-group': [ '4.4.12' ],
177 silly audit   '@types/unist': [ '3.0.3', '2.0.11' ],
177 silly audit   '@ungap/structured-clone': [ '1.3.0' ],
177 silly audit   'ansi-regex': [ '6.1.0', '5.0.1' ],
177 silly audit   'ansi-styles': [ '6.2.1', '4.3.0' ],
177 silly audit   'any-promise': [ '1.3.0' ],
177 silly audit   anymatch: [ '3.1.3' ],
177 silly audit   arg: [ '5.0.2' ],
177 silly audit   argparse: [ '2.0.1' ],
177 silly audit   autoprefixer: [ '10.4.21' ],
177 silly audit   'babel-plugin-polyfill-corejs2': [ '0.4.13' ],
177 silly audit   'babel-plugin-polyfill-corejs3': [ '0.11.1' ],
177 silly audit   'babel-plugin-polyfill-regenerator': [ '0.6.4' ],
177 silly audit   bail: [ '2.0.2' ],
177 silly audit   'balanced-match': [ '1.0.2' ],
177 silly audit   'binary-extensions': [ '2.3.0' ],
177 silly audit   boolbase: [ '1.0.0' ],
177 silly audit   'brace-expansion': [ '2.0.1' ],
177 silly audit   braces: [ '3.0.3' ],
177 silly audit   browserslist: [ '4.24.4' ],
177 silly audit   busboy: [ '1.6.0' ],
177 silly audit   callsites: [ '3.1.0' ],
177 silly audit   camelcase: [ '6.3.0' ],
177 silly audit   'camelcase-css': [ '2.0.1' ],
177 silly audit   'caniuse-lite': [ '1.0.30001711' ],
177 silly audit   ccount: [ '2.0.1' ],
177 silly audit   'character-entities': [ '2.0.2' ],
177 silly audit   'character-entities-html4': [ '2.1.0' ],
177 silly audit   'character-entities-legacy': [ '3.0.0' ],
177 silly audit   'character-reference-invalid': [ '2.0.1' ],
177 silly audit   chokidar: [ '3.6.0' ],
177 silly audit   'glob-parent': [ '5.1.2', '6.0.2' ],
177 silly audit   classnames: [ '2.5.1', '2.3.2' ],
177 silly audit   'client-only': [ '0.0.1' ],
177 silly audit   color: [ '4.2.3' ],
177 silly audit   'color-convert': [ '2.0.1' ],
177 silly audit   'color-name': [ '1.1.4' ],
177 silly audit   'color-string': [ '1.9.1' ],
177 silly audit   'comma-separated-tokens': [ '2.0.3' ],
177 silly audit   commander: [ '7.2.0', '4.1.1' ],
177 silly audit   'convert-source-map': [ '2.0.0' ],
177 silly audit   'core-js-compat': [ '3.41.0' ],
177 silly audit   cosmiconfig: [ '8.3.6' ],
177 silly audit   'cross-spawn': [ '7.0.6' ],
177 silly audit   'css-select': [ '5.1.0' ],
177 silly audit   'css-tree': [ '2.3.1', '2.2.1' ],
177 silly audit   'css-what': [ '6.1.0' ],
177 silly audit   cssesc: [ '3.0.0' ],
177 silly audit   csso: [ '5.0.5' ],
177 silly audit   'mdn-data': [ '2.0.28', '2.0.30' ],
177 silly audit   csstype: [ '3.1.3' ],
177 silly audit   debug: [ '4.4.0' ],
177 silly audit   'decode-named-character-reference': [ '1.1.0' ],
177 silly audit   deepmerge: [ '4.3.1', '4.2.2' ],
177 silly audit   dequal: [ '2.0.3' ],
177 silly audit   'detect-libc': [ '2.0.3' ],
177 silly audit   devlop: [ '1.1.0' ],
177 silly audit   didyoumean: [ '1.2.2' ],
177 silly audit   dlv: [ '1.1.3' ],
177 silly audit   'dom-helpers': [ '5.2.1' ],
177 silly audit   'dom-serializer': [ '2.0.0' ],
177 silly audit   domelementtype: [ '2.3.0' ],
177 silly audit   domhandler: [ '5.0.3' ],
177 silly audit   domutils: [ '3.2.2' ],
177 silly audit   'dot-case': [ '3.0.4' ],
177 silly audit   eastasianwidth: [ '0.2.0' ],
177 silly audit   'electron-to-chromium': [ '1.5.132' ],
177 silly audit   'emoji-regex': [ '9.2.2', '8.0.0' ],
177 silly audit   'enhanced-resolve': [ '5.18.1' ],
177 silly audit   entities: [ '4.5.0' ],
177 silly audit   'error-ex': [ '1.3.2' ],
177 silly audit   'is-arrayish': [ '0.2.1', '0.3.2' ],
177 silly audit   escalade: [ '3.2.0' ],
177 silly audit   'estree-util-is-identifier-name': [ '3.0.0' ],
177 silly audit   esutils: [ '2.0.3' ],
177 silly audit   extend: [ '3.0.2' ],
177 silly audit   'fast-glob': [ '3.3.3' ],
177 silly audit   fastq: [ '1.19.1' ],
177 silly audit   'fill-range': [ '7.1.1' ],
177 silly audit   'foreground-child': [ '3.3.1' ],
177 silly audit   'fraction.js': [ '4.3.7' ],
177 silly audit   fsevents: [ '2.3.3' ],
177 silly audit   'function-bind': [ '1.1.2' ],
177 silly audit   gensync: [ '1.0.0-beta.2' ],
177 silly audit   glob: [ '10.4.5' ],
177 silly audit   globals: [ '11.12.0' ],
177 silly audit   'graceful-fs': [ '4.2.11' ],
177 silly audit   hasown: [ '2.0.2' ],
177 silly audit   'hast-util-to-jsx-runtime': [ '2.3.6' ],
177 silly audit   'hast-util-whitespace': [ '3.0.0' ],
177 silly audit   'html-url-attributes': [ '3.0.1' ],
177 silly audit   'import-fresh': [ '3.3.1' ],
177 silly audit   'inline-style-parser': [ '0.2.4' ],
177 silly audit   'is-alphabetical': [ '2.0.1' ],
177 silly audit   'is-alphanumerical': [ '2.0.1' ],
177 silly audit   'is-binary-path': [ '2.1.0' ],
177 silly audit   'is-core-module': [ '2.16.1' ],
177 silly audit   'is-decimal': [ '2.0.1' ],
177 silly audit   'is-extglob': [ '2.1.1' ],
177 silly audit   'is-fullwidth-code-point': [ '3.0.0' ],
177 silly audit   'is-glob': [ '4.0.3' ],
177 silly audit   'is-hexadecimal': [ '2.0.1' ],
177 silly audit   'is-number': [ '7.0.0' ],
177 silly audit   'is-plain-obj': [ '4.1.0' ],
177 silly audit   isexe: [ '2.0.0' ],
177 silly audit   jackspeak: [ '3.4.3' ],
177 silly audit   jiti: [ '2.4.2', '1.21.7' ],
177 silly audit   'js-tokens': [ '4.0.0' ],
177 silly audit   'js-yaml': [ '4.1.0' ],
177 silly audit   jsesc: [ '3.1.0', '3.0.2' ],
177 silly audit   'json-parse-even-better-errors': [ '2.3.1' ],
177 silly audit   json5: [ '2.2.3' ],
177 silly audit   lightningcss: [ '1.29.2' ],
177 silly audit   'lightningcss-darwin-arm64': [ '1.29.2' ],
177 silly audit   'lightningcss-darwin-x64': [ '1.29.2' ],
177 silly audit   'lightningcss-freebsd-x64': [ '1.29.2' ],
177 silly audit   'lightningcss-linux-arm-gnueabihf': [ '1.29.2' ],
177 silly audit   'lightningcss-linux-arm64-gnu': [ '1.29.2' ],
177 silly audit   'lightningcss-linux-arm64-musl': [ '1.29.2' ],
177 silly audit   'lightningcss-linux-x64-gnu': [ '1.29.2' ],
177 silly audit   'lightningcss-linux-x64-musl': [ '1.29.2' ],
177 silly audit   'lightningcss-win32-arm64-msvc': [ '1.29.2' ],
177 silly audit   'lightningcss-win32-x64-msvc': [ '1.29.2' ],
177 silly audit   lilconfig: [ '3.1.3' ],
177 silly audit   'lines-and-columns': [ '1.2.4' ],
177 silly audit   'lodash.debounce': [ '4.0.8' ],
177 silly audit   'longest-streak': [ '3.1.0' ],
177 silly audit   'loose-envify': [ '1.4.0' ],
177 silly audit   'lower-case': [ '2.0.2' ],
177 silly audit   'lru-cache': [ '5.1.1', '10.4.3' ],
177 silly audit   'mdast-util-from-markdown': [ '2.0.2' ],
177 silly audit   'mdast-util-mdx-expression': [ '2.0.1' ],
177 silly audit   'mdast-util-mdx-jsx': [ '3.2.0' ],
177 silly audit   'mdast-util-mdxjs-esm': [ '2.0.1' ],
177 silly audit   'mdast-util-phrasing': [ '4.1.0' ],
177 silly audit   'mdast-util-to-hast': [ '13.2.0' ],
177 silly audit   'mdast-util-to-markdown': [ '2.1.2' ],
177 silly audit   'mdast-util-to-string': [ '4.0.0' ],
177 silly audit   merge2: [ '1.4.1' ],
177 silly audit   micromark: [ '4.0.2' ],
177 silly audit   'micromark-core-commonmark': [ '2.0.3' ],
177 silly audit   'micromark-factory-destination': [ '2.0.1' ],
177 silly audit   'micromark-factory-label': [ '2.0.1' ],
177 silly audit   'micromark-factory-space': [ '2.0.1' ],
177 silly audit   'micromark-factory-title': [ '2.0.1' ],
177 silly audit   'micromark-factory-whitespace': [ '2.0.1' ],
177 silly audit   'micromark-util-character': [ '2.1.1' ],
177 silly audit   'micromark-util-chunked': [ '2.0.1' ],
177 silly audit   'micromark-util-classify-character': [ '2.0.1' ],
177 silly audit   'micromark-util-combine-extensions': [ '2.0.1' ],
177 silly audit   'micromark-util-decode-numeric-character-reference': [ '2.0.2' ],
177 silly audit   'micromark-util-decode-string': [ '2.0.1' ],
177 silly audit   'micromark-util-encode': [ '2.0.1' ],
177 silly audit   'micromark-util-html-tag-name': [ '2.0.1' ],
177 silly audit   'micromark-util-normalize-identifier': [ '2.0.1' ],
177 silly audit   'micromark-util-resolve-all': [ '2.0.1' ],
177 silly audit   'micromark-util-sanitize-uri': [ '2.0.1' ],
177 silly audit   'micromark-util-subtokenize': [ '2.1.0' ],
177 silly audit   'micromark-util-symbol': [ '2.0.1' ],
177 silly audit   'micromark-util-types': [ '2.0.2' ],
177 silly audit   micromatch: [ '4.0.8' ],
177 silly audit   minimatch: [ '9.0.5' ],
177 silly audit   minipass: [ '7.1.2' ],
177 silly audit   ms: [ '2.1.3' ],
177 silly audit   mz: [ '2.7.0' ],
177 silly audit   nanoid: [ '3.3.11' ],
177 silly audit   next: [ '15.2.4' ],
177 silly audit   postcss: [ '8.4.31', '8.5.3' ],
177 silly audit   'no-case': [ '3.0.4' ],
177 silly audit   'node-releases': [ '2.0.19' ],
177 silly audit   'normalize-path': [ '3.0.0' ],
177 silly audit   'normalize-range': [ '0.1.2' ],
177 silly audit   'nth-check': [ '2.1.1' ],
177 silly audit   'object-assign': [ '4.1.1' ],
177 silly audit   'object-hash': [ '3.0.0' ],
177 silly audit   'package-json-from-dist': [ '1.0.1' ],
177 silly audit   'parent-module': [ '1.0.1' ],
177 silly audit   'parse-entities': [ '4.0.2' ],
177 silly audit   'parse-json': [ '5.2.0' ],
177 silly audit   'path-key': [ '3.1.1' ],
177 silly audit   'path-parse': [ '1.0.7' ],
177 silly audit   'path-scurry': [ '1.11.1' ],
177 silly audit   'path-type': [ '4.0.0' ],
177 silly audit   picocolors: [ '1.1.1' ],
177 silly audit   picomatch: [ '2.3.1' ],
177 silly audit   pify: [ '2.3.0' ],
177 silly audit   pirates: [ '4.0.7' ],
177 silly audit   'postcss-import': [ '15.1.0' ],
177 silly audit   'postcss-js': [ '4.0.1' ],
177 silly audit   'postcss-load-config': [ '4.0.2' ],
177 silly audit   'postcss-nested': [ '6.2.0' ],
177 silly audit   'postcss-selector-parser': [ '6.1.2' ],
177 silly audit   'postcss-value-parser': [ '4.2.0' ],
177 silly audit   prettier: [ '3.5.3' ],
177 silly audit   'prettier-plugin-tailwindcss': [ '0.5.14' ],
177 silly audit   'prop-types': [ '15.8.1' ],
177 silly audit   'property-information': [ '7.0.0' ],
177 silly audit   'queue-microtask': [ '1.2.3' ],
177 silly audit   react: [ '19.1.0', '18.2.0' ],
177 silly audit   'react-dom': [ '19.1.0', '18.2.0' ],
177 silly audit   'react-is': [ '16.13.1' ],
177 silly audit   'react-markdown': [ '10.1.0' ],
177 silly audit   'react-transition-group': [ '4.4.5' ],
177 silly audit   'read-cache': [ '1.0.0' ],
177 silly audit   readdirp: [ '3.6.0' ],
177 silly audit   regenerate: [ '1.4.2' ],
177 silly audit   'regenerate-unicode-properties': [ '10.2.0' ],
177 silly audit   'regenerator-runtime': [ '0.14.1' ],
177 silly audit   'regenerator-transform': [ '0.15.2' ],
177 silly audit   'regexpu-core': [ '6.2.0' ],
177 silly audit   regjsgen: [ '0.8.0' ],
177 silly audit   regjsparser: [ '0.12.0' ],
177 silly audit   'remark-parse': [ '11.0.0' ],
177 silly audit   'remark-rehype': [ '11.1.2' ],
177 silly audit   resolve: [ '1.22.10' ],
177 silly audit   'resolve-from': [ '4.0.0' ],
177 silly audit   reusify: [ '1.1.0' ],
177 silly audit   'run-parallel': [ '1.2.0' ],
177 silly audit   scheduler: [ '0.26.0', '0.23.2' ],
177 silly audit   sharp: [ '0.33.5' ],
177 silly audit   'shebang-command': [ '2.0.0' ],
177 silly audit   'shebang-regex': [ '3.0.0' ],
177 silly audit   'signal-exit': [ '4.1.0' ],
177 silly audit   'simple-swizzle': [ '0.2.2' ],
177 silly audit   'snake-case': [ '3.0.4' ],
177 silly audit   'source-map-js': [ '1.2.1' ],
177 silly audit   'space-separated-tokens': [ '2.0.2' ],
177 silly audit   streamsearch: [ '1.1.0' ],
177 silly audit   'string-width': [ '5.1.2', '4.2.3' ],
177 silly audit   'strip-ansi': [ '6.0.1', '7.1.0' ],
177 silly audit   'stringify-entities': [ '4.0.4' ],
177 silly audit   'style-to-js': [ '1.1.16' ],
177 silly audit   'style-to-object': [ '1.0.8' ],
177 silly audit   'styled-jsx': [ '5.1.6' ],
177 silly audit   sucrase: [ '3.35.0' ],
177 silly audit   'supports-preserve-symlinks-flag': [ '1.0.0' ],
177 silly audit   'svg-parser': [ '2.0.4' ],
177 silly audit   svgo: [ '3.3.2' ],
177 silly audit   swiper: [ '10.3.1' ],
177 silly audit   tapable: [ '2.2.1' ],
177 silly audit   thenify: [ '3.3.1' ],
177 silly audit   'thenify-all': [ '1.6.0' ],
177 silly audit   'to-regex-range': [ '5.0.1' ],
177 silly audit   'trim-lines': [ '3.0.1' ],
177 silly audit   trough: [ '2.2.0' ],
177 silly audit   'ts-interface-checker': [ '0.1.13' ],
177 silly audit   tslib: [ '2.8.1' ],
177 silly audit   typescript: [ '5.8.3' ],
177 silly audit   'undici-types': [ '6.19.8' ],
177 silly audit   'unicode-canonical-property-names-ecmascript': [ '2.0.1' ],
177 silly audit   'unicode-match-property-ecmascript': [ '2.0.0' ],
177 silly audit   'unicode-match-property-value-ecmascript': [ '2.2.0' ],
177 silly audit   'unicode-property-aliases-ecmascript': [ '2.1.0' ],
177 silly audit   unified: [ '11.0.5' ],
177 silly audit   'unist-util-is': [ '6.0.0' ],
177 silly audit   'unist-util-position': [ '5.0.0' ],
177 silly audit   'unist-util-stringify-position': [ '4.0.0' ],
177 silly audit   'unist-util-visit': [ '5.0.0' ],
177 silly audit   'unist-util-visit-parents': [ '6.0.1' ],
177 silly audit   'update-browserslist-db': [ '1.1.3' ],
177 silly audit   'util-deprecate': [ '1.0.2' ],
177 silly audit   vfile: [ '6.0.3' ],
177 silly audit   'vfile-message': [ '4.0.2' ],
177 silly audit   which: [ '2.0.2' ],
177 silly audit   'wrap-ansi': [ '8.1.0', '7.0.0' ],
177 silly audit   yallist: [ '3.1.1' ],
177 silly audit   yaml: [ '2.7.1' ],
177 silly audit   zwitch: [ '2.0.4' ],
177 silly audit   '@material-tailwind/react': [ '2.1.10' ],
177 silly audit   '@floating-ui/react': [ '0.19.0' ],
177 silly audit   'framer-motion': [ '6.5.1' ],
177 silly audit   'material-ripple-effects': [ '2.0.1' ],
177 silly audit   'tailwind-merge': [ '1.8.1' ],
177 silly audit   '@floating-ui/react-dom': [ '1.3.0' ],
177 silly audit   'aria-hidden': [ '1.2.4' ],
177 silly audit   tabbable: [ '6.2.0' ],
177 silly audit   '@floating-ui/dom': [ '1.6.13' ],
177 silly audit   '@floating-ui/core': [ '1.6.9' ],
177 silly audit   '@floating-ui/utils': [ '0.2.9' ],
177 silly audit   '@emotion/is-prop-valid': [ '0.8.8' ],
177 silly audit   '@motionone/dom': [ '10.12.0' ],
177 silly audit   framesync: [ '6.0.1' ],
177 silly audit   'hey-listen': [ '1.0.8' ],
177 silly audit   popmotion: [ '11.0.3' ],
177 silly audit   'style-value-types': [ '5.0.0' ],
177 silly audit   '@emotion/memoize': [ '0.7.4' ],
177 silly audit   '@motionone/animation': [ '10.18.0' ],
177 silly audit   '@motionone/generators': [ '10.18.0' ],
177 silly audit   '@motionone/types': [ '10.17.1' ],
177 silly audit   '@motionone/utils': [ '10.18.0' ],
177 silly audit   '@motionone/easing': [ '10.18.0' ]
177 silly audit }
178 verbose reify failed optional dependency E:\lb-news\node_modules\lightningcss-win32-arm64-msvc
179 silly reify mark deleted [ 'E:\\lb-news\\node_modules\\lightningcss-win32-arm64-msvc' ]
180 verbose reify failed optional dependency E:\lb-news\node_modules\lightningcss-linux-x64-musl
181 silly reify mark deleted [ 'E:\\lb-news\\node_modules\\lightningcss-linux-x64-musl' ]
182 verbose reify failed optional dependency E:\lb-news\node_modules\lightningcss-linux-x64-gnu
183 silly reify mark deleted [ 'E:\\lb-news\\node_modules\\lightningcss-linux-x64-gnu' ]
184 verbose reify failed optional dependency E:\lb-news\node_modules\lightningcss-linux-arm64-musl
185 silly reify mark deleted [ 'E:\\lb-news\\node_modules\\lightningcss-linux-arm64-musl' ]
186 verbose reify failed optional dependency E:\lb-news\node_modules\lightningcss-linux-arm64-gnu
187 silly reify mark deleted [ 'E:\\lb-news\\node_modules\\lightningcss-linux-arm64-gnu' ]
188 verbose reify failed optional dependency E:\lb-news\node_modules\lightningcss-linux-arm-gnueabihf
189 silly reify mark deleted [ 'E:\\lb-news\\node_modules\\lightningcss-linux-arm-gnueabihf' ]
190 verbose reify failed optional dependency E:\lb-news\node_modules\lightningcss-freebsd-x64
191 silly reify mark deleted [ 'E:\\lb-news\\node_modules\\lightningcss-freebsd-x64' ]
192 verbose reify failed optional dependency E:\lb-news\node_modules\lightningcss-darwin-x64
193 silly reify mark deleted [ 'E:\\lb-news\\node_modules\\lightningcss-darwin-x64' ]
194 verbose reify failed optional dependency E:\lb-news\node_modules\lightningcss-darwin-arm64
195 silly reify mark deleted [ 'E:\\lb-news\\node_modules\\lightningcss-darwin-arm64' ]
196 verbose reify failed optional dependency E:\lb-news\node_modules\fsevents
197 silly reify mark deleted [ 'E:\\lb-news\\node_modules\\fsevents' ]
198 verbose reify failed optional dependency E:\lb-news\node_modules\@tailwindcss\oxide-win32-arm64-msvc
199 silly reify mark deleted [ 'E:\\lb-news\\node_modules\\@tailwindcss\\oxide-win32-arm64-msvc' ]
200 verbose reify failed optional dependency E:\lb-news\node_modules\@tailwindcss\oxide-linux-x64-musl
201 silly reify mark deleted [ 'E:\\lb-news\\node_modules\\@tailwindcss\\oxide-linux-x64-musl' ]
202 verbose reify failed optional dependency E:\lb-news\node_modules\@tailwindcss\oxide-linux-x64-gnu
203 silly reify mark deleted [ 'E:\\lb-news\\node_modules\\@tailwindcss\\oxide-linux-x64-gnu' ]
204 verbose reify failed optional dependency E:\lb-news\node_modules\@tailwindcss\oxide-linux-arm64-musl
205 silly reify mark deleted [ 'E:\\lb-news\\node_modules\\@tailwindcss\\oxide-linux-arm64-musl' ]
206 verbose reify failed optional dependency E:\lb-news\node_modules\@tailwindcss\oxide-linux-arm64-gnu
207 silly reify mark deleted [ 'E:\\lb-news\\node_modules\\@tailwindcss\\oxide-linux-arm64-gnu' ]
208 verbose reify failed optional dependency E:\lb-news\node_modules\@tailwindcss\oxide-linux-arm-gnueabihf
209 silly reify mark deleted [
209 silly reify   'E:\\lb-news\\node_modules\\@tailwindcss\\oxide-linux-arm-gnueabihf'
209 silly reify ]
210 verbose reify failed optional dependency E:\lb-news\node_modules\@tailwindcss\oxide-freebsd-x64
211 silly reify mark deleted [ 'E:\\lb-news\\node_modules\\@tailwindcss\\oxide-freebsd-x64' ]
212 verbose reify failed optional dependency E:\lb-news\node_modules\@tailwindcss\oxide-darwin-x64
213 silly reify mark deleted [ 'E:\\lb-news\\node_modules\\@tailwindcss\\oxide-darwin-x64' ]
214 verbose reify failed optional dependency E:\lb-news\node_modules\@tailwindcss\oxide-darwin-arm64
215 silly reify mark deleted [ 'E:\\lb-news\\node_modules\\@tailwindcss\\oxide-darwin-arm64' ]
216 verbose reify failed optional dependency E:\lb-news\node_modules\@tailwindcss\oxide-android-arm64
217 silly reify mark deleted [ 'E:\\lb-news\\node_modules\\@tailwindcss\\oxide-android-arm64' ]
218 verbose reify failed optional dependency E:\lb-news\node_modules\@next\swc-win32-arm64-msvc
219 silly reify mark deleted [ 'E:\\lb-news\\node_modules\\@next\\swc-win32-arm64-msvc' ]
220 verbose reify failed optional dependency E:\lb-news\node_modules\@next\swc-linux-x64-musl
221 silly reify mark deleted [ 'E:\\lb-news\\node_modules\\@next\\swc-linux-x64-musl' ]
222 verbose reify failed optional dependency E:\lb-news\node_modules\@next\swc-linux-x64-gnu
223 silly reify mark deleted [ 'E:\\lb-news\\node_modules\\@next\\swc-linux-x64-gnu' ]
224 verbose reify failed optional dependency E:\lb-news\node_modules\@next\swc-linux-arm64-musl
225 silly reify mark deleted [ 'E:\\lb-news\\node_modules\\@next\\swc-linux-arm64-musl' ]
226 verbose reify failed optional dependency E:\lb-news\node_modules\@next\swc-linux-arm64-gnu
227 silly reify mark deleted [ 'E:\\lb-news\\node_modules\\@next\\swc-linux-arm64-gnu' ]
228 verbose reify failed optional dependency E:\lb-news\node_modules\@next\swc-darwin-x64
229 silly reify mark deleted [ 'E:\\lb-news\\node_modules\\@next\\swc-darwin-x64' ]
230 verbose reify failed optional dependency E:\lb-news\node_modules\@next\swc-darwin-arm64
231 silly reify mark deleted [ 'E:\\lb-news\\node_modules\\@next\\swc-darwin-arm64' ]
232 verbose reify failed optional dependency E:\lb-news\node_modules\@img\sharp-win32-ia32
233 silly reify mark deleted [ 'E:\\lb-news\\node_modules\\@img\\sharp-win32-ia32' ]
234 verbose reify failed optional dependency E:\lb-news\node_modules\@img\sharp-wasm32
235 silly reify mark deleted [ 'E:\\lb-news\\node_modules\\@img\\sharp-wasm32' ]
236 verbose reify failed optional dependency E:\lb-news\node_modules\@emnapi\runtime
237 silly reify mark deleted [ 'E:\\lb-news\\node_modules\\@emnapi\\runtime' ]
238 verbose reify failed optional dependency E:\lb-news\node_modules\@img\sharp-linuxmusl-x64
239 silly reify mark deleted [ 'E:\\lb-news\\node_modules\\@img\\sharp-linuxmusl-x64' ]
240 verbose reify failed optional dependency E:\lb-news\node_modules\@img\sharp-linuxmusl-arm64
241 silly reify mark deleted [ 'E:\\lb-news\\node_modules\\@img\\sharp-linuxmusl-arm64' ]
242 verbose reify failed optional dependency E:\lb-news\node_modules\@img\sharp-linux-x64
243 silly reify mark deleted [ 'E:\\lb-news\\node_modules\\@img\\sharp-linux-x64' ]
244 verbose reify failed optional dependency E:\lb-news\node_modules\@img\sharp-linux-s390x
245 silly reify mark deleted [ 'E:\\lb-news\\node_modules\\@img\\sharp-linux-s390x' ]
246 verbose reify failed optional dependency E:\lb-news\node_modules\@img\sharp-linux-arm64
247 silly reify mark deleted [ 'E:\\lb-news\\node_modules\\@img\\sharp-linux-arm64' ]
248 verbose reify failed optional dependency E:\lb-news\node_modules\@img\sharp-linux-arm
249 silly reify mark deleted [ 'E:\\lb-news\\node_modules\\@img\\sharp-linux-arm' ]
250 verbose reify failed optional dependency E:\lb-news\node_modules\@img\sharp-libvips-linuxmusl-x64
251 silly reify mark deleted [ 'E:\\lb-news\\node_modules\\@img\\sharp-libvips-linuxmusl-x64' ]
252 verbose reify failed optional dependency E:\lb-news\node_modules\@img\sharp-libvips-linuxmusl-arm64
253 silly reify mark deleted [ 'E:\\lb-news\\node_modules\\@img\\sharp-libvips-linuxmusl-arm64' ]
254 verbose reify failed optional dependency E:\lb-news\node_modules\@img\sharp-libvips-linux-x64
255 silly reify mark deleted [ 'E:\\lb-news\\node_modules\\@img\\sharp-libvips-linux-x64' ]
256 verbose reify failed optional dependency E:\lb-news\node_modules\@img\sharp-libvips-linux-s390x
257 silly reify mark deleted [ 'E:\\lb-news\\node_modules\\@img\\sharp-libvips-linux-s390x' ]
258 verbose reify failed optional dependency E:\lb-news\node_modules\@img\sharp-libvips-linux-arm64
259 silly reify mark deleted [ 'E:\\lb-news\\node_modules\\@img\\sharp-libvips-linux-arm64' ]
260 verbose reify failed optional dependency E:\lb-news\node_modules\@img\sharp-libvips-linux-arm
261 silly reify mark deleted [ 'E:\\lb-news\\node_modules\\@img\\sharp-libvips-linux-arm' ]
262 verbose reify failed optional dependency E:\lb-news\node_modules\@img\sharp-libvips-darwin-x64
263 silly reify mark deleted [ 'E:\\lb-news\\node_modules\\@img\\sharp-libvips-darwin-x64' ]
264 verbose reify failed optional dependency E:\lb-news\node_modules\@img\sharp-libvips-darwin-arm64
265 silly reify mark deleted [ 'E:\\lb-news\\node_modules\\@img\\sharp-libvips-darwin-arm64' ]
266 verbose reify failed optional dependency E:\lb-news\node_modules\@img\sharp-darwin-x64
267 silly reify mark deleted [ 'E:\\lb-news\\node_modules\\@img\\sharp-darwin-x64' ]
268 verbose reify failed optional dependency E:\lb-news\node_modules\@img\sharp-darwin-arm64
269 silly reify mark deleted [ 'E:\\lb-news\\node_modules\\@img\\sharp-darwin-arm64' ]
270 http cache @motionone/easing@https://registry.npmjs.org/@motionone/easing/-/easing-10.18.0.tgz 0ms (cache hit)
271 http cache @motionone/utils@https://registry.npmjs.org/@motionone/utils/-/utils-10.18.0.tgz 0ms (cache hit)
272 http cache @motionone/types@https://registry.npmjs.org/@motionone/types/-/types-10.17.1.tgz 1ms (cache hit)
273 http cache @motionone/animation@https://registry.npmjs.org/@motionone/animation/-/animation-10.18.0.tgz 0ms (cache hit)
274 http cache @motionone/generators@https://registry.npmjs.org/@motionone/generators/-/generators-10.18.0.tgz 0ms (cache hit)
275 http cache @emotion/memoize@https://registry.npmjs.org/@emotion/memoize/-/memoize-0.7.4.tgz 0ms (cache hit)
276 http cache style-value-types@https://registry.npmjs.org/style-value-types/-/style-value-types-5.0.0.tgz 0ms (cache hit)
277 http cache popmotion@https://registry.npmjs.org/popmotion/-/popmotion-11.0.3.tgz 0ms (cache hit)
278 http cache hey-listen@https://registry.npmjs.org/hey-listen/-/hey-listen-1.0.8.tgz 0ms (cache hit)
279 http cache framesync@https://registry.npmjs.org/framesync/-/framesync-6.0.1.tgz 0ms (cache hit)
280 http cache @motionone/dom@https://registry.npmjs.org/@motionone/dom/-/dom-10.12.0.tgz 0ms (cache hit)
281 http cache @emotion/is-prop-valid@https://registry.npmjs.org/@emotion/is-prop-valid/-/is-prop-valid-0.8.8.tgz 0ms (cache hit)
282 http cache @floating-ui/utils@https://registry.npmjs.org/@floating-ui/utils/-/utils-0.2.9.tgz 0ms (cache hit)
283 http cache @floating-ui/core@https://registry.npmjs.org/@floating-ui/core/-/core-1.6.9.tgz 0ms (cache hit)
284 http cache @floating-ui/dom@https://registry.npmjs.org/@floating-ui/dom/-/dom-1.6.13.tgz 0ms (cache hit)
285 http cache tabbable@https://registry.npmjs.org/tabbable/-/tabbable-6.2.0.tgz 0ms (cache hit)
286 http cache aria-hidden@https://registry.npmjs.org/aria-hidden/-/aria-hidden-1.2.4.tgz 0ms (cache hit)
287 http cache @floating-ui/react-dom@https://registry.npmjs.org/@floating-ui/react-dom/-/react-dom-1.3.0.tgz 0ms (cache hit)
288 http cache tailwind-merge@https://registry.npmjs.org/tailwind-merge/-/tailwind-merge-1.8.1.tgz 0ms (cache hit)
289 http cache material-ripple-effects@https://registry.npmjs.org/material-ripple-effects/-/material-ripple-effects-2.0.1.tgz 0ms (cache hit)
290 http cache framer-motion@https://registry.npmjs.org/framer-motion/-/framer-motion-6.5.1.tgz 0ms (cache hit)
291 http cache @floating-ui/react@https://registry.npmjs.org/@floating-ui/react/-/react-0.19.0.tgz 0ms (cache hit)
292 http cache @material-tailwind/react@https://registry.npmjs.org/@material-tailwind/react/-/react-2.1.10.tgz 0ms (cache hit)
293 http cache @emnapi/runtime@https://registry.npmjs.org/@emnapi/runtime/-/runtime-1.4.0.tgz 0ms (cache hit)
294 http cache scheduler@https://registry.npmjs.org/scheduler/-/scheduler-0.23.2.tgz 0ms (cache hit)
295 http cache react-dom@https://registry.npmjs.org/react-dom/-/react-dom-18.2.0.tgz 0ms (cache hit)
296 http cache react@https://registry.npmjs.org/react/-/react-18.2.0.tgz 0ms (cache hit)
297 http cache deepmerge@https://registry.npmjs.org/deepmerge/-/deepmerge-4.2.2.tgz 0ms (cache hit)
298 http cache classnames@https://registry.npmjs.org/classnames/-/classnames-2.3.2.tgz 0ms (cache hit)
299 silly tarball no local data for @motionone/easing@https://registry.npmjs.org/@motionone/easing/-/easing-10.18.0.tgz. Extracting by manifest.
300 silly tarball no local data for @motionone/utils@https://registry.npmjs.org/@motionone/utils/-/utils-10.18.0.tgz. Extracting by manifest.
301 silly tarball no local data for @motionone/types@https://registry.npmjs.org/@motionone/types/-/types-10.17.1.tgz. Extracting by manifest.
302 silly tarball no local data for @motionone/animation@https://registry.npmjs.org/@motionone/animation/-/animation-10.18.0.tgz. Extracting by manifest.
303 silly tarball no local data for @motionone/generators@https://registry.npmjs.org/@motionone/generators/-/generators-10.18.0.tgz. Extracting by manifest.
304 silly tarball no local data for @emotion/memoize@https://registry.npmjs.org/@emotion/memoize/-/memoize-0.7.4.tgz. Extracting by manifest.
305 silly tarball no local data for style-value-types@https://registry.npmjs.org/style-value-types/-/style-value-types-5.0.0.tgz. Extracting by manifest.
306 silly tarball no local data for popmotion@https://registry.npmjs.org/popmotion/-/popmotion-11.0.3.tgz. Extracting by manifest.
307 silly tarball no local data for hey-listen@https://registry.npmjs.org/hey-listen/-/hey-listen-1.0.8.tgz. Extracting by manifest.
308 silly tarball no local data for framesync@https://registry.npmjs.org/framesync/-/framesync-6.0.1.tgz. Extracting by manifest.
309 silly tarball no local data for @motionone/dom@https://registry.npmjs.org/@motionone/dom/-/dom-10.12.0.tgz. Extracting by manifest.
310 silly tarball no local data for @emotion/is-prop-valid@https://registry.npmjs.org/@emotion/is-prop-valid/-/is-prop-valid-0.8.8.tgz. Extracting by manifest.
311 silly tarball no local data for @floating-ui/utils@https://registry.npmjs.org/@floating-ui/utils/-/utils-0.2.9.tgz. Extracting by manifest.
312 silly tarball no local data for @floating-ui/core@https://registry.npmjs.org/@floating-ui/core/-/core-1.6.9.tgz. Extracting by manifest.
313 silly tarball no local data for @floating-ui/dom@https://registry.npmjs.org/@floating-ui/dom/-/dom-1.6.13.tgz. Extracting by manifest.
314 silly tarball no local data for tabbable@https://registry.npmjs.org/tabbable/-/tabbable-6.2.0.tgz. Extracting by manifest.
315 silly tarball no local data for aria-hidden@https://registry.npmjs.org/aria-hidden/-/aria-hidden-1.2.4.tgz. Extracting by manifest.
316 silly tarball no local data for @floating-ui/react-dom@https://registry.npmjs.org/@floating-ui/react-dom/-/react-dom-1.3.0.tgz. Extracting by manifest.
317 silly tarball no local data for tailwind-merge@https://registry.npmjs.org/tailwind-merge/-/tailwind-merge-1.8.1.tgz. Extracting by manifest.
318 silly tarball no local data for material-ripple-effects@https://registry.npmjs.org/material-ripple-effects/-/material-ripple-effects-2.0.1.tgz. Extracting by manifest.
319 silly tarball no local data for framer-motion@https://registry.npmjs.org/framer-motion/-/framer-motion-6.5.1.tgz. Extracting by manifest.
320 silly tarball no local data for @floating-ui/react@https://registry.npmjs.org/@floating-ui/react/-/react-0.19.0.tgz. Extracting by manifest.
321 silly tarball no local data for @material-tailwind/react@https://registry.npmjs.org/@material-tailwind/react/-/react-2.1.10.tgz. Extracting by manifest.
322 silly tarball no local data for scheduler@https://registry.npmjs.org/scheduler/-/scheduler-0.23.2.tgz. Extracting by manifest.
323 silly tarball no local data for react-dom@https://registry.npmjs.org/react-dom/-/react-dom-18.2.0.tgz. Extracting by manifest.
324 silly tarball no local data for react@https://registry.npmjs.org/react/-/react-18.2.0.tgz. Extracting by manifest.
325 silly tarball no local data for deepmerge@https://registry.npmjs.org/deepmerge/-/deepmerge-4.2.2.tgz. Extracting by manifest.
326 silly tarball no local data for classnames@https://registry.npmjs.org/classnames/-/classnames-2.3.2.tgz. Extracting by manifest.
327 http fetch POST 200 https://registry.npmjs.org/-/npm/v1/security/advisories/bulk 477ms
328 silly audit report {}
329 http fetch GET 200 https://registry.npmjs.org/@motionone/utils/-/utils-10.18.0.tgz 721ms (cache miss)
330 http fetch GET 200 https://registry.npmjs.org/@motionone/easing/-/easing-10.18.0.tgz 745ms (cache miss)
331 http fetch GET 200 https://registry.npmjs.org/aria-hidden/-/aria-hidden-1.2.4.tgz 768ms (cache miss)
332 http fetch GET 200 https://registry.npmjs.org/@floating-ui/react-dom/-/react-dom-1.3.0.tgz 806ms (cache miss)
333 http fetch GET 200 https://registry.npmjs.org/material-ripple-effects/-/material-ripple-effects-2.0.1.tgz 805ms (cache miss)
334 http fetch GET 200 https://registry.npmjs.org/deepmerge/-/deepmerge-4.2.2.tgz 938ms (cache miss)
335 http fetch GET 200 https://registry.npmjs.org/@floating-ui/dom/-/dom-1.6.13.tgz 1379ms (cache miss)
336 http fetch GET 200 https://registry.npmjs.org/classnames/-/classnames-2.3.2.tgz 1419ms (cache miss)
337 http fetch GET 200 https://registry.npmjs.org/hey-listen/-/hey-listen-1.0.8.tgz 1488ms (cache miss)
338 http fetch GET 200 https://registry.npmjs.org/@emotion/memoize/-/memoize-0.7.4.tgz 1535ms (cache miss)
339 http fetch GET 200 https://registry.npmjs.org/@emotion/is-prop-valid/-/is-prop-valid-0.8.8.tgz 1668ms (cache miss)
340 http fetch GET 200 https://registry.npmjs.org/@motionone/types/-/types-10.17.1.tgz 1692ms (cache miss)
341 http fetch GET 200 https://registry.npmjs.org/scheduler/-/scheduler-0.23.2.tgz 1732ms (cache miss)
342 http fetch GET 200 https://registry.npmjs.org/@floating-ui/utils/-/utils-0.2.9.tgz 1779ms (cache miss)
343 http fetch GET 200 https://registry.npmjs.org/@floating-ui/core/-/core-1.6.9.tgz 1844ms (cache miss)
344 http fetch GET 200 https://registry.npmjs.org/@motionone/animation/-/animation-10.18.0.tgz 1977ms (cache miss)
345 http fetch GET 200 https://registry.npmjs.org/tabbable/-/tabbable-6.2.0.tgz 2015ms (cache miss)
346 http fetch GET 200 https://registry.npmjs.org/framesync/-/framesync-6.0.1.tgz 2087ms (cache miss)
347 http fetch GET 200 https://registry.npmjs.org/react/-/react-18.2.0.tgz 2138ms (cache miss)
348 http fetch GET 200 https://registry.npmjs.org/@floating-ui/react/-/react-0.19.0.tgz 2539ms (cache miss)
349 http fetch GET 200 https://registry.npmjs.org/@motionone/generators/-/generators-10.18.0.tgz 2587ms (cache miss)
350 http fetch GET 200 https://registry.npmjs.org/style-value-types/-/style-value-types-5.0.0.tgz 2596ms (cache miss)
351 http fetch GET 200 https://registry.npmjs.org/tailwind-merge/-/tailwind-merge-1.8.1.tgz 2633ms (cache miss)
352 http fetch GET 200 https://registry.npmjs.org/react-dom/-/react-dom-18.2.0.tgz 2973ms (cache miss)
353 http fetch GET 200 https://registry.npmjs.org/popmotion/-/popmotion-11.0.3.tgz 3186ms (cache miss)
354 http fetch GET 200 https://registry.npmjs.org/framer-motion/-/framer-motion-6.5.1.tgz 3775ms (cache miss)
355 http fetch GET 200 https://registry.npmjs.org/@motionone/dom/-/dom-10.12.0.tgz 4916ms (cache miss)
356 http fetch GET 200 https://registry.npmjs.org/@material-tailwind/react/-/react-2.1.10.tgz 6367ms (cache miss)
357 silly ADD node_modules/@motionone/easing
358 silly ADD node_modules/@motionone/utils
359 silly ADD node_modules/@motionone/types
360 silly ADD node_modules/@motionone/generators
361 silly ADD node_modules/@motionone/animation
362 silly ADD node_modules/@emotion/memoize
363 silly ADD node_modules/style-value-types
364 silly ADD node_modules/popmotion
365 silly ADD node_modules/hey-listen
366 silly ADD node_modules/framesync
367 silly ADD node_modules/@motionone/dom
368 silly ADD node_modules/@emotion/is-prop-valid
369 silly ADD node_modules/@floating-ui/utils
370 silly ADD node_modules/@floating-ui/core
371 silly ADD node_modules/@floating-ui/dom
372 silly ADD node_modules/tabbable
373 silly ADD node_modules/aria-hidden
374 silly ADD node_modules/@floating-ui/react-dom
375 silly ADD node_modules/tailwind-merge
376 silly ADD node_modules/material-ripple-effects
377 silly ADD node_modules/framer-motion
378 silly ADD node_modules/@floating-ui/react
379 silly ADD node_modules/@material-tailwind/react
380 silly ADD node_modules/@material-tailwind/react/node_modules/scheduler
381 silly ADD node_modules/@material-tailwind/react/node_modules/react-dom
382 silly ADD node_modules/@material-tailwind/react/node_modules/react
383 silly ADD node_modules/@material-tailwind/react/node_modules/deepmerge
384 silly ADD node_modules/@material-tailwind/react/node_modules/classnames
385 silly ADD
386 silly ADD
387 silly ADD
388 silly ADD
389 silly ADD
390 silly ADD
391 silly ADD
392 silly ADD
393 silly ADD
394 silly ADD
395 silly ADD
396 silly ADD
397 silly ADD
398 silly ADD
399 silly ADD
400 silly ADD
401 silly ADD
402 silly ADD
403 silly ADD
404 silly ADD
405 silly ADD
406 silly ADD
407 silly ADD
408 silly ADD
409 silly ADD
410 silly ADD
411 silly ADD
412 silly ADD
413 silly ADD
414 silly ADD
415 silly ADD
416 silly ADD
417 silly ADD
418 silly ADD
419 silly ADD
420 silly ADD
421 silly ADD
422 silly ADD
423 silly ADD
424 silly ADD
425 silly ADD
426 silly ADD
427 silly ADD
428 silly ADD
429 silly ADD
430 silly ADD
431 verbose cwd E:\lb-news
432 verbose os Windows_NT 10.0.19045
433 verbose node v22.14.0
434 verbose npm  v11.2.0
435 verbose exit 0
436 info ok
